<?xml version="1.0" encoding="utf-8"?><testsuites name="pytest tests"><testsuite name="pytest" errors="0" failures="0" skipped="0" tests="11" time="4.510" timestamp="2026-05-20T08:08:54.066987+00:00" hostname="agent-env-9918e38f-1f69-4fda-a603-62d6ea07706d"><testcase classname="backend.tests.test_batch1.TestSettings" name="test_public_settings_default_true" time="0.757" /><testcase classname="backend.tests.test_batch1.TestSettings" name="test_settings_get_auth_required" time="0.487" /><testcase classname="backend.tests.test_batch1.TestSettings" name="test_settings_patch_non_admin_forbidden" time="0.457" /><testcase classname="backend.tests.test_batch1.TestSettings" name="test_settings_patch_admin_and_public_reflects" time="0.387" /><testcase classname="backend.tests.test_batch1.TestAssignTask" name="test_assign_task_with_attachment_no_project" time="1.293" /><testcase classname="backend.tests.test_batch1.TestAssignTask" name="test_assign_task_with_project_publishes_doc" time="0.300" /><testcase classname="backend.tests.test_batch1.TestAssignProject" name="test_assign_project_to_intern" time="0.203" /><testcase classname="backend.tests.test_batch1.TestDMChannel" name="test_dm_find_or_create" time="0.231" /><testcase classname="backend.tests.test_batch1.TestRegression" name="test_verify_document_tristate" time="0.099" /><testcase classname="backend.tests.test_batch1.TestRegression" name="test_intern_docs_endpoint" time="0.101" /><testcase classname="backend.tests.test_batch1.TestRegression" name="test_members_directory" time="0.093" /></testsuite></testsuites>