<?xml version="1.0" encoding="utf-8"?><testsuites name="pytest tests"><testsuite name="pytest" errors="0" failures="0" skipped="0" tests="7" time="6.271" timestamp="2026-05-20T08:24:54.341356+00:00" hostname="agent-env-9918e38f-1f69-4fda-a603-62d6ea07706d"><testcase classname="backend.tests.test_batch23.TestBadgeCatalog" name="test_catalog_returns_8_items" time="0.517" /><testcase classname="backend.tests.test_batch23.TestAwardBadge" name="test_award_valid" time="0.147" /><testcase classname="backend.tests.test_batch23.TestAwardBadge" name="test_award_bad_slug" time="0.044" /><testcase classname="backend.tests.test_batch23.TestAwardBadge" name="test_award_forbidden_for_member" time="0.397" /><testcase classname="backend.tests.test_batch23.TestBadgeSuggestion" name="test_suggestion_returns_valid_slug" time="4.610" /><testcase classname="backend.tests.test_batch23.TestChannelPatch" name="test_patch_name_and_members" time="0.282" /><testcase classname="backend.tests.test_batch23.TestChatImageAttachment" name="test_send_inline_png" time="0.190" /></testsuite></testsuites>