<?xml version="1.0" encoding="utf-8"?><testsuites name="pytest tests"><testsuite name="pytest" errors="0" failures="0" skipped="0" tests="30" time="8.384" timestamp="2026-05-19T15:44:58.616586+00:00" hostname="agent-env-9918e38f-1f69-4fda-a603-62d6ea07706d"><testcase classname="backend.tests.test_extensions.TestProjects" name="test_unauth_projects_blocked" time="0.285" /><testcase classname="backend.tests.test_extensions.TestProjects" name="test_create_project" time="0.428" /><testcase classname="backend.tests.test_extensions.TestProjects" name="test_list_projects" time="0.066" /><testcase classname="backend.tests.test_extensions.TestProjects" name="test_get_project" time="0.068" /><testcase classname="backend.tests.test_extensions.TestProjects" name="test_patch_project_status_triggers_notification" time="0.208" /><testcase classname="backend.tests.test_extensions.TestProjects" name="test_analytics_summary" time="0.068" /><testcase classname="backend.tests.test_extensions.TestProjects" name="test_delete_project" time="0.135" /><testcase classname="backend.tests.test_extensions.TestDocuments" name="test_upload_document" time="0.071" /><testcase classname="backend.tests.test_extensions.TestDocuments" name="test_list_documents_excludes_content" time="0.064" /><testcase classname="backend.tests.test_extensions.TestDocuments" name="test_download_document" time="0.068" /><testcase classname="backend.tests.test_extensions.TestDocuments" name="test_add_comment" time="0.066" /><testcase classname="backend.tests.test_extensions.TestDocuments" name="test_delete_document" time="0.075" /><testcase classname="backend.tests.test_extensions.TestChat" name="test_create_channel" time="0.075" /><testcase classname="backend.tests.test_extensions.TestChat" name="test_list_channels" time="0.076" /><testcase classname="backend.tests.test_extensions.TestChat" name="test_send_text_message" time="0.068" /><testcase classname="backend.tests.test_extensions.TestChat" name="test_send_attachment" time="0.069" /><testcase classname="backend.tests.test_extensions.TestChat" name="test_list_messages" time="0.078" /><testcase classname="backend.tests.test_extensions.TestChat" name="test_empty_message_rejected" time="0.064" /><testcase classname="backend.tests.test_extensions.TestChat" name="test_delete_channel" time="0.066" /><testcase classname="backend.tests.test_extensions.TestNotifications" name="test_list_notifications" time="0.067" /><testcase classname="backend.tests.test_extensions.TestNotifications" name="test_read_all" time="0.149" /><testcase classname="backend.tests.test_extensions.TestNotifications" name="test_read_single" time="0.269" /><testcase classname="backend.tests.test_extensions.TestInterns" name="test_create_intern" time="0.074" /><testcase classname="backend.tests.test_extensions.TestInterns" name="test_create_intern_task" time="0.293" /><testcase classname="backend.tests.test_extensions.TestInterns" name="test_complete_task_awards_badge" time="0.202" /><testcase classname="backend.tests.test_extensions.TestInterns" name="test_certificate_pdf" time="0.282" /><testcase classname="backend.tests.test_extensions.TestInterns" name="test_cleanup_intern" time="0.066" /><testcase classname="backend.tests.test_extensions.TestAI" name="test_create_session" time="0.071" /><testcase classname="backend.tests.test_extensions.TestAI" name="test_send_and_receive" time="4.540" /><testcase classname="backend.tests.test_extensions.TestAI" name="test_cleanup_session" time="0.079" /></testsuite></testsuites>