<?xml version="1.0" encoding="utf-8"?><testsuites name="pytest tests"><testsuite name="pytest" errors="0" failures="0" skipped="0" tests="20" time="12.728" timestamp="2026-06-13T08:40:24.685100+00:00" hostname="agent-env-9918e38f-1f69-4fda-a603-62d6ea07706d"><testcase classname="backend.tests.test_iter40_phase_d_clients.TestClientsCRUD" name="test_create_client_returns_201_and_blank_email_coerces_to_none" time="0.588" /><testcase classname="backend.tests.test_iter40_phase_d_clients.TestClientsCRUD" name="test_list_clients_newest_first_with_project_count" time="0.093" /><testcase classname="backend.tests.test_iter40_phase_d_clients.TestClientsCRUD" name="test_search_q_filters_by_name" time="0.096" /><testcase classname="backend.tests.test_iter40_phase_d_clients.TestProjects" name="test_create_project_404_for_unknown_client" time="0.093" /><testcase classname="backend.tests.test_iter40_phase_d_clients.TestProjects" name="test_create_project_400_invalid_status" time="0.092" /><testcase classname="backend.tests.test_iter40_phase_d_clients.TestProjects" name="test_create_projects_usd_and_inr_for_summary" time="0.331" /><testcase classname="backend.tests.test_iter40_phase_d_clients.TestPaymentsAndSummary" name="test_payment_amount_le_zero_returns_422" time="0.095" /><testcase classname="backend.tests.test_iter40_phase_d_clients.TestPaymentsAndSummary" name="test_payment_unknown_pid_404" time="0.098" /><testcase classname="backend.tests.test_iter40_phase_d_clients.TestPaymentsAndSummary" name="test_log_payments_usd_and_inr" time="0.341" /><testcase classname="backend.tests.test_iter40_phase_d_clients.TestPaymentsAndSummary" name="test_multi_currency_summary" time="0.102" /><testcase classname="backend.tests.test_iter40_phase_d_clients.TestDrawerEndpoints" name="test_get_client_inline_projects_and_summary" time="0.090" /><testcase classname="backend.tests.test_iter40_phase_d_clients.TestDrawerEndpoints" name="test_get_project_inline_payments" time="0.100" /><testcase classname="backend.tests.test_iter40_phase_d_clients.TestRBAC" name="test_intern_403_on_list_clients" time="0.415" /><testcase classname="backend.tests.test_iter40_phase_d_clients.TestRBAC" name="test_intern_403_on_create_client" time="0.092" /><testcase classname="backend.tests.test_iter40_phase_d_clients.TestRBAC" name="test_intern_403_on_get_client" time="0.092" /><testcase classname="backend.tests.test_iter40_phase_d_clients.TestRBAC" name="test_intern_403_on_create_project" time="0.095" /><testcase classname="backend.tests.test_iter40_phase_d_clients.TestRBAC" name="test_intern_403_on_add_payment" time="0.089" /><testcase classname="backend.tests.test_iter40_phase_d_clients.TestCSEmail" name="test_cs_email_full_structure" time="8.837" /><testcase classname="backend.tests.test_iter40_phase_d_clients.TestProjectDelete" name="test_delete_project_cascades_payments" time="0.213" /><testcase classname="backend.tests.test_iter40_phase_d_clients.TestCascadeDelete" name="test_delete_client_cascades" time="0.708" /></testsuite></testsuites>