<?xml version="1.0" encoding="utf-8"?><testsuites name="pytest tests"><testsuite name="pytest" errors="0" failures="0" skipped="0" tests="22" time="46.523" timestamp="2026-07-28T08:12:31.644973+00:00" hostname="agent-env-9918e38f-1f69-4fda-a603-62d6ea07706d"><testcase classname="backend.tests.test_iter78_doc_studio" name="test_status" time="0.637" /><testcase classname="backend.tests.test_iter78_doc_studio" name="test_status_requires_auth" time="0.098" /><testcase classname="backend.tests.test_iter78_doc_studio" name="test_analyze_missing_description" time="0.098" /><testcase classname="backend.tests.test_iter78_doc_studio" name="test_analyze_manual" time="0.106" /><testcase classname="backend.tests.test_iter78_doc_studio" name="test_analyze_ai" time="41.024" /><testcase classname="backend.tests.test_iter78_doc_studio" name="test_generate_template[sdd]" time="0.165" /><testcase classname="backend.tests.test_iter78_doc_studio" name="test_generate_template[plan]" time="0.131" /><testcase classname="backend.tests.test_iter78_doc_studio" name="test_generate_template[srs]" time="0.098" /><testcase classname="backend.tests.test_iter78_doc_studio" name="test_generate_invalid_kind" time="0.094" /><testcase classname="backend.tests.test_iter78_doc_studio" name="test_job_persists_docs" time="0.093" /><testcase classname="backend.tests.test_iter78_doc_studio" name="test_update_structure" time="0.321" /><testcase classname="backend.tests.test_iter78_doc_studio" name="test_save_manual_doc_edit" time="0.196" /><testcase classname="backend.tests.test_iter78_doc_studio" name="test_save_doc_empty_rejected" time="0.098" /><testcase classname="backend.tests.test_iter78_doc_studio" name="test_pdf_download" time="0.893" /><testcase classname="backend.tests.test_iter78_doc_studio" name="test_save_to_documents" time="0.419" /><testcase classname="backend.tests.test_iter78_doc_studio" name="test_extract_text_txt" time="0.100" /><testcase classname="backend.tests.test_iter78_doc_studio" name="test_job_isolation_intern_cannot_access_admin_job" time="0.450" /><testcase classname="backend.tests.test_iter78_doc_studio" name="test_jobs_list_owner_scoped" time="0.106" /><testcase classname="backend.tests.test_iter78_doc_studio" name="test_intern_can_analyze" time="0.294" /><testcase classname="backend.tests.test_iter78_doc_studio" name="test_member_can_analyze" time="0.532" /><testcase classname="backend.tests.test_iter78_doc_studio" name="test_delete_job" time="0.197" /><testcase classname="backend.tests.test_iter78_doc_studio" name="test_delete_nonexistent" time="0.098" /></testsuite></testsuites>