<?xml version="1.0" encoding="utf-8"?><testsuites name="pytest tests"><testsuite name="pytest" errors="0" failures="0" skipped="0" tests="25" time="10.810" timestamp="2026-05-25T07:28:45.983568+00:00" hostname="agent-env-9918e38f-1f69-4fda-a603-62d6ea07706d"><testcase classname="backend.tests.test_iter28_phase12.TestRbacRoles" name="test_roles_exactly_seven_assignable" time="0.553" /><testcase classname="backend.tests.test_iter28_phase12.TestRbacRoles" name="test_roles_accessible_to_non_super" time="0.375" /><testcase classname="backend.tests.test_iter28_phase12.TestRbacAdmins" name="test_list_admins_has_new_fields" time="0.057" /><testcase classname="backend.tests.test_iter28_phase12.TestRbacAdmins" name="test_list_admins_forbidden_for_non_super" time="0.421" /><testcase classname="backend.tests.test_iter28_phase12.TestRbacAdmins" name="test_create_developer_with_reporting_manager" time="0.374" /><testcase classname="backend.tests.test_iter28_phase12.TestRbacAdmins" name="test_create_all_assignable_roles[qa]" time="0.329" /><testcase classname="backend.tests.test_iter28_phase12.TestRbacAdmins" name="test_create_all_assignable_roles[cloud_admin]" time="0.323" /><testcase classname="backend.tests.test_iter28_phase12.TestRbacAdmins" name="test_create_all_assignable_roles[hr]" time="0.322" /><testcase classname="backend.tests.test_iter28_phase12.TestRbacAdmins" name="test_create_all_assignable_roles[manager]" time="0.320" /><testcase classname="backend.tests.test_iter28_phase12.TestRbacAdmins" name="test_create_all_assignable_roles[intern]" time="0.698" /><testcase classname="backend.tests.test_iter28_phase12.TestRbacAdmins" name="test_create_all_assignable_roles[admin]" time="0.318" /><testcase classname="backend.tests.test_iter28_phase12.TestRbacAdmins" name="test_create_invalid_role" time="0.046" /><testcase classname="backend.tests.test_iter28_phase12.TestRbacAdmins" name="test_patch_reporting_manager_updates_email_name" time="0.412" /><testcase classname="backend.tests.test_iter28_phase12.TestTasksBugFix" name="test_intern_sees_assigned_task" time="0.414" /><testcase classname="backend.tests.test_iter28_phase12.TestTasksBugFix" name="test_admin_sees_owned_task" time="0.224" /><testcase classname="backend.tests.test_iter28_phase12.TestTasksBugFix" name="test_create_task_by_email_resolves" time="0.411" /><testcase classname="backend.tests.test_iter28_phase12.TestTasksBugFix" name="test_manager_sees_tasks_when_set_as_reporting_manager" time="0.465" /><testcase classname="backend.tests.test_iter28_phase12.TestTaskPermissions" name="test_intern_can_patch_own_assigned_task" time="0.410" /><testcase classname="backend.tests.test_iter28_phase12.TestTaskPermissions" name="test_intern_cannot_delete_non_owned" time="0.443" /><testcase classname="backend.tests.test_iter28_phase12.TestTaskPermissions" name="test_admin_can_delete" time="0.428" /><testcase classname="backend.tests.test_iter28_phase12.TestInterns" name="test_hr_sees_all_interns" time="0.412" /><testcase classname="backend.tests.test_iter28_phase12.TestInterns" name="test_admin_sees_all_interns" time="0.048" /><testcase classname="backend.tests.test_iter28_phase12.TestInterns" name="test_create_intern_records_creator" time="0.099" /><testcase classname="backend.tests.test_iter28_phase12.TestInterns" name="test_hr_can_patch_any_intern" time="0.156" /><testcase classname="backend.tests.test_iter28_phase12.TestCcNotifications" name="test_cc_to_manager_creates_fyi_for_manager" time="2.639" /></testsuite></testsuites>