<?xml version="1.0" encoding="utf-8"?><testsuites name="pytest tests"><testsuite name="pytest" errors="0" failures="0" skipped="0" tests="40" time="6.377" timestamp="2026-07-03T10:50:17.949830+00:00" hostname="agent-env-9918e38f-1f69-4fda-a603-62d6ea07706d"><testcase classname="tests.test_cdn_migration_iter60.TestBackendSourceNoCdn" name="test_backend_python_zero_cdn_refs_excluding_tests" time="0.010" /><testcase classname="tests.test_cdn_migration_iter60.TestFrontendHtmlNoCdn" name="test_route_has_no_cdn_refs[/]" time="0.153" /><testcase classname="tests.test_cdn_migration_iter60.TestFrontendHtmlNoCdn" name="test_route_has_no_cdn_refs[/login]" time="0.057" /><testcase classname="tests.test_cdn_migration_iter60.TestFrontendHtmlNoCdn" name="test_route_has_no_cdn_refs[/blog]" time="0.056" /><testcase classname="tests.test_cdn_migration_iter60.TestFrontendHtmlNoCdn" name="test_route_has_no_cdn_refs[/about]" time="0.060" /><testcase classname="tests.test_cdn_migration_iter60.TestFrontendHtmlNoCdn" name="test_route_has_no_cdn_refs[/contact]" time="0.051" /><testcase classname="tests.test_cdn_migration_iter60.TestFrontendHtmlNoCdn" name="test_route_has_no_cdn_refs[/services]" time="0.058" /><testcase classname="tests.test_cdn_migration_iter60.TestFrontendHtmlNoCdn" name="test_index_html_og_image_local" time="0.056" /><testcase classname="tests.test_cdn_migration_iter60.TestFrontendHtmlNoCdn" name="test_index_html_twitter_image_local" time="0.055" /><testcase classname="tests.test_cdn_migration_iter60.TestFrontendHtmlNoCdn" name="test_index_html_jsonld_logo_local" time="0.053" /><testcase classname="tests.test_cdn_migration_iter60.TestFrontendHtmlNoCdn" name="test_no_dns_prefetch_for_cdn" time="0.053" /><testcase classname="tests.test_cdn_migration_iter60.TestFrontendBundleNoCdn" name="test_bundle_has_at_most_one_cdn_ref" time="0.441" /><testcase classname="tests.test_cdn_migration_iter60.TestEmailModuleLogo" name="test_logo_url_absolute_and_local" time="0.173" /><testcase classname="tests.test_cdn_migration_iter60.TestBackendLogoHelpers" name="test_finance_helper" time="0.009" /><testcase classname="tests.test_cdn_migration_iter60.TestBackendLogoHelpers" name="test_xino_ai_helper" time="0.000" /><testcase classname="tests.test_cdn_migration_iter60.TestBackendLogoHelpers" name="test_extensions_has_no_cdn" time="0.000" /><testcase classname="tests.test_cdn_migration_iter60.TestStaticAssetsReachable" name="test_asset_serves[/projexino-logo.png-20480-image/png]" time="0.046" /><testcase classname="tests.test_cdn_migration_iter60.TestStaticAssetsReachable" name="test_asset_serves[/projexino-icon-192.png-5120-image/png]" time="0.046" /><testcase classname="tests.test_cdn_migration_iter60.TestStaticAssetsReachable" name="test_asset_serves[/projexino-icon-512.png-20480-image/png]" time="0.050" /><testcase classname="tests.test_cdn_migration_iter60.TestStaticAssetsReachable" name="test_asset_serves[/projexino-favicon-32.png-100-image/png]" time="0.058" /><testcase classname="tests.test_cdn_migration_iter60.TestStaticAssetsReachable" name="test_asset_serves[/manifest.json-100-application/json]" time="0.058" /><testcase classname="tests.test_cdn_migration_iter60.TestFinanceInvoicePdf" name="test_first_invoice_pdf_has_logo" time="0.378" /><testcase classname="tests.test_cdn_migration_iter60.TestContractAndHrLetterPdfRegression" name="test_contract_pdf_size_and_images" time="0.741" /><testcase classname="tests.test_cdn_migration_iter60.TestContractAndHrLetterPdfRegression" name="test_hr_letter_pdf_size_and_images" time="0.323" /><testcase classname="tests.test_cdn_migration_iter60.TestHrLettersSingleton" name="test_singleton_still_local" time="0.058" /><testcase classname="tests.test_pdf_logo_iter59.TestEnv" name="test_public_frontend_url_in_backend_env" time="0.000" /><testcase classname="tests.test_pdf_logo_iter59.TestSingletonPreserved" name="test_logo_url_is_local_path" time="0.373" /><testcase classname="tests.test_pdf_logo_iter59.TestContractPdfLogoRestored" name="test_contract_pdf_size_and_images" time="0.349" /><testcase classname="tests.test_pdf_logo_iter59.TestContractPdfLogoRestored" name="test_contract_pdf_text" time="0.401" /><testcase classname="tests.test_pdf_logo_iter59.TestHrLetterPdfLogoRestored" name="test_hr_letter_pdf_size_and_images" time="0.308" /><testcase classname="tests.test_pdf_logo_iter59.TestHrLetterPdfLogoRestored" name="test_hr_letter_pdf_text" time="0.378" /><testcase classname="tests.test_pdf_logo_iter59.TestNewHrLetterHasLogo" name="test_create_patch_and_pdf_have_logo" time="0.434" /><testcase classname="tests.test_static_assets_iter57.TestStaticAssets" name="test_logo_png_serves_ok" time="0.095" /><testcase classname="tests.test_static_assets_iter57.TestStaticAssets" name="test_icon_192_serves_ok" time="0.041" /><testcase classname="tests.test_static_assets_iter57.TestStaticAssets" name="test_icon_512_serves_ok" time="0.048" /><testcase classname="tests.test_static_assets_iter57.TestStaticAssets" name="test_favicon_serves_ok" time="0.045" /><testcase classname="tests.test_static_assets_iter57.TestStaticAssets" name="test_manifest_valid_and_points_to_local_icons" time="0.044" /><testcase classname="tests.test_static_assets_iter57.TestIndexHtml" name="test_favicon_and_apple_touch_icon_are_local" time="0.047" /><testcase classname="tests.test_static_assets_iter57.TestIndexHtml" name="test_manifest_link_present" time="0.042" /><testcase classname="tests.test_static_assets_iter57.TestContractPdfUnaffected" name="test_pdf_still_generates" time="0.609" /></testsuite></testsuites>