<?xml version="1.0" encoding="utf-8"?><testsuites name="pytest tests"><testsuite name="pytest" errors="0" failures="0" skipped="0" tests="10" time="10.755" timestamp="2026-06-14T14:43:54.208700+00:00" hostname="agent-env-9918e38f-1f69-4fda-a603-62d6ea07706d"><testcase classname="backend.tests.test_iter43_cs_email_eng.TestCSEmailDraft" name="test_save_draft" time="0.550" /><testcase classname="backend.tests.test_iter43_cs_email_eng.TestCSEmailDraft" name="test_get_draft_persisted" time="0.114" /><testcase classname="backend.tests.test_iter43_cs_email_eng.TestCSEmailDraft" name="test_delete_draft" time="0.203" /><testcase classname="backend.tests.test_iter43_cs_email_eng.TestLinkedProjects" name="test_tasks_endpoint" time="0.218" /><testcase classname="backend.tests.test_iter43_cs_email_eng.TestLinkedProjects" name="test_tasks_unlinked_project_404" time="0.110" /><testcase classname="backend.tests.test_iter43_cs_email_eng.TestAISummary" name="test_ai_summary" time="6.969" /><testcase classname="backend.tests.test_iter43_cs_email_eng.TestProjectStatusRBAC" name="test_manager_can_update_status" time="0.459" /><testcase classname="backend.tests.test_iter43_cs_email_eng.TestProjectStatusRBAC" name="test_manager_cannot_edit_name" time="0.422" /><testcase classname="backend.tests.test_iter43_cs_email_eng.TestProjectStatusRBAC" name="test_intern_assigned_can_update_status" time="1.002" /><testcase classname="backend.tests.test_iter43_cs_email_eng.TestProjectStatusRBAC" name="test_intern_assigned_cannot_edit_name" time="0.626" /></testsuite></testsuites>