<?xml version="1.0" encoding="utf-8"?><testsuites name="pytest tests"><testsuite name="pytest" errors="0" failures="0" skipped="0" tests="17" time="7.446" timestamp="2026-07-01T19:36:18.839186+00:00" hostname="agent-env-9918e38f-1f69-4fda-a603-62d6ea07706d"><testcase classname="backend.tests.test_hr_letters_iter53.TestCRUD" name="test_list" time="0.899" /><testcase classname="backend.tests.test_hr_letters_iter53.TestCRUD" name="test_get_one" time="0.119" /><testcase classname="backend.tests.test_hr_letters_iter53.TestCRUD" name="test_patch_body" time="0.367" /><testcase classname="backend.tests.test_hr_letters_iter53.TestCRUD" name="test_pdf_render_with_logo" time="0.579" /><testcase classname="backend.tests.test_hr_letters_iter53.TestSignToken" name="test_issue_token" time="0.105" /><testcase classname="backend.tests.test_hr_letters_iter53.TestSignToken" name="test_public_get_ok" time="0.236" /><testcase classname="backend.tests.test_hr_letters_iter53.TestSignToken" name="test_public_post_persists_signature_and_marks_used" time="0.667" /><testcase classname="backend.tests.test_hr_letters_iter53.TestSignToken" name="test_invalid_token_404" time="0.240" /><testcase classname="backend.tests.test_hr_letters_iter53.TestSignToken" name="test_invalid_signature_payload_400" time="0.271" /><testcase classname="backend.tests.test_hr_letters_iter53.TestAuth" name="test_requires_auth" time="0.106" /><testcase classname="backend.tests.test_hr_letters_iter53.TestAuth" name="test_delete" time="0.437" /><testcase classname="backend.tests.test_hr_letters_iter54.TestCompanyProfile" name="test_get_profile_returns_singleton" time="0.473" /><testcase classname="backend.tests.test_hr_letters_iter54.TestCompanyProfile" name="test_put_profile_persists" time="0.219" /><testcase classname="backend.tests.test_hr_letters_iter54.TestCompanyProfile" name="test_intern_put_forbidden" time="0.505" /><testcase classname="backend.tests.test_hr_letters_iter54.TestCompanyProfile" name="test_pdf_reflects_profile" time="0.746" /><testcase classname="backend.tests.test_hr_letters_iter54.TestRegression" name="test_list_letters_still_works" time="0.150" /><testcase classname="backend.tests.test_hr_letters_iter54.TestRegression" name="test_sign_token_flow" time="0.699" /></testsuite></testsuites>