<?xml version="1.0" encoding="utf-8"?><testsuites name="pytest tests"><testsuite name="pytest" errors="0" failures="0" skipped="0" tests="15" time="3.414" timestamp="2026-07-21T09:06:04.137818+00:00" hostname="agent-env-9918e38f-1f69-4fda-a603-62d6ea07706d"><testcase classname="backend.tests.test_iter77_careers_ats.TestCareersSettings" name="test_settings_requires_auth" time="0.153" /><testcase classname="backend.tests.test_iter77_careers_ats.TestCareersSettings" name="test_settings_put_requires_auth" time="0.107" /><testcase classname="backend.tests.test_iter77_careers_ats.TestCareersSettings" name="test_put_valid_email_persists" time="0.531" /><testcase classname="backend.tests.test_iter77_careers_ats.TestCareersSettings" name="test_put_invalid_email_rejected" time="0.100" /><testcase classname="backend.tests.test_iter77_careers_ats.TestCareersSettings" name="test_put_blank_allowed" time="0.241" /><testcase classname="backend.tests.test_iter77_careers_ats.TestApplyFlow" name="test_apply_invalid_email" time="0.242" /><testcase classname="backend.tests.test_iter77_careers_ats.TestApplyFlow" name="test_apply_success_and_duplicate" time="0.955" /><testcase classname="backend.tests.test_iter77_careers_ats.TestApplyFlow" name="test_apply_unknown_slug" time="0.104" /><testcase classname="backend.tests.test_iter77_careers_ats.TestApplyFlow" name="test_apply_invalid_resume_b64" time="0.103" /><testcase classname="backend.tests.test_iter77_careers_ats.TestApplicationsAdmin" name="test_list_requires_auth" time="0.107" /><testcase classname="backend.tests.test_iter77_careers_ats.TestApplicationsAdmin" name="test_list_no_resume_b64" time="0.096" /><testcase classname="backend.tests.test_iter77_careers_ats.TestApplicationsAdmin" name="test_patch_status_valid" time="0.097" /><testcase classname="backend.tests.test_iter77_careers_ats.TestApplicationsAdmin" name="test_patch_status_invalid" time="0.101" /><testcase classname="backend.tests.test_iter77_careers_ats.TestApplicationsAdmin" name="test_get_resume_download" time="0.103" /><testcase classname="backend.tests.test_iter77_careers_ats.TestApplicationsAdmin" name="test_jobs_admin_has_application_count" time="0.098" /></testsuite></testsuites>