<?xml version="1.0" encoding="utf-8"?><testsuites name="pytest tests"><testsuite name="pytest" errors="0" failures="1" skipped="0" tests="36" time="24.417" timestamp="2026-05-20T13:12:23.783247+00:00" hostname="agent-env-9918e38f-1f69-4fda-a603-62d6ea07706d"><testcase classname="backend.tests.test_iter15_presence_email.TestCallsRemoved" name="test_calls_create_404" time="1.378" /><testcase classname="backend.tests.test_iter15_presence_email.TestCallsRemoved" name="test_calls_incoming_404" time="0.050" /><testcase classname="backend.tests.test_iter15_presence_email.TestCallsRemoved" name="test_calls_id_404" time="0.050" /><testcase classname="backend.tests.test_iter15_presence_email.TestAuthEvents" name="test_login_creates_event" time="0.404" /><testcase classname="backend.tests.test_iter15_presence_email.TestAuthEvents" name="test_logout_creates_event" time="0.965" /><testcase classname="backend.tests.test_iter15_presence_email.TestAuthEvents" name="test_auth_events_team_member_403" time="0.443" /><testcase classname="backend.tests.test_iter15_presence_email.TestAuthEvents" name="test_auth_events_summary_day" time="0.050" /><testcase classname="backend.tests.test_iter15_presence_email.TestAuthEvents" name="test_auth_events_summary_month" time="0.048" /><testcase classname="backend.tests.test_iter15_presence_email.TestPresence" name="test_heartbeat_returns_online" time="0.086" /><testcase classname="backend.tests.test_iter15_presence_email.TestPresence" name="test_status_online_ok" time="0.078" /><testcase classname="backend.tests.test_iter15_presence_email.TestPresence" name="test_status_on_break_ok" time="0.075" /><testcase classname="backend.tests.test_iter15_presence_email.TestPresence" name="test_status_bad_rejected[offline]" time="0.078" /><testcase classname="backend.tests.test_iter15_presence_email.TestPresence" name="test_status_bad_rejected[working]" time="0.081" /><testcase classname="backend.tests.test_iter15_presence_email.TestPresence" name="test_status_bad_rejected[available]" time="0.073" /><testcase classname="backend.tests.test_iter15_presence_email.TestPresence" name="test_status_bad_rejected[OOO]" time="0.088" /><testcase classname="backend.tests.test_iter15_presence_email.TestPresence" name="test_status_bad_rejected[]" time="0.075" /><testcase classname="backend.tests.test_iter15_presence_email.TestPresence" name="test_presence_me_has_allowed_statuses" time="0.417" /><testcase classname="backend.tests.test_iter15_presence_email.TestPresence" name="test_presence_notice_ack_persists" time="0.474" /><testcase classname="backend.tests.test_iter15_presence_email.TestPresence" name="test_admin_presence_list" time="0.132" /><testcase classname="backend.tests.test_iter15_presence_email.TestPresence" name="test_admin_presence_manager_allowed" time="0.054" /><testcase classname="backend.tests.test_iter15_presence_email.TestPresence" name="test_admin_presence_hr_allowed" time="0.059" /><testcase classname="backend.tests.test_iter15_presence_email.TestPresence" name="test_admin_presence_member_403" time="0.077" /><testcase classname="backend.tests.test_iter15_presence_email.TestPresence" name="test_admin_presence_intern_403" time="0.456" /><testcase classname="backend.tests.test_iter15_presence_email.TestPresence" name="test_admin_presence_stats" time="0.057" /><testcase classname="backend.tests.test_iter15_presence_email.TestPresence" name="test_admin_presence_hours_admin_only" time="0.110"><failure message="assert 200 == 403&#10; +  where 200 = &lt;Response [200]&gt;.status_code">backend/tests/test_iter15_presence_email.py:240: in test_admin_presence_hours_admin_only
    assert r2.status_code == 403
E   assert 200 == 403
E    +  where 200 = &lt;Response [200]&gt;.status_code</failure></testcase><testcase classname="backend.tests.test_iter15_presence_email.TestEmailCampaigns" name="test_create_draft_with_manual_email" time="0.046" /><testcase classname="backend.tests.test_iter15_presence_email.TestEmailCampaigns" name="test_list_and_get" time="0.093" /><testcase classname="backend.tests.test_iter15_presence_email.TestEmailCampaigns" name="test_no_recipients_400" time="0.468" /><testcase classname="backend.tests.test_iter15_presence_email.TestEmailCampaigns" name="test_include_all_employees" time="0.054" /><testcase classname="backend.tests.test_iter15_presence_email.TestEmailCampaigns" name="test_include_all_clients_no_error" time="0.154" /><testcase classname="backend.tests.test_iter15_presence_email.TestEmailCampaigns" name="test_intern_forbidden" time="0.115" /><testcase classname="backend.tests.test_iter15_presence_email.TestEmailCampaigns" name="test_scheduled_future" time="0.062" /><testcase classname="backend.tests.test_iter15_presence_email.TestEmailCampaigns" name="test_scheduled_invalid_400" time="0.849" /><testcase classname="backend.tests.test_iter15_presence_email.TestEmailCampaigns" name="test_send_immediate_no_gmail_marks_failed" time="0.648" /><testcase classname="backend.tests.test_iter15_presence_email.TestEmailCampaigns" name="test_ai_draft_returns_subject_body" time="14.159" /><testcase classname="backend.tests.test_iter15_presence_email.TestEmailCampaigns" name="test_delete_campaigns_cleanup" time="1.684" /></testsuite></testsuites>