<?xml version="1.0" encoding="utf-8"?><testsuites name="pytest tests"><testsuite name="pytest" errors="0" failures="0" skipped="0" tests="4" time="1.044" timestamp="2026-06-15T15:01:23.123824+00:00" hostname="agent-env-9918e38f-1f69-4fda-a603-62d6ea07706d"><testcase classname="backend.tests.test_iter48_cs_blocks_cta.TestCSEmailBlocksSave" name="test_save_with_blocks_and_cta" time="0.658" /><testcase classname="backend.tests.test_iter48_cs_blocks_cta.TestCSEmailBlocksSave" name="test_get_returns_persisted_blocks" time="0.052" /><testcase classname="backend.tests.test_iter48_cs_blocks_cta.TestCSEmailBlocksSave" name="test_save_with_custom_cta_url" time="0.111" /><testcase classname="backend.tests.test_iter48_cs_blocks_cta.TestCSEmailBlocksSave" name="test_delete_draft" time="0.160" /></testsuite></testsuites>