<?xml version="1.0" encoding="utf-8"?><testsuites name="pytest tests"><testsuite name="pytest" errors="0" failures="0" skipped="0" tests="3" time="1.764" timestamp="2026-07-03T10:27:18.904309+00:00" hostname="agent-env-9918e38f-1f69-4fda-a603-62d6ea07706d"><testcase classname="backend.tests.test_hr_letters_logo_iter58.TestSingletonMigrated" name="test_company_profile_logo_url_is_local_path" time="0.462" /><testcase classname="backend.tests.test_hr_letters_logo_iter58.TestBackendPdfRegression" name="test_contract_pdf_logo_missing" time="0.966" /><testcase classname="backend.tests.test_hr_letters_logo_iter58.TestBackendPdfRegression" name="test_hr_letter_pdf_logo_missing" time="0.263" /></testsuite></testsuites>