<?xml version="1.0" encoding="utf-8"?><testsuites name="pytest tests"><testsuite name="pytest" errors="0" failures="3" skipped="0" tests="20" time="2.667" timestamp="2026-05-20T09:35:09.127466+00:00" hostname="agent-env-9918e38f-1f69-4fda-a603-62d6ea07706d"><testcase classname="backend.tests.test_issues_and_cert.TestIssues" name="test_create_issue_admin" time="0.488" /><testcase classname="backend.tests.test_issues_and_cert.TestIssues" name="test_list_issues_admin" time="0.044" /><testcase classname="backend.tests.test_issues_and_cert.TestIssues" name="test_list_issues_filter_status" time="0.047" /><testcase classname="backend.tests.test_issues_and_cert.TestIssues" name="test_list_issues_filter_type" time="0.077" /><testcase classname="backend.tests.test_issues_and_cert.TestIssues" name="test_get_issue_full" time="0.046" /><testcase classname="backend.tests.test_issues_and_cert.TestIssues" name="test_patch_status_admin" time="0.094" /><testcase classname="backend.tests.test_issues_and_cert.TestIssues" name="test_member_cannot_patch_when_not_assignee" time="0.464"><failure message="AssertionError: expected 403 for non-assignee, got 404: {&quot;detail&quot;:&quot;Issue not found&quot;}&#10;assert 404 == 403&#10; +  where 404 = &lt;Response [404]&gt;.status_code">backend/tests/test_issues_and_cert.py:132: in test_member_cannot_patch_when_not_assignee
    assert r.status_code == 403, f"expected 403 for non-assignee, got {r.status_code}: {r.text}"
E   AssertionError: expected 403 for non-assignee, got 404: {"detail":"Issue not found"}
E   assert 404 == 403
E    +  where 404 = &lt;Response [404]&gt;.status_code</failure></testcase><testcase classname="backend.tests.test_issues_and_cert.TestIssues" name="test_add_comment" time="0.087" /><testcase classname="backend.tests.test_issues_and_cert.TestIssues" name="test_comment_by_member" time="0.048"><failure message="AssertionError: {&quot;detail&quot;:&quot;Issue not found&quot;}&#10;assert 404 == 200&#10; +  where 404 = &lt;Response [404]&gt;.status_code">backend/tests/test_issues_and_cert.py:152: in test_comment_by_member
    assert r.status_code == 200, r.text
E   AssertionError: {"detail":"Issue not found"}
E   assert 404 == 200
E    +  where 404 = &lt;Response [404]&gt;.status_code</failure></testcase><testcase classname="backend.tests.test_issues_and_cert.TestIssues" name="test_delete_non_admin_forbidden" time="0.046" /><testcase classname="backend.tests.test_issues_and_cert.TestIssues" name="test_delete_admin_ok" time="0.091" /><testcase classname="backend.tests.test_issues_and_cert.TestCertificate" name="test_intern_certificate_pdf" time="0.671"><failure message="AssertionError: Missing 'DIGITALLY ISSUED CERTIFICATE'&#10;assert None&#10; +  where None = &lt;function search at 0xfb5a08b7d440&gt;('DIGITALLY\\s*ISSUED\\s*CERTIFICATE', '%PDF-1.4\n%\x93\x8c\x8b\x9e ReportLab Generated PDF document (opensource)\n1 0 obj\n&lt;&lt;\n/F1 2 0 R /F2 5 0 R /F3 6 0 R /F4 7 0 R /F5 8 0 R\n&gt;&gt;\nendobj\n2 0 obj\n&lt;&lt;\n/BaseFont /Helvetica /Encoding /WinAnsiEncoding /Name /F1 /Subtype /Type1 /Type /Font\n&gt;&gt;\nendobj\n3 0 obj\n&lt;&lt;\n/BitsPerComponent 8 /ColorSpace /DeviceRGB /Filter [ /ASCII85Decode /FlateDecode ] /Height 358 /Length 41326 /SMask 4 0 R \n  /Subtype /Image /Type /XObject /Width 768\n&gt;&gt;\nstream\nGb&quot;-6&gt;B:caRd^282EG#.Viil[$^nGVE=5-D&quot;#c,n,p-MuD?s_cD&lt;,@L*UMbPH&amp;ZZs!N,+TBk)t0T+A.Zp,CW*Z_o274i&gt;Cj6cZp2M`65.c1Ut8I\'Qd9\\PB[j/$l6$r?HcRO]&lt;l2X^&amp;CHs89\'5XYok*lZ3&amp;V)Aq2Cp4)P%qVh/r\'Hd?Snb8)!J,-]H\'R(J&gt;T=:\\Q%]o=c_#OH8!!&quot;&amp;1`UuTqrb4qH6iVO`CD-IKz]7A;*2r&quot;1aph7Y0s,d5J&gt;(370#mLA0!!)3opce`Y!!(YeAGdNI5!f2Rq?I!#!!\'W]N;o*,5gV^q!!!#OQ\'hO]oFCp%!!%1(cp%L1!!(YeACgch$&amp;&amp;\'qzltQV$O-2c(Hs.-glQ60.!!$DN@\'9M3rs&amp;N(!!\'VOa8QmHpn.TTDkVX\\!!!#\')h@qj!!!&quot;L]gc6+I.H\'&quot;rpCmLg&amp;Ic;2MhA6!!!#7/n/SkNIUcSA,lJ-\'k1RJ8]M&amp;p(7blZ^OlF!zYWEt-_shrtdfTRMzzzzzzz!!&amp;Z?HD[\'n0)Tgdq&lt;&gt;WTX#&amp;&quot;I\'?BR#+2(7mahZ+M*JY-+FWhV&amp;!!!#O;in@\'IcTM&lt;o,f^u5P[2lG2t5aAF\\[3_V3B9MH&lt;&lt;D?Y#_V=M6q&gt;n.LSMl(@odo%EaaT/2m\\nRMD@V.t*dIHL/LFKSq:$NU5-!2)-&amp;%]kcoR6C;*P/`p9VI0+3lK%i+cb)=nZWbH]O_u&lt;k`L9:\'*g/I[In.jGr=G*...Co9O5E54.55B*&lt;bg\\i[Y[.%*jX$r]dXatRR*BZ)Rq&lt;_VmeZ0%2\'f_1&quot;H;[J+jO0Z*OkW$H6LsT\\YdLE*d=J;#9RYJ2m[&gt;PB(nMKZA0VV_*jBgJ\\H9qt=k?f:!;B):\\/=5)daI0;g]Z_IG.(VltFe(&gt;\\&quot;H?Z@(s0^ZTUXU=srpc56ser&quot;GkC+[FEpPD6H&quot;k:SoET]$8j,8E-^AZJ^(9[*Ok0;gmZYM\\[2dY;)l4-C&amp;Qc4UNM$Qg67\\N9JbJihc/31&gt;VrYoJ@q4EuiE.7UCR9e(_c]ZI:SUL*bh&quot;erehrgjVZ@f247flH[?olAg,S&amp;?E/ZsE1\\Db!ZYH$tu3F#20BPoP88Sn:[lI;dhUicX%K4,aI\'Qi^%dAc`&amp;P=0[TEE`1Sk\\G)gL8@&gt;R)(&quot;Tr$d1Te\\a9aZID3jn78Z2-@_9gLYc*j9ODU\\k)s$UW?&amp;k^e^r-&quot;oMq`%KgO*!QRb]:u#N4j\\NT5S0HFc*(]4qWLV&lt;Aag(s0^F:P=O&quot;:$A&quot;+Y-&amp;mh8H76q(:]J6Ik72GDZaEm^V\\QN]=IAFHU)d8a*f,GF%;Q*Af&amp;4r`NPblIna4t:9QWi(ZHte34&gt;0IXqVHG%q$p!XT~&gt;endstream\nendobj\nxref\n0 16\n0000000000 65535 f \n0000000061 00000 n \n0000000132 00000 n \n0000000239 00000 n \n0000041770 00000 n \n0000057480 00000 n \n0000057592 00000 n \n0000057707 00000 n \n0000057784 00000 n \n0000057867 00000 n \n0000058135 00000 n \n0000058341 00000 n \n0000058411 00000 n \n0000058724 00000 n \n0000058791 00000 n \n0000062138 00000 n \ntrailer\n&lt;&lt;\n/ID \n[&lt;df0b8e6a6645cbcb93bcfc9f8d5e7bda&gt;&lt;df0b8e6a6645cbcb93bcfc9f8d5e7bda&gt;]\n% ReportLab generated PDF document -- digest (opensource)\n\n/Info 12 0 R\n/Root 11 0 R\n/Size 16\n&gt;&gt;\nstartxref\n63834\n%%EOF\n', re.IGNORECASE)&#10; +    where &lt;function search at 0xfb5a08b7d440&gt; = re.search&#10; +    and   re.IGNORECASE = re.I">backend/tests/test_issues_and_cert.py:194: in test_intern_certificate_pdf
    assert re.search(r"DIGITALLY\s*ISSUED\s*CERTIFICATE", text, re.I), "Missing 'DIGITALLY ISSUED CERTIFICATE'"
E   AssertionError: Missing 'DIGITALLY ISSUED CERTIFICATE'
E   assert None
E    +  where None = &lt;function search at 0xfb5a08b7d440&gt;('DIGITALLY\\s*ISSUED\\s*CERTIFICATE', '%PDF-1.4\n%\x93\x8c\x8b\x9e ReportLab Generated PDF document (opensource)\n1 0 obj\n&lt;&lt;\n/F1 2 0 R /F2 5 0 R /F3 6 0 R /F4 7 0 R /F5 8 0 R\n&gt;&gt;\nendobj\n2 0 obj\n&lt;&lt;\n/BaseFont /Helvetica /Encoding /WinAnsiEncoding /Name /F1 /Subtype /Type1 /Type /Font\n&gt;&gt;\nendobj\n3 0 obj\n&lt;&lt;\n/BitsPerComponent 8 /ColorSpace /DeviceRGB /Filter [ /ASCII85Decode /FlateDecode ] /Height 358 /Length 41326 /SMask 4 0 R \n  /Subtype /Image /Type /XObject /Width 768\n&gt;&gt;\nstream\nGb"-6&gt;B:caRd^282EG#.Viil[$^nGVE=5-D"#c,n,p-MuD?s_cD&lt;,@L*UMbPH&amp;ZZs!N,+TBk)t0T+A.Zp,CW*Z_o274i&gt;Cj6cZp2M`65.c1Ut8I\'Qd9\\PB[j/$l6$r?HcRO]&lt;l2X^&amp;CHs89\'5XYok*lZ3&amp;V)Aq2Cp4)P%qVh/r\'Hd?Snb8)!J,-]H\'R(J&gt;T=:\\Q%]o=c_#OH8!!"&amp;1`UuTqrb4qH6iVO`CD-IKz]7A;*2r"1aph7Y0s,d5J&gt;(370#mLA0!!)3opce`Y!!(YeAGdNI5!f2Rq?I!#!!\'W]N;o*,5gV^q!!!#OQ\'hO]oFCp%!!%1(cp%L1!!(YeACgch$&amp;&amp;\'qzltQV$O-2c(Hs.-glQ60.!!$DN@\'9M3rs&amp;N(!!\'VOa8QmHpn.TTDkVX\\!!!#\')h@qj!!!"L]gc6+I.H\'"rpCmLg&amp;Ic;2MhA6!!!#7/n/SkNIUcSA,lJ-\'k1RJ8]M&amp;p(7blZ^OlF!zYWEt-_shrtdfTRMzzzzzzz!!&amp;Z?HD[\'n0)Tgdq&lt;&gt;WTX#&amp;"I\'?BR#+2(7mahZ+M*JY-+FWhV&amp;!!!#O;in@\'IcTM&lt;o,f^u5P[2lG2t5aAF\\[3_V3B9MH&lt;&lt;D?Y#_V=M6q&gt;n.LSMl(@odo%EaaT/2m\\nRMD@V.t*dIHL/LFKSq:$NU5-!2)-&amp;%]kcoR6C;*P/`p9VI0+3lK%i+cb)=nZWbH]O_u&lt;k`L9:\'*g/I[In.jGr=G*...Co9O5E54.55B*&lt;bg\\i[Y[.%*jX$r]dXatRR*BZ)Rq&lt;_VmeZ0%2\'f_1"H;[J+jO0Z*OkW$H6LsT\\YdLE*d=J;#9RYJ2m[&gt;PB(nMKZA0VV_*jBgJ\\H9qt=k?f:!;B):\\/=5)daI0;g]Z_IG.(VltFe(&gt;\\"H?Z@(s0^ZTUXU=srpc56ser"GkC+[FEpPD6H"k:SoET]$8j,8E-^AZJ^(9[*Ok0;gmZYM\\[2dY;)l4-C&amp;Qc4UNM$Qg67\\N9JbJihc/31&gt;VrYoJ@q4EuiE.7UCR9e(_c]ZI:SUL*bh"erehrgjVZ@f247flH[?olAg,S&amp;?E/ZsE1\\Db!ZYH$tu3F#20BPoP88Sn:[lI;dhUicX%K4,aI\'Qi^%dAc`&amp;P=0[TEE`1Sk\\G)gL8@&gt;R)("Tr$d1Te\\a9aZID3jn78Z2-@_9gLYc*j9ODU\\k)s$UW?&amp;k^e^r-"oMq`%KgO*!QRb]:u#N4j\\NT5S0HFc*(]4qWLV&lt;Aag(s0^F:P=O":$A"+Y-&amp;mh8H76q(:]J6Ik72GDZaEm^V\\QN]=IAFHU)d8a*f,GF%;Q*Af&amp;4r`NPblIna4t:9QWi(ZHte34&gt;0IXqVHG%q$p!XT~&gt;endstream\nendobj\nxref\n0 16\n0000000000 65535 f \n0000000061 00000 n \n0000000132 00000 n \n0000000239 00000 n \n0000041770 00000 n \n0000057480 00000 n \n0000057592 00000 n \n0000057707 00000 n \n0000057784 00000 n \n0000057867 00000 n \n0000058135 00000 n \n0000058341 00000 n \n0000058411 00000 n \n0000058724 00000 n \n0000058791 00000 n \n0000062138 00000 n \ntrailer\n&lt;&lt;\n/ID \n[&lt;df0b8e6a6645cbcb93bcfc9f8d5e7bda&gt;&lt;df0b8e6a6645cbcb93bcfc9f8d5e7bda&gt;]\n% ReportLab generated PDF document -- digest (opensource)\n\n/Info 12 0 R\n/Root 11 0 R\n/Size 16\n&gt;&gt;\nstartxref\n63834\n%%EOF\n', re.IGNORECASE)
E    +    where &lt;function search at 0xfb5a08b7d440&gt; = re.search
E    +    and   re.IGNORECASE = re.I</failure></testcase><testcase classname="backend.tests.test_issues_and_cert.TestRegression" name="test_dashboard" time="0.046" /><testcase classname="backend.tests.test_issues_and_cert.TestRegression" name="test_leads" time="0.043" /><testcase classname="backend.tests.test_issues_and_cert.TestRegression" name="test_tasks" time="0.044" /><testcase classname="backend.tests.test_issues_and_cert.TestRegression" name="test_team" time="0.047" /><testcase classname="backend.tests.test_issues_and_cert.TestRegression" name="test_projects" time="0.043" /><testcase classname="backend.tests.test_issues_and_cert.TestRegression" name="test_manager_interns" time="0.050" /><testcase classname="backend.tests.test_issues_and_cert.TestRegression" name="test_settings" time="0.042" /><testcase classname="backend.tests.test_issues_and_cert.TestRegression" name="test_badges" time="0.043" /></testsuite></testsuites>