<?xml version="1.0" encoding="utf-8"?><testsuites name="pytest tests"><testsuite name="pytest" errors="0" failures="0" skipped="0" tests="10" time="5.213" timestamp="2026-07-08T02:23:59.702993+00:00" hostname="agent-env-9918e38f-1f69-4fda-a603-62d6ea07706d"><testcase classname="backend.tests.test_iter61_whatsapp.TestCsWhatsapp" name="test_cs_whatsapp_ok" time="4.173" /><testcase classname="backend.tests.test_iter61_whatsapp.TestCsWhatsapp" name="test_cs_whatsapp_404" time="0.064" /><testcase classname="backend.tests.test_iter61_whatsapp.TestPaymentReminder" name="test_reminder_has_wa_text_and_phone" time="0.116" /><testcase classname="backend.tests.test_iter61_whatsapp.TestInvoiceWhatsapp" name="test_invoice_wa_default" time="0.107" /><testcase classname="backend.tests.test_iter61_whatsapp.TestInvoiceWhatsapp" name="test_invoice_wa_receipt" time="0.052" /><testcase classname="backend.tests.test_iter61_whatsapp.TestInvoiceWhatsapp" name="test_invoice_wa_share_token_stable" time="0.102" /><testcase classname="backend.tests.test_iter61_whatsapp.TestPublicFinanceDoc" name="test_public_download_no_auth" time="0.240" /><testcase classname="backend.tests.test_iter61_whatsapp.TestPublicFinanceDoc" name="test_public_download_bad_token" time="0.112" /><testcase classname="backend.tests.test_iter61_whatsapp.TestFinanceWhatsappReminder" name="test_reminder_ok_or_400" time="0.108" /><testcase classname="backend.tests.test_iter61_whatsapp.TestFinanceWhatsappReminder" name="test_reminder_404" time="0.050" /></testsuite></testsuites>