<?xml version="1.0" encoding="utf-8"?><testsuites name="pytest tests"><testsuite name="pytest" errors="0" failures="0" skipped="0" tests="11" time="4.166" timestamp="2026-07-31T07:37:48.185393+00:00" hostname="agent-env-9918e38f-1f69-4fda-a603-62d6ea07706d"><testcase classname="backend.tests.test_iter79_hr_letters_placement.TestPdfInline" name="test_pdf_default_attachment" time="1.367" /><testcase classname="backend.tests.test_iter79_hr_letters_placement.TestPdfInline" name="test_pdf_inline" time="0.332" /><testcase classname="backend.tests.test_iter79_hr_letters_placement.TestPdfInline" name="test_pdf_hide_placed" time="0.307" /><testcase classname="backend.tests.test_iter79_hr_letters_placement.TestPlacementPersistence" name="test_patch_with_placed_signature_and_render" time="0.402" /><testcase classname="backend.tests.test_iter79_hr_letters_placement.TestShareableSignFlow" name="test_public_get_no_auth" time="0.144" /><testcase classname="backend.tests.test_iter79_hr_letters_placement.TestShareableSignFlow" name="test_public_pdf_no_auth" time="0.370" /><testcase classname="backend.tests.test_iter79_hr_letters_placement.TestShareableSignFlow" name="test_invalid_token_404" time="0.100" /><testcase classname="backend.tests.test_iter79_hr_letters_placement.TestShareableSignFlow" name="test_public_sign_success_and_reuse_410" time="0.855" /><testcase classname="backend.tests.test_iter79_hr_letters_placement.TestCleanup" name="test_cleanup" time="0.113" /><testcase classname="backend.tests.test_iter79_hr_letters_placement.TestCodeReviewOutreachPersonalise" name="test_personalise_regex_and_aliases_present" time="0.001" /><testcase classname="backend.tests.test_iter79_hr_letters_placement.TestCodeReviewEmailMultipart" name="test_do_send_builds_mixed_with_related_and_attachments" time="0.001" /></testsuite></testsuites>