<?xml version="1.0" encoding="utf-8"?><testsuites name="pytest tests"><testsuite name="pytest" errors="0" failures="0" skipped="0" tests="9" time="1.777" timestamp="2026-05-20T08:48:10.510592+00:00" hostname="agent-env-9918e38f-1f69-4fda-a603-62d6ea07706d"><testcase classname="backend.tests.test_batch_certificate.TestPerformanceCertificate" name="test_admin_can_download_intern_certificate" time="0.674" /><testcase classname="backend.tests.test_batch_certificate.TestRegressionEndpoints" name="test_intern_progress" time="0.424" /><testcase classname="backend.tests.test_batch_certificate.TestRegressionEndpoints" name="test_intern_progress_pdf" time="0.063" /><testcase classname="backend.tests.test_batch_certificate.TestRegressionEndpoints" name="test_badge_catalog" time="0.049" /><testcase classname="backend.tests.test_batch_certificate.TestRegressionEndpoints" name="test_manager_interns" time="0.057" /><testcase classname="backend.tests.test_batch_certificate.TestRegressionEndpoints" name="test_public_settings" time="0.139" /><testcase classname="backend.tests.test_batch_certificate.TestRegressionEndpoints" name="test_chat_channels_list" time="0.048" /><testcase classname="backend.tests.test_batch_certificate.TestAwardThenProgress" name="test_award_and_progress_lists_badge" time="0.097" /><testcase classname="backend.tests.test_batch_certificate.TestChatChannelPatchRegression" name="test_patch_group_channel" time="0.142" /></testsuite></testsuites>