<?xml version="1.0" encoding="utf-8"?><testsuites name="pytest tests"><testsuite name="pytest" errors="0" failures="0" skipped="0" tests="21" time="2.867" timestamp="2026-07-19T17:20:52.589859+00:00" hostname="agent-env-9918e38f-1f69-4fda-a603-62d6ea07706d"><testcase classname="backend.tests.test_iter70_playbooks_cert_qr.TestPlaybookThemes" name="test_themes_returns_5" time="0.427" /><testcase classname="backend.tests.test_iter70_playbooks_cert_qr.TestPlaybookCRUD" name="test_create_playbook" time="0.054" /><testcase classname="backend.tests.test_iter70_playbooks_cert_qr.TestPlaybookCRUD" name="test_duplicate_title_gets_2_suffix" time="0.055" /><testcase classname="backend.tests.test_iter70_playbooks_cert_qr.TestPlaybookCRUD" name="test_invalid_theme_400" time="0.053" /><testcase classname="backend.tests.test_iter70_playbooks_cert_qr.TestPlaybookCRUD" name="test_list_shows_section_count" time="0.054" /><testcase classname="backend.tests.test_iter70_playbooks_cert_qr.TestPlaybookCRUD" name="test_patch_playbook" time="0.111" /><testcase classname="backend.tests.test_iter70_playbooks_cert_qr.TestPlaybookCRUD" name="test_public_playbook_no_auth" time="0.121" /><testcase classname="backend.tests.test_iter70_playbooks_cert_qr.TestPlaybookCRUD" name="test_public_playbook_unknown_slug_404" time="0.103" /><testcase classname="backend.tests.test_iter70_playbooks_cert_qr.TestPlaybookCRUD" name="test_public_pdf_valid" time="0.149" /><testcase classname="backend.tests.test_iter70_playbooks_cert_qr.TestPlaybookCRUD" name="test_delete_playbook_cleanup" time="0.105" /><testcase classname="backend.tests.test_iter70_playbooks_cert_qr.TestPlaybookRBAC" name="test_intern_forbidden" time="0.362" /><testcase classname="backend.tests.test_iter70_playbooks_cert_qr.TestPlaybookRBAC" name="test_intern_forbidden_create" time="0.051" /><testcase classname="backend.tests.test_iter70_playbooks_cert_qr.TestCertQRSign" name="test_create_cert" time="0.370" /><testcase classname="backend.tests.test_iter70_playbooks_cert_qr.TestCertQRSign" name="test_sign_link_creates_token" time="0.052" /><testcase classname="backend.tests.test_iter70_playbooks_cert_qr.TestCertQRSign" name="test_sign_link_idempotent" time="0.045" /><testcase classname="backend.tests.test_iter70_playbooks_cert_qr.TestCertQRSign" name="test_public_cert_sign_get" time="0.097" /><testcase classname="backend.tests.test_iter70_playbooks_cert_qr.TestCertQRSign" name="test_public_cert_sign_bad_token" time="0.115" /><testcase classname="backend.tests.test_iter70_playbooks_cert_qr.TestCertQRSign" name="test_public_cert_sign_invalid_payload_400" time="0.103" /><testcase classname="backend.tests.test_iter70_playbooks_cert_qr.TestCertQRSign" name="test_public_cert_sign_success" time="0.202" /><testcase classname="backend.tests.test_iter70_playbooks_cert_qr.TestCertQRSign" name="test_verify_signed_via_hr_endpoint" time="0.093" /><testcase classname="backend.tests.test_iter70_playbooks_cert_qr.TestCertQRSign" name="test_cleanup_delete_cert" time="0.049" /></testsuite></testsuites>