<?xml version="1.0" encoding="utf-8"?><testsuites name="pytest tests"><testsuite name="pytest" errors="0" failures="1" skipped="0" tests="7" time="1.918" timestamp="2026-07-17T03:15:46.248203+00:00" hostname="agent-env-9918e38f-1f69-4fda-a603-62d6ea07706d"><testcase classname="backend.tests.test_iter69_whatsapp_qr_gmail400.TestPublicPaymentQR" name="test_qr_returns_png" time="0.305" /><testcase classname="backend.tests.test_iter69_whatsapp_qr_gmail400.TestPublicInvoiceDownload" name="test_short_invoice_download" time="0.198" /><testcase classname="backend.tests.test_iter69_whatsapp_qr_gmail400.TestPublicInvoiceDownload" name="test_short_invoice_download_bad_token" time="0.106" /><testcase classname="backend.tests.test_iter69_whatsapp_qr_gmail400.TestInvoiceWhatsApp" name="test_unpaid_invoice_whatsapp_payload" time="0.479" /><testcase classname="backend.tests.test_iter69_whatsapp_qr_gmail400.TestInvoiceWhatsApp" name="test_paid_invoice_whatsapp_no_pay_section" time="0.275" /><testcase classname="backend.tests.test_iter69_whatsapp_qr_gmail400.TestReceiptWhatsApp" name="test_receipt_whatsapp" time="0.224" /><testcase classname="backend.tests.test_iter69_whatsapp_qr_gmail400.TestInvoiceSendGmail400" name="test_send_returns_clean_400_when_gmail_disconnected" time="0.224"><failure message="AssertionError: expected clean 4xx, got 500: Internal Server Error&#10;assert 500 != 500&#10; +  where 500 = &lt;Response [500]&gt;.status_code">backend/tests/test_iter69_whatsapp_qr_gmail400.py:211: in test_send_returns_clean_400_when_gmail_disconnected
    assert r.status_code != 500, f"expected clean 4xx, got 500: {r.text[:300]}"
E   AssertionError: expected clean 4xx, got 500: Internal Server Error
E   assert 500 != 500
E    +  where 500 = &lt;Response [500]&gt;.status_code</failure></testcase></testsuite></testsuites>