<?xml version="1.0" encoding="utf-8"?><testsuites name="pytest tests"><testsuite name="pytest" errors="0" failures="0" skipped="1" tests="13" time="29.676" timestamp="2026-05-23T19:07:00.342579+00:00" hostname="agent-env-9918e38f-1f69-4fda-a603-62d6ea07706d"><testcase classname="backend.tests.test_iter23_stripe_xino.TestXinoMultiCurrency" name="test_50pct_discount" time="28.588" /><testcase classname="backend.tests.test_iter23_stripe_xino.TestXinoMultiCurrency" name="test_discount_pct_field" time="0.000" /><testcase classname="backend.tests.test_iter23_stripe_xino.TestXinoMultiCurrency" name="test_currencies_map_has_10" time="0.000" /><testcase classname="backend.tests.test_iter23_stripe_xino.TestXinoMultiCurrency" name="test_inr_higher_than_usd" time="0.000" /><testcase classname="backend.tests.test_iter23_stripe_xino.TestXinoMultiCurrency" name="test_lead_auto_created_with_market_ref" time="0.271" /><testcase classname="backend.tests.test_iter23_stripe_xino.TestCompanyProfilePDF" name="test_pdf_returns_valid_multipage" time="0.025" /><testcase classname="backend.tests.test_iter23_stripe_xino.TestStripeInvoices" name="test_create_checkout_session" time="0.626" /><testcase classname="backend.tests.test_iter23_stripe_xino.TestStripeInvoices" name="test_finance_activity_log_has_event" time="0.044" /><testcase classname="backend.tests.test_iter23_stripe_xino.TestStripeInvoices" name="test_public_invoice_endpoint" time="0.004" /><testcase classname="backend.tests.test_iter23_stripe_xino.TestStripeInvoices" name="test_webhook_invalid_signature_returns_400" time="0.003" /><testcase classname="backend.tests.test_iter23_stripe_xino.TestStripeInvoices" name="test_paid_invoice_rejects_checkout" time="0.044"><skipped type="pytest.skip" message="No paid invoices in DB to test 400 rejection">/app/backend/tests/test_iter23_stripe_xino.py:215: No paid invoices in DB to test 400 rejection</skipped></testcase><testcase classname="backend.tests.test_iter23_stripe_xino.TestRegression" name="test_public_invoice_unknown_404" time="0.003" /><testcase classname="backend.tests.test_iter23_stripe_xino.TestRegression" name="test_finance_activity_requires_auth" time="0.002" /></testsuite></testsuites>