<?xml version="1.0" encoding="utf-8"?><testsuites name="pytest tests"><testsuite name="pytest" errors="0" failures="0" skipped="0" tests="17" time="4.243" timestamp="2026-06-14T15:43:37.067382+00:00" hostname="agent-env-9918e38f-1f69-4fda-a603-62d6ea07706d"><testcase classname="backend.tests.test_iter46_digi" name="test_digi_dashboard" time="0.613" /><testcase classname="backend.tests.test_iter46_digi" name="test_client_persisted" time="0.126" /><testcase classname="backend.tests.test_iter46_digi" name="test_client_list" time="0.048" /><testcase classname="backend.tests.test_iter46_digi" name="test_brand_kit_upsert" time="0.126" /><testcase classname="backend.tests.test_iter46_digi" name="test_strategy_generate_graceful" time="1.849" /><testcase classname="backend.tests.test_iter46_digi" name="test_content_generate_graceful" time="0.099" /><testcase classname="backend.tests.test_iter46_digi" name="test_content_missing_topic" time="0.048" /><testcase classname="backend.tests.test_iter46_digi" name="test_creative_generate" time="0.075" /><testcase classname="backend.tests.test_iter46_digi" name="test_creative_missing_prompt" time="0.048" /><testcase classname="backend.tests.test_iter46_digi" name="test_calendar_crud" time="0.176" /><testcase classname="backend.tests.test_iter46_digi" name="test_calendar_missing_fields" time="0.049" /><testcase classname="backend.tests.test_iter46_digi" name="test_approvals_empty_list" time="0.049" /><testcase classname="backend.tests.test_iter46_digi" name="test_metrics_upsert" time="0.116" /><testcase classname="backend.tests.test_iter46_digi" name="test_metrics_missing" time="0.047" /><testcase classname="backend.tests.test_iter46_digi" name="test_intern_blocked_digi" time="0.428" /><testcase classname="backend.tests.test_iter46_digi" name="test_intern_blocked_dashboard" time="0.092" /><testcase classname="backend.tests.test_iter46_digi" name="test_unauth_rejected" time="0.164" /></testsuite></testsuites>