<?xml version="1.0" encoding="utf-8"?><testsuites name="pytest tests"><testsuite name="pytest" errors="0" failures="0" skipped="0" tests="7" time="20.458" timestamp="2026-06-13T06:47:32.237088+00:00" hostname="agent-env-9918e38f-1f69-4fda-a603-62d6ea07706d"><testcase classname="backend.tests.test_iter34_newsletter_blog_ai.TestDraftFromBlog" name="test_draft_success_shape" time="8.134" /><testcase classname="backend.tests.test_iter34_newsletter_blog_ai.TestDraftFromBlog" name="test_body_html_branded_shell" time="5.696" /><testcase classname="backend.tests.test_iter34_newsletter_blog_ai.TestDraftFromBlog" name="test_payload_override_audience" time="5.945" /><testcase classname="backend.tests.test_iter34_newsletter_blog_ai.TestDraftFromBlog" name="test_draft_404_unknown_post" time="0.049" /><testcase classname="backend.tests.test_iter34_newsletter_blog_ai.TestDraftFromBlog" name="test_draft_rbac_intern_forbidden" time="0.438" /><testcase classname="backend.tests.test_iter34_newsletter_blog_ai.TestSendBlogOverride" name="test_send_blog_with_body_override_no_gmail" time="0.044" /><testcase classname="backend.tests.test_iter34_newsletter_blog_ai.TestSendBlogOverride" name="test_send_blog_404" time="0.082" /></testsuite></testsuites>