<?xml version="1.0" encoding="utf-8"?><testsuites name="pytest tests"><testsuite name="pytest" errors="0" failures="0" skipped="1" tests="14" time="4.480" timestamp="2026-06-15T16:37:44.170747+00:00" hostname="agent-env-9918e38f-1f69-4fda-a603-62d6ea07706d"><testcase classname="backend.tests.test_outreach_replies_ai" name="test_conversation_with_history" time="0.666" /><testcase classname="backend.tests.test_outreach_replies_ai" name="test_conversation_empty_lead" time="0.118" /><testcase classname="backend.tests.test_outreach_replies_ai" name="test_conversation_unknown_lead" time="0.054" /><testcase classname="backend.tests.test_outreach_replies_ai" name="test_inbox_returns_items" time="0.048" /><testcase classname="backend.tests.test_outreach_replies_ai" name="test_inbox_requires_auth" time="0.141" /><testcase classname="backend.tests.test_outreach_replies_ai" name="test_replies_sync_endpoint" time="0.049" /><testcase classname="backend.tests.test_outreach_replies_ai" name="test_ai_reply_requires_history" time="0.050" /><testcase classname="backend.tests.test_outreach_replies_ai" name="test_ai_reply_success" time="1.903"><skipped type="pytest.skip" message="AI provider transient failure: &lt;!DOCTYPE html&gt;&#10;&lt;!--[if lt IE 7]&gt; &lt;html class=&quot;no-js ie6 oldie&quot; lang=&quot;en-US&quot;&gt; &lt;![endif]--&gt;&#10;&lt;!--[if IE 7]&gt;    &lt;html class=&quot;no-js ie7 oldie&quot; lang=&quot;en-US&quot;&gt; &lt;![endif]--&gt;&#10;&lt;!--[if IE 8]&gt;    &lt;html class=&quot;no-">/app/backend/tests/test_outreach_replies_ai.py:206: AI provider transient failure: &lt;!DOCTYPE html&gt;
&lt;!--[if lt IE 7]&gt; &lt;html class="no-js ie6 oldie" lang="en-US"&gt; &lt;![endif]--&gt;
&lt;!--[if IE 7]&gt;    &lt;html class="no-js ie7 oldie" lang="en-US"&gt; &lt;![endif]--&gt;
&lt;!--[if IE 8]&gt;    &lt;html class="no-</skipped></testcase><testcase classname="backend.tests.test_outreach_replies_ai" name="test_ai_reply_unknown_lead" time="0.049" /><testcase classname="backend.tests.test_outreach_replies_ai" name="test_send_reply_no_gmail_returns_400" time="0.153" /><testcase classname="backend.tests.test_outreach_replies_ai" name="test_send_reply_validation" time="0.086" /><testcase classname="backend.tests.test_outreach_replies_ai" name="test_create_campaign_with_lead_list_audience" time="0.200" /><testcase classname="backend.tests.test_outreach_replies_ai" name="test_enroll_sequence_by_lead_list" time="0.304" /><testcase classname="backend.tests.test_outreach_replies_ai" name="test_outreach_tabs_still_load" time="0.439" /></testsuite></testsuites>