<?xml version="1.0" encoding="utf-8"?><testsuites name="pytest tests"><testsuite name="pytest" errors="0" failures="0" skipped="0" tests="15" time="3.751" timestamp="2026-07-03T10:32:50.984225+00:00" hostname="agent-env-9918e38f-1f69-4fda-a603-62d6ea07706d"><testcase classname="backend.tests.test_pdf_logo_iter59.TestEnv" name="test_public_frontend_url_in_backend_env" time="0.000" /><testcase classname="backend.tests.test_pdf_logo_iter59.TestSingletonPreserved" name="test_logo_url_is_local_path" time="0.543" /><testcase classname="backend.tests.test_pdf_logo_iter59.TestContractPdfLogoRestored" name="test_contract_pdf_size_and_images" time="0.742" /><testcase classname="backend.tests.test_pdf_logo_iter59.TestContractPdfLogoRestored" name="test_contract_pdf_text" time="0.393" /><testcase classname="backend.tests.test_pdf_logo_iter59.TestHrLetterPdfLogoRestored" name="test_hr_letter_pdf_size_and_images" time="0.310" /><testcase classname="backend.tests.test_pdf_logo_iter59.TestHrLetterPdfLogoRestored" name="test_hr_letter_pdf_text" time="0.370" /><testcase classname="backend.tests.test_pdf_logo_iter59.TestNewHrLetterHasLogo" name="test_create_patch_and_pdf_have_logo" time="0.393" /><testcase classname="backend.tests.test_static_assets_iter57.TestStaticAssets" name="test_logo_png_serves_ok" time="0.089" /><testcase classname="backend.tests.test_static_assets_iter57.TestStaticAssets" name="test_icon_192_serves_ok" time="0.043" /><testcase classname="backend.tests.test_static_assets_iter57.TestStaticAssets" name="test_icon_512_serves_ok" time="0.044" /><testcase classname="backend.tests.test_static_assets_iter57.TestStaticAssets" name="test_favicon_serves_ok" time="0.041" /><testcase classname="backend.tests.test_static_assets_iter57.TestStaticAssets" name="test_manifest_valid_and_points_to_local_icons" time="0.044" /><testcase classname="backend.tests.test_static_assets_iter57.TestIndexHtml" name="test_favicon_and_apple_touch_icon_are_local" time="0.042" /><testcase classname="backend.tests.test_static_assets_iter57.TestIndexHtml" name="test_manifest_link_present" time="0.041" /><testcase classname="backend.tests.test_static_assets_iter57.TestContractPdfUnaffected" name="test_pdf_still_generates" time="0.567" /></testsuite></testsuites>