<?xml version="1.0" encoding="utf-8"?><testsuites name="pytest tests"><testsuite name="pytest" errors="0" failures="0" skipped="0" tests="13" time="30.182" timestamp="2026-06-14T15:16:49.616295+00:00" hostname="agent-env-9918e38f-1f69-4fda-a603-62d6ea07706d"><testcase classname="backend.tests.test_iter45_finance_bridge_wxm_pages.TestFinanceBridge" name="test_push_creates_finance_project" time="0.752" /><testcase classname="backend.tests.test_iter45_finance_bridge_wxm_pages.TestFinanceBridge" name="test_idempotency_no_duplicate" time="0.141" /><testcase classname="backend.tests.test_iter45_finance_bridge_wxm_pages.TestFinanceBridge" name="test_payment_sync_on_repush" time="0.134" /><testcase classname="backend.tests.test_iter45_finance_bridge_wxm_pages.TestWxmPages" name="test_list_pages_empty_or_list" time="0.044" /><testcase classname="backend.tests.test_iter45_finance_bridge_wxm_pages.TestWxmPages" name="test_create_page" time="0.067" /><testcase classname="backend.tests.test_iter45_finance_bridge_wxm_pages.TestWxmPages" name="test_duplicate_slug_rejected" time="0.044" /><testcase classname="backend.tests.test_iter45_finance_bridge_wxm_pages.TestWxmPages" name="test_update_page" time="0.047" /><testcase classname="backend.tests.test_iter45_finance_bridge_wxm_pages.TestWxmPages" name="test_public_unpublished_404" time="0.143" /><testcase classname="backend.tests.test_iter45_finance_bridge_wxm_pages.TestWxmPages" name="test_publish_page" time="0.047" /><testcase classname="backend.tests.test_iter45_finance_bridge_wxm_pages.TestWxmPages" name="test_public_published_accessible" time="0.094" /><testcase classname="backend.tests.test_iter45_finance_bridge_wxm_pages.TestWxmPages" name="test_unpublish" time="0.148" /><testcase classname="backend.tests.test_iter45_finance_bridge_wxm_pages.TestWxmPages" name="test_ai_draft" time="28.237" /><testcase classname="backend.tests.test_iter45_finance_bridge_wxm_pages.TestWxmPages" name="test_delete_page" time="0.192" /></testsuite></testsuites>