<?xml version="1.0" encoding="utf-8"?><testsuites name="pytest tests"><testsuite name="pytest" errors="0" failures="0" skipped="0" tests="6" time="5.607" timestamp="2026-08-01T16:17:20.396450+00:00" hostname="agent-env-9918e38f-1f69-4fda-a603-62d6ea07706d"><testcase classname="backend.tests.test_iter82_letters_multipage_and_payslip_signatory.TestLettersMultiPage" name="test_multipage_stamp_page2_and_page1_and_clamp" time="3.400" /><testcase classname="backend.tests.test_iter82_letters_multipage_and_payslip_signatory.TestPayslipSignatory" name="test_intern_cannot_update_signatory" time="0.489" /><testcase classname="backend.tests.test_iter82_letters_multipage_and_payslip_signatory.TestPayslipSignatory" name="test_admin_updates_signatory_and_get" time="0.229" /><testcase classname="backend.tests.test_iter82_letters_multipage_and_payslip_signatory.TestPayslipSignatory" name="test_existing_payslip_pdf_uses_signatory_no_employee_sig" time="0.304" /><testcase classname="backend.tests.test_iter82_letters_multipage_and_payslip_signatory.TestRegression" name="test_sign_doc_pdf_pre_existing" time="0.241" /><testcase classname="backend.tests.test_iter82_letters_multipage_and_payslip_signatory.TestRegression" name="test_single_page_letter_still_works" time="0.856" /></testsuite></testsuites>