<?xml version="1.0" encoding="utf-8"?><testsuites name="pytest tests"><testsuite name="pytest" errors="0" failures="0" skipped="0" tests="12" time="3.063" timestamp="2026-07-08T02:47:50.245234+00:00" hostname="agent-env-9918e38f-1f69-4fda-a603-62d6ea07706d"><testcase classname="backend.tests.test_iter62_pay_bank_pdf.TestFinanceSettings" name="test_get_settings_admin_ok" time="0.557" /><testcase classname="backend.tests.test_iter62_pay_bank_pdf.TestFinanceSettings" name="test_put_and_persist" time="0.192" /><testcase classname="backend.tests.test_iter62_pay_bank_pdf.TestFinanceSettings" name="test_non_admin_forbidden" time="0.094" /><testcase classname="backend.tests.test_iter62_pay_bank_pdf.TestPublicInvoicePayInfo" name="test_public_info_ok" time="0.258" /><testcase classname="backend.tests.test_iter62_pay_bank_pdf.TestPublicInvoicePayInfo" name="test_public_info_bad_token" time="0.142" /><testcase classname="backend.tests.test_iter62_pay_bank_pdf.TestPublicInvoicePayCheckout" name="test_checkout_returns_stripe_url" time="0.873" /><testcase classname="backend.tests.test_iter62_pay_bank_pdf.TestPublicInvoicePayCheckout" name="test_checkout_bad_token" time="0.125" /><testcase classname="backend.tests.test_iter62_pay_bank_pdf.TestInvoiceWhatsappStructured" name="test_wa_text_contains_pay_link_and_rows" time="0.046" /><testcase classname="backend.tests.test_iter62_pay_bank_pdf.TestTestimonialRequestWhatsApp" name="test_request_whatsapp_structured" time="0.098" /><testcase classname="backend.tests.test_iter62_pay_bank_pdf.TestRebuiltPdfs" name="test_admin_invoice_pdf" time="0.129" /><testcase classname="backend.tests.test_iter62_pay_bank_pdf.TestRebuiltPdfs" name="test_public_finance_doc_pdf" time="0.218" /><testcase classname="backend.tests.test_iter62_pay_bank_pdf.TestInvoiceAutoShareToken" name="test_new_invoice_has_share_token" time="0.234" /></testsuite></testsuites>