<?xml version="1.0" encoding="utf-8"?><testsuites name="pytest tests"><testsuite name="pytest" errors="0" failures="0" skipped="0" tests="18" time="3.813" timestamp="2026-06-13T07:03:46.362865+00:00" hostname="agent-env-9918e38f-1f69-4fda-a603-62d6ea07706d"><testcase classname="backend.tests.test_iter35_hr_onboarding" name="test_prorated_engineering_jun20" time="0.488" /><testcase classname="backend.tests.test_iter35_hr_onboarding" name="test_prorated_sales_feb15_nonleap" time="0.046" /><testcase classname="backend.tests.test_iter35_hr_onboarding" name="test_unknown_dept_falls_back_to_default" time="0.051" /><testcase classname="backend.tests.test_iter35_hr_onboarding" name="test_tasks_persisted_for_onboarding" time="0.042" /><testcase classname="backend.tests.test_iter35_hr_onboarding" name="test_duplicate_email_returns_400" time="0.126" /><testcase classname="backend.tests.test_iter35_hr_onboarding" name="test_rbac_intern_get_forbidden" time="0.434" /><testcase classname="backend.tests.test_iter35_hr_onboarding" name="test_rbac_intern_post_forbidden" time="0.082" /><testcase classname="backend.tests.test_iter35_hr_onboarding" name="test_list_and_filter" time="0.083" /><testcase classname="backend.tests.test_iter35_hr_onboarding" name="test_get_single_and_404" time="0.125" /><testcase classname="backend.tests.test_iter35_hr_onboarding" name="test_patch_status_valid" time="0.084" /><testcase classname="backend.tests.test_iter35_hr_onboarding" name="test_patch_invalid_status" time="0.082" /><testcase classname="backend.tests.test_iter35_hr_onboarding" name="test_patch_empty_body" time="0.043" /><testcase classname="backend.tests.test_iter35_hr_onboarding" name="test_pdf_download" time="0.042" /><testcase classname="backend.tests.test_iter35_hr_onboarding" name="test_pdf_download_404" time="0.082" /><testcase classname="backend.tests.test_iter35_hr_onboarding" name="test_regenerate_offer_letter_twice" time="1.230" /><testcase classname="backend.tests.test_iter35_hr_onboarding" name="test_templates_endpoint" time="0.041" /><testcase classname="backend.tests.test_iter35_hr_onboarding" name="test_delete_as_intern_forbidden" time="0.041" /><testcase classname="backend.tests.test_iter35_hr_onboarding" name="test_delete_cascade_removes_tasks" time="0.625" /></testsuite></testsuites>