<?xml version="1.0" encoding="utf-8"?><testsuites name="pytest tests"><testsuite name="pytest" errors="0" failures="0" skipped="0" tests="9" time="1.583" timestamp="2026-06-13T08:15:13.303638+00:00" hostname="agent-env-9918e38f-1f69-4fda-a603-62d6ea07706d"><testcase classname="backend.tests.test_iter39_phase_c.TestHrSignDocAttachments" name="test_create_with_attachments_strips_base64" time="0.532" /><testcase classname="backend.tests.test_iter39_phase_c.TestHrSignDocAttachments" name="test_list_strips_base64" time="0.040" /><testcase classname="backend.tests.test_iter39_phase_c.TestHrSignDocAttachments" name="test_download_attachment_returns_base64" time="0.042" /><testcase classname="backend.tests.test_iter39_phase_c.TestHrSignDocAttachments" name="test_download_unknown_att_404" time="0.082" /><testcase classname="backend.tests.test_iter39_phase_c.TestHrSignDocAttachments" name="test_download_unknown_doc_404" time="0.082" /><testcase classname="backend.tests.test_iter39_phase_c.TestHrSignDocAttachments" name="test_create_over_10mb_rejected" time="0.080" /><testcase classname="backend.tests.test_iter39_phase_c.TestHrSignDocAttachments" name="test_cleanup_sign_doc" time="0.083" /><testcase classname="backend.tests.test_iter39_phase_c.TestHrSignDocRegression" name="test_create_sign_delete" time="0.329" /><testcase classname="backend.tests.test_iter39_phase_c.TestDocumentsRegression" name="test_upload_get_delete" time="0.250" /></testsuite></testsuites>