<?xml version="1.0" encoding="utf-8"?><testsuites name="pytest tests"><testsuite name="pytest" errors="0" failures="0" skipped="0" tests="14" time="2.618" timestamp="2026-05-23T20:44:24.672510+00:00" hostname="agent-env-9918e38f-1f69-4fda-a603-62d6ea07706d"><testcase classname="backend.tests.test_iter26_seo_blog.TestPublicSitemap" name="test_sitemap_xml" time="0.151" /><testcase classname="backend.tests.test_iter26_seo_blog.TestPublicBlog" name="test_list_posts_shape" time="0.121" /><testcase classname="backend.tests.test_iter26_seo_blog.TestPublicBlog" name="test_tag_cloud" time="0.106" /><testcase classname="backend.tests.test_iter26_seo_blog.TestPublicBlog" name="test_list_no_auth_required" time="0.106" /><testcase classname="backend.tests.test_iter26_seo_blog.TestRBAC" name="test_intern_cannot_create_post" time="0.403" /><testcase classname="backend.tests.test_iter26_seo_blog.TestRBAC" name="test_intern_cannot_list_admin_posts" time="0.094" /><testcase classname="backend.tests.test_iter26_seo_blog.TestRBAC" name="test_unauth_cannot_list_admin_posts" time="0.108" /><testcase classname="backend.tests.test_iter26_seo_blog.TestAdminBlogFlow" name="test_admin_can_list" time="0.377" /><testcase classname="backend.tests.test_iter26_seo_blog.TestAdminBlogFlow" name="test_create_auto_slug" time="0.050" /><testcase classname="backend.tests.test_iter26_seo_blog.TestAdminBlogFlow" name="test_update_to_published" time="0.097" /><testcase classname="backend.tests.test_iter26_seo_blog.TestAdminBlogFlow" name="test_published_post_public_fetch_increments_views" time="0.468" /><testcase classname="backend.tests.test_iter26_seo_blog.TestAdminBlogFlow" name="test_sitemap_includes_published_slug" time="0.137" /><testcase classname="backend.tests.test_iter26_seo_blog.TestAdminBlogFlow" name="test_toggle_publish_unpublish" time="0.091" /><testcase classname="backend.tests.test_iter26_seo_blog.TestAdminBlogFlow" name="test_delete_post" time="0.223" /></testsuite></testsuites>