<?xml version="1.0" encoding="utf-8"?><testsuites name="pytest tests"><testsuite name="pytest" errors="0" failures="1" skipped="0" tests="14" time="13.046" timestamp="2026-06-12T14:15:23.097105+00:00" hostname="agent-env-9918e38f-1f69-4fda-a603-62d6ea07706d"><testcase classname="backend.tests.test_iter31_outreach_notif.TestNotificationDeepLinks" name="test_A1_task_assignment_deep_link" time="1.626" /><testcase classname="backend.tests.test_iter31_outreach_notif.TestNotificationDeepLinks" name="test_A2_intern_update_notifies_admin" time="0.112" /><testcase classname="backend.tests.test_iter31_outreach_notif.TestNotificationDeepLinks" name="test_A3_manager_patch_task_notifies_assignee" time="0.483" /><testcase classname="backend.tests.test_iter31_outreach_notif.TestNotificationDeepLinks" name="test_A4_notification_mark_read" time="0.101" /><testcase classname="backend.tests.test_iter31_outreach_notif.TestNotificationDeepLinks" name="test_A5_project_stage_update_notifies_owner_and_manager" time="0.694" /><testcase classname="backend.tests.test_iter31_outreach_notif.TestOutreach" name="test_B0_seed_one_lead" time="0.055" /><testcase classname="backend.tests.test_iter31_outreach_notif.TestOutreach" name="test_B1_leads_list_has_score" time="0.058" /><testcase classname="backend.tests.test_iter31_outreach_notif.TestOutreach" name="test_B1_pipeline_stage_patch" time="0.058" /><testcase classname="backend.tests.test_iter31_outreach_notif.TestOutreach" name="test_B2_lead_full_drawer_data" time="0.059" /><testcase classname="backend.tests.test_iter31_outreach_notif.TestOutreach" name="test_B2_add_note" time="0.052" /><testcase classname="backend.tests.test_iter31_outreach_notif.TestOutreach" name="test_B3_sequence_crud" time="0.049"><failure message="AssertionError: {&quot;detail&quot;:[{&quot;type&quot;:&quot;missing&quot;,&quot;loc&quot;:[&quot;query&quot;,&quot;payload&quot;],&quot;msg&quot;:&quot;Field required&quot;,&quot;input&quot;:null,&quot;url&quot;:&quot;https://errors.pydantic.dev/2.13/v/missing&quot;}]}&#10;assert 422 == 200&#10; +  where 422 = &lt;Response [422]&gt;.status_code">E   AssertionError: {"detail":[{"type":"missing","loc":["query","payload"],"msg":"Field required","input":null,"url":"https://errors.pydantic.dev/2.13/v/missing"}]}
    assert 422 == 200
     +  where 422 = &lt;Response [422]&gt;.status_code</failure></testcase><testcase classname="backend.tests.test_iter31_outreach_notif.TestOutreach" name="test_B4_ai_writer" time="9.461" /><testcase classname="backend.tests.test_iter31_outreach_notif.TestOutreach" name="test_B5_reports" time="0.058" /><testcase classname="backend.tests.test_iter31_outreach_notif.TestOutreach" name="test_zz_cleanup_lead" time="0.084" /></testsuite></testsuites>