<?xml version="1.0" encoding="utf-8"?><testsuites name="pytest tests"><testsuite name="pytest" errors="0" failures="0" skipped="0" tests="8" time="4.010" timestamp="2026-07-21T08:46:21.884258+00:00" hostname="agent-env-9918e38f-1f69-4fda-a603-62d6ea07706d"><testcase classname="backend.tests.test_iter76_careers.TestCareersCRUD" name="test_list_jobs_admin" time="0.717" /><testcase classname="backend.tests.test_iter76_careers.TestCareersCRUD" name="test_invalid_employment_type_rejected" time="0.129" /><testcase classname="backend.tests.test_iter76_careers.TestCareersCRUD" name="test_invalid_work_mode_rejected" time="0.100" /><testcase classname="backend.tests.test_iter76_careers.TestCareersCRUD" name="test_patch_status_to_closed_removes_from_public" time="0.438" /><testcase classname="backend.tests.test_iter76_careers.TestCareersCRUD" name="test_public_search_filter" time="0.192" /><testcase classname="backend.tests.test_iter76_careers.TestCareersCRUD" name="test_public_type_mode_filter" time="0.236" /><testcase classname="backend.tests.test_iter76_careers.TestCareersCRUD" name="test_public_jd_pdf_valid_with_annotations" time="1.507" /><testcase classname="backend.tests.test_iter76_careers.TestCareersCRUD" name="test_delete_job" time="0.403" /></testsuite></testsuites>