<?xml version="1.0" encoding="utf-8"?><testsuites name="pytest tests"><testsuite name="pytest" errors="0" failures="0" skipped="0" tests="20" time="3.961" timestamp="2026-06-13T06:20:05.907711+00:00" hostname="agent-env-9918e38f-1f69-4fda-a603-62d6ea07706d"><testcase classname="backend.tests.test_iter32_wxm.TestList" name="test_list_returns_array[profiles]" time="0.614" /><testcase classname="backend.tests.test_iter32_wxm.TestList" name="test_list_returns_array[themes]" time="0.105" /><testcase classname="backend.tests.test_iter32_wxm.TestList" name="test_list_returns_array[heroes]" time="0.139" /><testcase classname="backend.tests.test_iter32_wxm.TestList" name="test_list_returns_array[ctas]" time="0.121" /><testcase classname="backend.tests.test_iter32_wxm.TestList" name="test_public_detect_no_auth" time="0.099" /><testcase classname="backend.tests.test_iter32_wxm.TestCreate" name="test_create_theme" time="0.104" /><testcase classname="backend.tests.test_iter32_wxm.TestCreate" name="test_create_cta" time="0.098" /><testcase classname="backend.tests.test_iter32_wxm.TestCreate" name="test_create_hero" time="0.100" /><testcase classname="backend.tests.test_iter32_wxm.TestCreate" name="test_create_profile" time="0.121" /><testcase classname="backend.tests.test_iter32_wxm.TestCreate" name="test_get_after_create" time="0.099" /><testcase classname="backend.tests.test_iter32_wxm.TestDetect" name="test_industry_country_match" time="0.096" /><testcase classname="backend.tests.test_iter32_wxm.TestDetect" name="test_default_fallback_on_no_match" time="0.115" /><testcase classname="backend.tests.test_iter32_wxm.TestDetect" name="test_preview_profile_id_force" time="0.139" /><testcase classname="backend.tests.test_iter32_wxm.TestDefaultInvariant" name="test_patch_sets_single_default" time="0.315" /><testcase classname="backend.tests.test_iter32_wxm.TestRBAC" name="test_intern_forbidden" time="0.429" /><testcase classname="backend.tests.test_iter32_wxm.TestRBAC" name="test_public_detect_no_auth_required" time="0.113" /><testcase classname="backend.tests.test_iter32_wxm.TestAnalytics" name="test_analytics_shape" time="0.382" /><testcase classname="backend.tests.test_iter32_wxm.TestAnalytics" name="test_analytics_intern_forbidden" time="0.096" /><testcase classname="backend.tests.test_iter32_wxm.TestCleanup" name="test_cleanup" time="0.487" /><testcase classname="backend.tests.test_iter32_wxm.TestCleanup" name="test_delete_unknown_returns_ok_false_or_404" time="0.096" /></testsuite></testsuites>