<?xml version="1.0" encoding="utf-8"?><testsuites name="pytest tests"><testsuite name="pytest" errors="0" failures="1" skipped="0" tests="18" time="6.517" timestamp="2026-07-17T02:57:54.837851+00:00" hostname="agent-env-9918e38f-1f69-4fda-a603-62d6ea07706d"><testcase classname="tests.test_iter68_stripe_hr_certs.TestStripeRemoved" name="test_stripe_checkout_endpoint_removed" time="0.660" /><testcase classname="tests.test_iter68_stripe_hr_certs.TestStripeRemoved" name="test_stripe_webhook_removed" time="0.106" /><testcase classname="tests.test_iter68_stripe_hr_certs.TestStripeRemoved" name="test_stripe_status_removed" time="0.110" /><testcase classname="tests.test_iter68_stripe_hr_certs.TestStripeRemoved" name="test_public_stripe_checkout_removed" time="0.222" /><testcase classname="tests.test_iter68_stripe_hr_certs.TestStripeRemoved" name="test_finance_activity_still_works" time="0.100" /><testcase classname="tests.test_iter68_stripe_hr_certs.TestStripeRemoved" name="test_public_invoice_unknown_404" time="0.101" /><testcase classname="tests.test_iter68_stripe_hr_certs.TestStripeRemoved" name="test_public_invoice_pay_page_stripe_disabled" time="0.199" /><testcase classname="tests.test_iter68_stripe_hr_certs.TestInvoiceSendNoPayLink" name="test_send_invoice_no_422" time="0.473"><failure message="AssertionError: unexpected 500: Internal Server Error&#10;assert (500 != 500 or 'gmail' in 'internal server error' or 'oauth' in 'internal server error' or 'refresh' in 'internal server error')&#10; +  where 500 = &lt;Response [500]&gt;.status_code&#10; +  and   'internal server error' = &lt;built-in method lower of str object at 0xfa76a8b6c940&gt;()&#10; +    where &lt;built-in method lower of str object at 0xfa76a8b6c940&gt; = 'Internal Server Error'.lower&#10; +      where 'Internal Server Error' = &lt;Response [500]&gt;.text&#10; +  and   'internal server error' = &lt;built-in method lower of str object at 0xfa76a8b6ef10&gt;()&#10; +    where &lt;built-in method lower of str object at 0xfa76a8b6ef10&gt; = 'Internal Server Error'.lower&#10; +      where 'Internal Server Error' = &lt;Response [500]&gt;.text&#10; +  and   'internal server error' = &lt;built-in method lower of str object at 0xfa76a8b6f320&gt;()&#10; +    where &lt;built-in method lower of str object at 0xfa76a8b6f320&gt; = 'Internal Server Error'.lower&#10; +      where 'Internal Server Error' = &lt;Response [500]&gt;.text">tests/test_iter68_stripe_hr_certs.py:133: in test_send_invoice_no_422
    assert r3.status_code != 500 or "gmail" in r3.text.lower() or "oauth" in r3.text.lower() or "refresh" in r3.text.lower(), \
E   AssertionError: unexpected 500: Internal Server Error
E   assert (500 != 500 or 'gmail' in 'internal server error' or 'oauth' in 'internal server error' or 'refresh' in 'internal server error')
E    +  where 500 = &lt;Response [500]&gt;.status_code
E    +  and   'internal server error' = &lt;built-in method lower of str object at 0xfa76a8b6c940&gt;()
E    +    where &lt;built-in method lower of str object at 0xfa76a8b6c940&gt; = 'Internal Server Error'.lower
E    +      where 'Internal Server Error' = &lt;Response [500]&gt;.text
E    +  and   'internal server error' = &lt;built-in method lower of str object at 0xfa76a8b6ef10&gt;()
E    +    where &lt;built-in method lower of str object at 0xfa76a8b6ef10&gt; = 'Internal Server Error'.lower
E    +      where 'Internal Server Error' = &lt;Response [500]&gt;.text
E    +  and   'internal server error' = &lt;built-in method lower of str object at 0xfa76a8b6f320&gt;()
E    +    where &lt;built-in method lower of str object at 0xfa76a8b6f320&gt; = 'Internal Server Error'.lower
E    +      where 'Internal Server Error' = &lt;Response [500]&gt;.text</failure></testcase><testcase classname="tests.test_iter68_stripe_hr_certs.TestInternCertificatePrivileged" name="test_hr_can_fetch_any_intern_certificate" time="0.630" /><testcase classname="tests.test_iter68_stripe_hr_certs.TestInternCertificatePrivileged" name="test_admin_can_fetch_any_intern_certificate" time="0.254" /><testcase classname="tests.test_iter68_stripe_hr_certs.TestInternCertificatePrivileged" name="test_hr_can_fetch_any_intern_tasks" time="0.209" /><testcase classname="tests.test_iter68_stripe_hr_certs.TestHRCertificatesCRUD" name="test_intern_forbidden_list" time="0.472" /><testcase classname="tests.test_iter68_stripe_hr_certs.TestHRCertificatesCRUD" name="test_intern_forbidden_create" time="0.107" /><testcase classname="tests.test_iter68_stripe_hr_certs.TestHRCertificatesCRUD" name="test_create_validation_missing_name" time="0.104" /><testcase classname="tests.test_iter68_stripe_hr_certs.TestHRCertificatesCRUD" name="test_create_validation_missing_content" time="0.150" /><testcase classname="tests.test_iter68_stripe_hr_certs.TestHRCertificatesCRUD" name="test_create_validation_bad_type" time="0.107" /><testcase classname="tests.test_iter68_stripe_hr_certs.TestHRCertificatesCRUD" name="test_full_flow_create_list_patch_sign_pdf_delete" time="1.450" /><testcase classname="tests.test_iter68_stripe_hr_certs.TestHRCertificatesCRUD" name="test_intern_forbidden_pdf" time="0.934" /></testsuite></testsuites>