<?xml version="1.0" encoding="utf-8"?><testsuites name="pytest tests"><testsuite name="pytest" errors="0" failures="0" skipped="0" tests="12" time="2.419" timestamp="2026-05-20T09:53:56.756474+00:00" hostname="agent-env-9918e38f-1f69-4fda-a603-62d6ea07706d"><testcase classname="backend.tests.test_chat_crossrole" name="test_login_all_actors" time="1.269" /><testcase classname="backend.tests.test_chat_crossrole" name="test_create_channel_includes_creator_in_member_ids" time="0.049" /><testcase classname="backend.tests.test_chat_crossrole" name="test_member_sees_channel_in_list" time="0.048" /><testcase classname="backend.tests.test_chat_crossrole" name="test_intern_does_not_see_channel" time="0.050" /><testcase classname="backend.tests.test_chat_crossrole" name="test_admin_sends_then_member_reads_and_replies" time="0.216" /><testcase classname="backend.tests.test_chat_crossrole" name="test_non_member_intern_cannot_read_messages" time="0.048" /><testcase classname="backend.tests.test_chat_crossrole" name="test_non_member_intern_cannot_post" time="0.049" /><testcase classname="backend.tests.test_chat_crossrole" name="test_member_can_patch_name_but_not_members" time="0.095" /><testcase classname="backend.tests.test_chat_crossrole" name="test_intern_cannot_patch_channel" time="0.046" /><testcase classname="backend.tests.test_chat_crossrole" name="test_admin_adds_intern_then_intern_sees_channel" time="0.183" /><testcase classname="backend.tests.test_chat_crossrole" name="test_attachment_flow" time="0.142" /><testcase classname="backend.tests.test_chat_crossrole" name="test_no_objectid_leak_in_responses" time="0.132" /></testsuite></testsuites>