<?xml version="1.0" encoding="utf-8"?><testsuites name="pytest tests"><testsuite name="pytest" errors="0" failures="0" skipped="0" tests="11" time="4.356" timestamp="2026-07-01T18:42:14.922289+00:00" hostname="agent-env-9918e38f-1f69-4fda-a603-62d6ea07706d"><testcase classname="backend.tests.test_hr_letters_iter53.TestCRUD" name="test_list" time="0.888" /><testcase classname="backend.tests.test_hr_letters_iter53.TestCRUD" name="test_get_one" time="0.145" /><testcase classname="backend.tests.test_hr_letters_iter53.TestCRUD" name="test_patch_body" time="0.245" /><testcase classname="backend.tests.test_hr_letters_iter53.TestCRUD" name="test_pdf_render_with_logo" time="0.852" /><testcase classname="backend.tests.test_hr_letters_iter53.TestSignToken" name="test_issue_token" time="0.103" /><testcase classname="backend.tests.test_hr_letters_iter53.TestSignToken" name="test_public_get_ok" time="0.276" /><testcase classname="backend.tests.test_hr_letters_iter53.TestSignToken" name="test_public_post_persists_signature_and_marks_used" time="0.582" /><testcase classname="backend.tests.test_hr_letters_iter53.TestSignToken" name="test_invalid_token_404" time="0.247" /><testcase classname="backend.tests.test_hr_letters_iter53.TestSignToken" name="test_invalid_signature_payload_400" time="0.211" /><testcase classname="backend.tests.test_hr_letters_iter53.TestAuth" name="test_requires_auth" time="0.107" /><testcase classname="backend.tests.test_hr_letters_iter53.TestAuth" name="test_delete" time="0.440" /></testsuite></testsuites>