<?xml version="1.0" encoding="utf-8"?><testsuites name="pytest tests"><testsuite name="pytest" errors="0" failures="0" skipped="0" tests="49" time="7.417" timestamp="2026-05-20T11:16:35.830038+00:00" hostname="agent-env-9918e38f-1f69-4fda-a603-62d6ea07706d"><testcase classname="backend.tests.test_iter14_calls_search_finance.TestCalling" name="test_create_call_admin_to_manager" time="2.480" /><testcase classname="backend.tests.test_iter14_calls_search_finance.TestCalling" name="test_cannot_call_self" time="0.064" /><testcase classname="backend.tests.test_iter14_calls_search_finance.TestCalling" name="test_missing_callee_404" time="0.064" /><testcase classname="backend.tests.test_iter14_calls_search_finance.TestCalling" name="test_incoming_for_callee_has_call" time="0.047" /><testcase classname="backend.tests.test_iter14_calls_search_finance.TestCalling" name="test_incoming_non_recipient_empty_for_this_call" time="0.045" /><testcase classname="backend.tests.test_iter14_calls_search_finance.TestCalling" name="test_get_call_by_stranger_403" time="0.047" /><testcase classname="backend.tests.test_iter14_calls_search_finance.TestCalling" name="test_get_call_by_caller_200" time="0.066" /><testcase classname="backend.tests.test_iter14_calls_search_finance.TestCalling" name="test_answer_by_non_callee_403" time="0.045" /><testcase classname="backend.tests.test_iter14_calls_search_finance.TestCalling" name="test_answer_by_callee_sets_active" time="0.043" /><testcase classname="backend.tests.test_iter14_calls_search_finance.TestCalling" name="test_answer_already_answered_400" time="0.045" /><testcase classname="backend.tests.test_iter14_calls_search_finance.TestCalling" name="test_ice_post_and_get_other_party_only" time="0.304" /><testcase classname="backend.tests.test_iter14_calls_search_finance.TestCalling" name="test_ice_stranger_403" time="0.048" /><testcase classname="backend.tests.test_iter14_calls_search_finance.TestCalling" name="test_decline_stranger_403" time="0.047" /><testcase classname="backend.tests.test_iter14_calls_search_finance.TestCalling" name="test_end_by_caller_ok" time="0.067" /><testcase classname="backend.tests.test_iter14_calls_search_finance.TestCalling" name="test_end_stranger_403" time="0.160" /><testcase classname="backend.tests.test_iter14_calls_search_finance.TestSearch" name="test_search_q_returns_grouped" time="0.068" /><testcase classname="backend.tests.test_iter14_calls_search_finance.TestSearch" name="test_search_empty_q_zero" time="0.066" /><testcase classname="backend.tests.test_iter14_calls_search_finance.TestSearch" name="test_search_single_char_ok" time="0.073" /><testcase classname="backend.tests.test_iter14_calls_search_finance.TestSearch" name="test_search_case_insensitive" time="0.150" /><testcase classname="backend.tests.test_iter14_calls_search_finance.TestFinanceCRUD" name="test_create_finance_admin" time="0.070" /><testcase classname="backend.tests.test_iter14_calls_search_finance.TestFinanceCRUD" name="test_stub_project_created" time="0.068" /><testcase classname="backend.tests.test_iter14_calls_search_finance.TestFinanceCRUD" name="test_duplicate_finance_for_project_400" time="0.066" /><testcase classname="backend.tests.test_iter14_calls_search_finance.TestFinanceCRUD" name="test_create_non_admin_403" time="0.187" /><testcase classname="backend.tests.test_iter14_calls_search_finance.TestFinanceCRUD" name="test_list_aggregates_and_no_heavy" time="0.067" /><testcase classname="backend.tests.test_iter14_calls_search_finance.TestFinanceCRUD" name="test_summary_priv_only" time="0.246" /><testcase classname="backend.tests.test_iter14_calls_search_finance.TestFinanceCRUD" name="test_patch_syncs_project_name" time="0.130" /><testcase classname="backend.tests.test_iter14_calls_search_finance.TestFinanceCRUD" name="test_patch_non_admin_403" time="0.048" /><testcase classname="backend.tests.test_iter14_calls_search_finance.TestFinancePayments" name="test_zero_amount_and_no_percent_400" time="0.069" /><testcase classname="backend.tests.test_iter14_calls_search_finance.TestFinancePayments" name="test_add_payment_by_amount" time="0.067" /><testcase classname="backend.tests.test_iter14_calls_search_finance.TestFinancePayments" name="test_add_payment_by_percent" time="0.066" /><testcase classname="backend.tests.test_iter14_calls_search_finance.TestFinancePayments" name="test_delete_payment" time="0.068" /><testcase classname="backend.tests.test_iter14_calls_search_finance.TestFinancePayments" name="test_payment_non_admin_403" time="0.044" /><testcase classname="backend.tests.test_iter14_calls_search_finance.TestFinanceEmails" name="test_add_email_first_primary_logic" time="0.072" /><testcase classname="backend.tests.test_iter14_calls_search_finance.TestFinanceEmails" name="test_delete_email_keeps_a_primary" time="0.065" /><testcase classname="backend.tests.test_iter14_calls_search_finance.TestFinanceFolders" name="test_add_folder_and_file" time="0.135" /><testcase classname="backend.tests.test_iter14_calls_search_finance.TestFinanceFolders" name="test_download_file_returns_base64" time="0.068" /><testcase classname="backend.tests.test_iter14_calls_search_finance.TestFinanceFolders" name="test_file_too_large_400" time="0.065" /><testcase classname="backend.tests.test_iter14_calls_search_finance.TestFinanceFolders" name="test_delete_file_and_folder" time="0.133" /><testcase classname="backend.tests.test_iter14_calls_search_finance.TestFinanceInvoices" name="test_create_invoice_with_pdf" time="0.249" /><testcase classname="backend.tests.test_iter14_calls_search_finance.TestFinanceInvoices" name="test_list_invoices_by_project" time="0.066" /><testcase classname="backend.tests.test_iter14_calls_search_finance.TestFinanceInvoices" name="test_get_invoice_excludes_pdf" time="0.066" /><testcase classname="backend.tests.test_iter14_calls_search_finance.TestFinanceInvoices" name="test_invoice_pdf_download" time="0.080" /><testcase classname="backend.tests.test_iter14_calls_search_finance.TestFinanceInvoices" name="test_send_invoice_gmail_not_connected_400" time="0.731" /><testcase classname="backend.tests.test_iter14_calls_search_finance.TestFinanceInvoices" name="test_send_invoice_non_admin_403" time="0.045" /><testcase classname="backend.tests.test_iter14_calls_search_finance.TestFinanceInvoices" name="test_reminder_gmail_not_connected_400" time="0.070" /><testcase classname="backend.tests.test_iter14_calls_search_finance.TestFinanceInvoices" name="test_reminder_non_admin_403" time="0.046" /><testcase classname="backend.tests.test_iter14_calls_search_finance.TestFinanceCleanup" name="test_search_finds_finance_and_invoice" time="0.142" /><testcase classname="backend.tests.test_iter14_calls_search_finance.TestFinanceCleanup" name="test_delete_finance_non_admin_403" time="0.050" /><testcase classname="backend.tests.test_iter14_calls_search_finance.TestFinanceCleanup" name="test_delete_finance_admin" time="0.064" /></testsuite></testsuites>