<?xml version="1.0" encoding="utf-8"?><testsuites name="pytest tests"><testsuite name="pytest" errors="0" failures="0" skipped="0" tests="166" time="37.138" timestamp="2026-05-20T09:54:09.149394+00:00" hostname="agent-env-9918e38f-1f69-4fda-a603-62d6ea07706d"><testcase classname="backend.tests.backend_test" name="test_root" time="0.130" /><testcase classname="backend.tests.backend_test.TestAuth" name="test_login_admin" time="0.329" /><testcase classname="backend.tests.backend_test.TestAuth" name="test_login_invalid" time="0.327" /><testcase classname="backend.tests.backend_test.TestAuth" name="test_me_unauthenticated" time="0.096" /><testcase classname="backend.tests.backend_test.TestAuth" name="test_me_authenticated" time="0.363" /><testcase classname="backend.tests.backend_test.TestAuth" name="test_register_and_login_new_user" time="0.805" /><testcase classname="backend.tests.backend_test.TestAuth" name="test_logout" time="0.092" /><testcase classname="backend.tests.backend_test.TestLeads" name="test_create_lead" time="0.048" /><testcase classname="backend.tests.backend_test.TestLeads" name="test_list_leads" time="0.045" /><testcase classname="backend.tests.backend_test.TestLeads" name="test_get_lead" time="0.047" /><testcase classname="backend.tests.backend_test.TestLeads" name="test_patch_lead_status" time="0.047" /><testcase classname="backend.tests.backend_test.TestLeads" name="test_add_note" time="0.047" /><testcase classname="backend.tests.backend_test.TestLeads" name="test_add_empty_note_fails" time="0.048" /><testcase classname="backend.tests.backend_test.TestLeads" name="test_analytics" time="0.045" /><testcase classname="backend.tests.backend_test.TestLeads" name="test_delete_lead" time="0.090" /><testcase classname="backend.tests.backend_test.TestLeads" name="test_unauth_leads_blocked" time="0.102" /><testcase classname="backend.tests.backend_test.TestTasks" name="test_create_task" time="0.052" /><testcase classname="backend.tests.backend_test.TestTasks" name="test_list_tasks" time="0.045" /><testcase classname="backend.tests.backend_test.TestTasks" name="test_patch_task_status" time="0.046" /><testcase classname="backend.tests.backend_test.TestTasks" name="test_delete_task" time="0.093" /><testcase classname="backend.tests.backend_test.TestTasks" name="test_unauth_tasks_blocked" time="0.103" /><testcase classname="backend.tests.backend_test.TestTeam" name="test_unauth_team_blocked" time="0.105" /><testcase classname="backend.tests.backend_test.TestTeam" name="test_create_team_member" time="0.047" /><testcase classname="backend.tests.backend_test.TestTeam" name="test_list_team" time="0.046" /><testcase classname="backend.tests.backend_test.TestTeam" name="test_duplicate_email_blocked" time="0.044" /><testcase classname="backend.tests.backend_test.TestTeam" name="test_patch_team_member" time="0.096" /><testcase classname="backend.tests.backend_test.TestTeam" name="test_team_analytics" time="0.047" /><testcase classname="backend.tests.backend_test.TestTeam" name="test_delete_team_member" time="0.093" /><testcase classname="backend.tests.backend_test" name="test_dashboard_stats" time="0.047" /><testcase classname="backend.tests.backend_test" name="test_cors_credentialed_post" time="0.318" /><testcase classname="backend.tests.test_batch1.TestSettings" name="test_public_settings_default_true" time="0.520" /><testcase classname="backend.tests.test_batch1.TestSettings" name="test_settings_get_auth_required" time="0.422" /><testcase classname="backend.tests.test_batch1.TestSettings" name="test_settings_patch_non_admin_forbidden" time="0.446" /><testcase classname="backend.tests.test_batch1.TestSettings" name="test_settings_patch_admin_and_public_reflects" time="0.400" /><testcase classname="backend.tests.test_batch1.TestAssignTask" name="test_assign_task_with_attachment_no_project" time="1.288" /><testcase classname="backend.tests.test_batch1.TestAssignTask" name="test_assign_task_with_project_publishes_doc" time="0.310" /><testcase classname="backend.tests.test_batch1.TestAssignProject" name="test_assign_project_to_intern" time="0.197" /><testcase classname="backend.tests.test_batch1.TestDMChannel" name="test_dm_find_or_create" time="0.204" /><testcase classname="backend.tests.test_batch1.TestRegression" name="test_verify_document_tristate" time="0.095" /><testcase classname="backend.tests.test_batch1.TestRegression" name="test_intern_docs_endpoint" time="0.100" /><testcase classname="backend.tests.test_batch1.TestRegression" name="test_members_directory" time="0.098" /><testcase classname="backend.tests.test_batch23.TestBadgeCatalog" name="test_catalog_returns_8_items" time="0.366" /><testcase classname="backend.tests.test_batch23.TestAwardBadge" name="test_award_valid" time="0.164" /><testcase classname="backend.tests.test_batch23.TestAwardBadge" name="test_award_bad_slug" time="0.046" /><testcase classname="backend.tests.test_batch23.TestAwardBadge" name="test_award_forbidden_for_member" time="0.367" /><testcase classname="backend.tests.test_batch23.TestBadgeSuggestion" name="test_suggestion_returns_valid_slug" time="4.421" /><testcase classname="backend.tests.test_batch23.TestChannelPatch" name="test_patch_name_and_members" time="0.289" /><testcase classname="backend.tests.test_batch23.TestChatImageAttachment" name="test_send_inline_png" time="0.192" /><testcase classname="backend.tests.test_batch_certificate.TestPerformanceCertificate" name="test_admin_can_download_intern_certificate" time="0.704" /><testcase classname="backend.tests.test_batch_certificate.TestRegressionEndpoints" name="test_intern_progress" time="0.372" /><testcase classname="backend.tests.test_batch_certificate.TestRegressionEndpoints" name="test_intern_progress_pdf" time="0.063" /><testcase classname="backend.tests.test_batch_certificate.TestRegressionEndpoints" name="test_badge_catalog" time="0.049" /><testcase classname="backend.tests.test_batch_certificate.TestRegressionEndpoints" name="test_manager_interns" time="0.061" /><testcase classname="backend.tests.test_batch_certificate.TestRegressionEndpoints" name="test_public_settings" time="0.095" /><testcase classname="backend.tests.test_batch_certificate.TestRegressionEndpoints" name="test_chat_channels_list" time="0.048" /><testcase classname="backend.tests.test_batch_certificate.TestAwardThenProgress" name="test_award_and_progress_lists_badge" time="0.094" /><testcase classname="backend.tests.test_batch_certificate.TestChatChannelPatchRegression" name="test_patch_group_channel" time="0.146" /><testcase classname="backend.tests.test_chat_crossrole" name="test_login_all_actors" time="1.130" /><testcase classname="backend.tests.test_chat_crossrole" name="test_create_channel_includes_creator_in_member_ids" time="0.052" /><testcase classname="backend.tests.test_chat_crossrole" name="test_member_sees_channel_in_list" time="0.050" /><testcase classname="backend.tests.test_chat_crossrole" name="test_intern_does_not_see_channel" time="0.050" /><testcase classname="backend.tests.test_chat_crossrole" name="test_admin_sends_then_member_reads_and_replies" time="0.204" /><testcase classname="backend.tests.test_chat_crossrole" name="test_non_member_intern_cannot_read_messages" time="0.053" /><testcase classname="backend.tests.test_chat_crossrole" name="test_non_member_intern_cannot_post" time="0.055" /><testcase classname="backend.tests.test_chat_crossrole" name="test_member_can_patch_name_but_not_members" time="0.091" /><testcase classname="backend.tests.test_chat_crossrole" name="test_intern_cannot_patch_channel" time="0.048" /><testcase classname="backend.tests.test_chat_crossrole" name="test_admin_adds_intern_then_intern_sees_channel" time="0.197" /><testcase classname="backend.tests.test_chat_crossrole" name="test_attachment_flow" time="0.147" /><testcase classname="backend.tests.test_chat_crossrole" name="test_no_objectid_leak_in_responses" time="0.156" /><testcase classname="backend.tests.test_extensions.TestProjects" name="test_unauth_projects_blocked" time="0.117" /><testcase classname="backend.tests.test_extensions.TestProjects" name="test_create_project" time="0.385" /><testcase classname="backend.tests.test_extensions.TestProjects" name="test_list_projects" time="0.055" /><testcase classname="backend.tests.test_extensions.TestProjects" name="test_get_project" time="0.053" /><testcase classname="backend.tests.test_extensions.TestProjects" name="test_patch_project_status_triggers_notification" time="0.165" /><testcase classname="backend.tests.test_extensions.TestProjects" name="test_analytics_summary" time="0.058" /><testcase classname="backend.tests.test_extensions.TestProjects" name="test_delete_project" time="0.108" /><testcase classname="backend.tests.test_extensions.TestDocuments" name="test_upload_document" time="0.055" /><testcase classname="backend.tests.test_extensions.TestDocuments" name="test_list_documents_excludes_content" time="0.050" /><testcase classname="backend.tests.test_extensions.TestDocuments" name="test_download_document" time="0.050" /><testcase classname="backend.tests.test_extensions.TestDocuments" name="test_add_comment" time="0.053" /><testcase classname="backend.tests.test_extensions.TestDocuments" name="test_delete_document" time="0.053" /><testcase classname="backend.tests.test_extensions.TestChat" name="test_create_channel" time="0.052" /><testcase classname="backend.tests.test_extensions.TestChat" name="test_list_channels" time="0.052" /><testcase classname="backend.tests.test_extensions.TestChat" name="test_send_text_message" time="0.077" /><testcase classname="backend.tests.test_extensions.TestChat" name="test_send_attachment" time="0.056" /><testcase classname="backend.tests.test_extensions.TestChat" name="test_list_messages" time="0.054" /><testcase classname="backend.tests.test_extensions.TestChat" name="test_empty_message_rejected" time="0.049" /><testcase classname="backend.tests.test_extensions.TestChat" name="test_delete_channel" time="0.054" /><testcase classname="backend.tests.test_extensions.TestNotifications" name="test_list_notifications" time="0.054" /><testcase classname="backend.tests.test_extensions.TestNotifications" name="test_read_all" time="0.105" /><testcase classname="backend.tests.test_extensions.TestNotifications" name="test_read_single" time="0.204" /><testcase classname="backend.tests.test_extensions.TestInterns" name="test_create_intern" time="0.054" /><testcase classname="backend.tests.test_extensions.TestInterns" name="test_create_intern_task" time="0.096" /><testcase classname="backend.tests.test_extensions.TestInterns" name="test_complete_task_awards_badge" time="0.156" /><testcase classname="backend.tests.test_extensions.TestInterns" name="test_certificate_pdf" time="0.144" /><testcase classname="backend.tests.test_extensions.TestInterns" name="test_cleanup_intern" time="0.051" /><testcase classname="backend.tests.test_extensions.TestAI" name="test_create_session" time="0.056" /><testcase classname="backend.tests.test_extensions.TestAI" name="test_send_and_receive" time="1.643" /><testcase classname="backend.tests.test_extensions.TestAI" name="test_cleanup_session" time="0.056" /><testcase classname="backend.tests.test_issues_and_cert.TestIssues" name="test_create_issue_admin" time="0.396" /><testcase classname="backend.tests.test_issues_and_cert.TestIssues" name="test_list_issues_admin" time="0.050" /><testcase classname="backend.tests.test_issues_and_cert.TestIssues" name="test_list_issues_filter_status" time="0.049" /><testcase classname="backend.tests.test_issues_and_cert.TestIssues" name="test_list_issues_filter_type" time="0.047" /><testcase classname="backend.tests.test_issues_and_cert.TestIssues" name="test_get_issue_full" time="0.049" /><testcase classname="backend.tests.test_issues_and_cert.TestIssues" name="test_patch_status_admin" time="0.096" /><testcase classname="backend.tests.test_issues_and_cert.TestIssues" name="test_member_cannot_patch_when_not_assignee" time="0.421" /><testcase classname="backend.tests.test_issues_and_cert.TestIssues" name="test_add_comment" time="0.099" /><testcase classname="backend.tests.test_issues_and_cert.TestIssues" name="test_comment_by_member" time="0.050" /><testcase classname="backend.tests.test_issues_and_cert.TestIssues" name="test_delete_non_admin_forbidden" time="0.048" /><testcase classname="backend.tests.test_issues_and_cert.TestIssues" name="test_delete_admin_ok" time="0.101" /><testcase classname="backend.tests.test_issues_and_cert.TestCertificate" name="test_intern_certificate_pdf" time="0.481" /><testcase classname="backend.tests.test_issues_and_cert.TestRegression" name="test_dashboard" time="0.049" /><testcase classname="backend.tests.test_issues_and_cert.TestRegression" name="test_leads" time="0.051" /><testcase classname="backend.tests.test_issues_and_cert.TestRegression" name="test_tasks" time="0.048" /><testcase classname="backend.tests.test_issues_and_cert.TestRegression" name="test_team" time="0.080" /><testcase classname="backend.tests.test_issues_and_cert.TestRegression" name="test_projects" time="0.053" /><testcase classname="backend.tests.test_issues_and_cert.TestRegression" name="test_manager_interns" time="0.068" /><testcase classname="backend.tests.test_issues_and_cert.TestRegression" name="test_settings" time="0.055" /><testcase classname="backend.tests.test_issues_and_cert.TestRegression" name="test_badges" time="0.060" /><testcase classname="backend.tests.test_phase3.TestRoleLogin" name="test_login_returns_role[admin]" time="1.289" /><testcase classname="backend.tests.test_phase3.TestRoleLogin" name="test_login_returns_role[manager]" time="0.000" /><testcase classname="backend.tests.test_phase3.TestRoleLogin" name="test_login_returns_role[member]" time="0.000" /><testcase classname="backend.tests.test_phase3.TestRoleLogin" name="test_login_returns_role[intern]" time="0.000" /><testcase classname="backend.tests.test_phase3.TestMembersDirectory" name="test_directory_returns_users_no_password_hash" time="0.048" /><testcase classname="backend.tests.test_phase3.TestMembersDirectory" name="test_directory_accessible_by_intern" time="0.048" /><testcase classname="backend.tests.test_phase3.TestInternSelfService" name="test_me_intern_returns_profile" time="0.048" /><testcase classname="backend.tests.test_phase3.TestInternSelfService" name="test_me_intern_403_for_admin" time="0.045" /><testcase classname="backend.tests.test_phase3.TestInternSelfService" name="test_seed_intern_task_then_list" time="0.093" /><testcase classname="backend.tests.test_phase3.TestInternSelfService" name="test_complete_task_awards_ontime_badge" time="0.144" /><testcase classname="backend.tests.test_phase3.TestInternSelfService" name="test_list_documents_required_and_submitted_no_leak" time="0.045" /><testcase classname="backend.tests.test_phase3.TestInternSelfService" name="test_submit_all_5_docs_triggers_diligence" time="0.285" /><testcase classname="backend.tests.test_phase3.TestInternSelfService" name="test_download_document_returns_content" time="0.045" /><testcase classname="backend.tests.test_phase3.TestInternSelfService" name="test_progress_summary" time="0.045" /><testcase classname="backend.tests.test_phase3.TestInternSelfService" name="test_progress_pdf" time="0.061" /><testcase classname="backend.tests.test_phase3.TestManualBadge" name="test_manager_can_award_badge" time="0.058" /><testcase classname="backend.tests.test_phase3.TestManualBadge" name="test_admin_can_award_badge" time="0.046" /><testcase classname="backend.tests.test_phase3.TestManualBadge" name="test_intern_cannot_award_badge" time="0.045" /><testcase classname="backend.tests.test_phase3.TestRegression" name="test_projects_list" time="0.046" /><testcase classname="backend.tests.test_phase3.TestRegression" name="test_tasks_list" time="0.046" /><testcase classname="backend.tests.test_phase3.TestRegression" name="test_interns_list" time="0.047" /><testcase classname="backend.tests.test_phase3.TestRegression" name="test_chat_channels" time="0.048" /><testcase classname="backend.tests.test_phase3.TestRegression" name="test_ai_sessions" time="0.046" /><testcase classname="backend.tests.test_phase4.TestSeededAccounts" name="test_admin_login" time="0.324" /><testcase classname="backend.tests.test_phase4.TestSeededAccounts" name="test_manager_login" time="0.332" /><testcase classname="backend.tests.test_phase4.TestSeededAccounts" name="test_hr_login_returns_hr_role" time="0.314" /><testcase classname="backend.tests.test_phase4.TestSeededAccounts" name="test_member_login" time="0.320" /><testcase classname="backend.tests.test_phase4.TestSeededAccounts" name="test_intern_login" time="0.332" /><testcase classname="backend.tests.test_phase4.TestCreateInternWithLogin" name="test_creates_intern_and_returns_welcome_password" time="0.647" /><testcase classname="backend.tests.test_phase4.TestCreateInternWithLogin" name="test_intern_doc_linked_user" time="0.000" /><testcase classname="backend.tests.test_phase4.TestCreateInternWithLogin" name="test_login_with_returned_credentials" time="0.314" /><testcase classname="backend.tests.test_phase4.TestCreateInternWithLogin" name="test_profile_shows_must_change_password" time="0.419" /><testcase classname="backend.tests.test_phase4.TestCreateInternWithLogin" name="test_duplicate_intern_email_rejected" time="0.099" /><testcase classname="backend.tests.test_phase4.TestChangePassword" name="test_first_change_without_current_password" time="1.086" /><testcase classname="backend.tests.test_phase4.TestChangePassword" name="test_second_change_requires_current_password_wrong" time="0.649" /><testcase classname="backend.tests.test_phase4.TestChangePassword" name="test_second_change_with_correct_current_succeeds" time="0.865" /><testcase classname="backend.tests.test_phase4.TestProfileUpdate" name="test_patch_profile_updates_intern_record" time="0.555" /><testcase classname="backend.tests.test_phase4.TestHeartbeat" name="test_heartbeat_creates_and_increments" time="0.629" /><testcase classname="backend.tests.test_phase4.TestManagerDashboard" name="test_manager_interns_admin" time="0.104" /><testcase classname="backend.tests.test_phase4.TestManagerDashboard" name="test_manager_interns_forbidden_for_intern" time="0.437" /><testcase classname="backend.tests.test_phase4.TestManagerDashboard" name="test_activity_feed" time="0.099" /><testcase classname="backend.tests.test_phase4.TestManagerDashboard" name="test_activity_feed_hr_access" time="0.422" /><testcase classname="backend.tests.test_phase4.TestDocVerification" name="test_submit_and_verify_doc" time="0.620" /><testcase classname="backend.tests.test_phase4.TestPDFs" name="test_intern_certificate_pdf" time="0.145" /><testcase classname="backend.tests.test_phase4.TestPDFs" name="test_progress_pdf_redesigned" time="0.446" /><testcase classname="backend.tests.test_phase4.TestRegression" name="test_old_endpoints" time="0.288" /><testcase classname="backend.tests.test_phase4.TestRegression" name="test_intern_self_service" time="0.762" /></testsuite></testsuites>