<?xml version="1.0" encoding="utf-8"?><testsuites name="pytest tests"><testsuite name="pytest" errors="0" failures="0" skipped="0" tests="7" time="2.121" timestamp="2026-07-21T07:43:01.067358+00:00" hostname="agent-env-9918e38f-1f69-4fda-a603-62d6ea07706d"><testcase classname="backend.tests.test_iter75_playbooks_themes" name="test_themes_endpoint_returns_exactly_five_new_keys" time="0.676" /><testcase classname="backend.tests.test_iter75_playbooks_themes" name="test_create_playbook_with_future_tech_and_urls_full_page" time="0.143" /><testcase classname="backend.tests.test_iter75_playbooks_themes" name="test_create_playbook_with_legacy_midnight_alias" time="0.103" /><testcase classname="backend.tests.test_iter75_playbooks_themes" name="test_pdf_download_has_uri_annotations" time="0.158" /><testcase classname="backend.tests.test_iter75_playbooks_themes" name="test_pdf_download_for_alias_theme" time="0.161" /><testcase classname="backend.tests.test_iter75_playbooks_themes" name="test_cleanup_delete_test_playbooks" time="0.232" /><testcase classname="backend.tests.test_iter75_playbooks_themes" name="test_real_client_onboarding_playbook_untouched" time="0.246" /></testsuite></testsuites>