<?xml version="1.0" encoding="utf-8"?><testsuites name="pytest tests"><testsuite name="pytest" errors="0" failures="0" skipped="0" tests="10" time="3.545" timestamp="2026-05-25T09:33:30.776215+00:00" hostname="agent-env-9918e38f-1f69-4fda-a603-62d6ea07706d"><testcase classname="backend.tests.test_iter30_company_pdf.TestWebsiteConfig" name="test_public_get_website_config" time="0.263" /><testcase classname="backend.tests.test_iter30_company_pdf.TestWebsiteConfig" name="test_super_admin_patches_hero" time="0.580" /><testcase classname="backend.tests.test_iter30_company_pdf.TestCompanyProfilePdf" name="test_info_returns_custom_false_by_default" time="0.217" /><testcase classname="backend.tests.test_iter30_company_pdf.TestCompanyProfilePdf" name="test_auto_generated_pdf_download" time="0.436" /><testcase classname="backend.tests.test_iter30_company_pdf.TestCompanyProfilePdf" name="test_non_super_admin_cannot_upload" time="0.468" /><testcase classname="backend.tests.test_iter30_company_pdf.TestCompanyProfilePdf" name="test_upload_non_pdf_rejected" time="0.105" /><testcase classname="backend.tests.test_iter30_company_pdf.TestCompanyProfilePdf" name="test_upload_then_info_then_download_then_revert" time="0.902" /><testcase classname="backend.tests.test_iter30_company_pdf.TestProjectsAndPipeline" name="test_list_projects_includes_new_fields" time="0.101" /><testcase classname="backend.tests.test_iter30_company_pdf.TestProjectsAndPipeline" name="test_assignable_users_endpoint" time="0.202" /><testcase classname="backend.tests.test_iter30_company_pdf.TestProjectsAndPipeline" name="test_project_detail_has_7_stage_pipeline" time="0.206" /></testsuite></testsuites>