<?xml version="1.0" encoding="utf-8"?><testsuites name="pytest tests"><testsuite name="pytest" errors="0" failures="0" skipped="0" tests="4" time="0.956" timestamp="2026-06-13T07:47:16.568518+00:00" hostname="agent-env-9918e38f-1f69-4fda-a603-62d6ea07706d"><testcase classname="backend.tests.test_iter38_polish" name="test_invoice_pdf_total_due_single_line_7digit" time="0.284" /><testcase classname="backend.tests.test_iter38_polish" name="test_invoice_pdf_total_due_single_line_8digit" time="0.145" /><testcase classname="backend.tests.test_iter38_polish" name="test_invoice_pdf_logo_present_or_fallback" time="0.142" /><testcase classname="backend.tests.test_iter38_polish" name="test_invoice_pdf_basic_metadata" time="0.156" /></testsuite></testsuites>