<?xml version="1.0" encoding="utf-8"?><testsuites name="pytest tests"><testsuite name="pytest" errors="0" failures="0" skipped="0" tests="13" time="3.362" timestamp="2026-06-13T06:31:34.014839+00:00" hostname="agent-env-9918e38f-1f69-4fda-a603-62d6ea07706d"><testcase classname="backend.tests.test_iter33_wxm_themes_apply.TestPresetSeeding" name="test_themes_returns_list_with_min_6" time="0.628" /><testcase classname="backend.tests.test_iter33_wxm_themes_apply.TestPresetSeeding" name="test_all_six_presets_seeded" time="0.000" /><testcase classname="backend.tests.test_iter33_wxm_themes_apply.TestPresetSeeding" name="test_presets_marked_with_flag" time="0.000" /><testcase classname="backend.tests.test_iter33_wxm_themes_apply.TestPresetSeeding" name="test_presets_have_required_fields" time="0.000" /><testcase classname="backend.tests.test_iter33_wxm_themes_apply.TestPresetSeeding" name="test_seeding_is_idempotent" time="0.106" /><testcase classname="backend.tests.test_iter33_wxm_themes_apply.TestActivate" name="test_activate_crimson_pulse_returns_200" time="0.100" /><testcase classname="backend.tests.test_iter33_wxm_themes_apply.TestActivate" name="test_single_active_invariant" time="0.105" /><testcase classname="backend.tests.test_iter33_wxm_themes_apply.TestActivate" name="test_switch_active_to_emerald" time="0.306" /><testcase classname="backend.tests.test_iter33_wxm_themes_apply.TestActivate" name="test_activate_non_existent_returns_404" time="0.105" /><testcase classname="backend.tests.test_iter33_wxm_themes_apply.TestActivateRBAC" name="test_intern_forbidden" time="0.454" /><testcase classname="backend.tests.test_iter33_wxm_themes_apply.TestActivateRBAC" name="test_no_auth_forbidden" time="0.096" /><testcase classname="backend.tests.test_iter33_wxm_themes_apply.TestPublicActiveTheme" name="test_returns_currently_active_no_auth" time="0.639" /><testcase classname="backend.tests.test_iter33_wxm_themes_apply.TestPublicActiveTheme" name="test_no_mongodb_id_leak" time="0.758" /></testsuite></testsuites>