<?xml version="1.0" encoding="utf-8"?><testsuites name="pytest tests"><testsuite name="pytest" errors="0" failures="0" skipped="0" tests="9" time="3.396" timestamp="2026-06-14T15:58:51.321570+00:00" hostname="agent-env-9918e38f-1f69-4fda-a603-62d6ea07706d"><testcase classname="tests.test_iter47_self_host_ai.TestAIConfigEndpoint" name="test_get_ai_config_baseline" time="0.539" /><testcase classname="tests.test_iter47_self_host_ai.TestAIConfigEndpoint" name="test_put_ollama_override_and_persist" time="0.241" /><testcase classname="tests.test_iter47_self_host_ai.TestAIConfigEndpoint" name="test_delete_clears_override" time="0.222" /><testcase classname="tests.test_iter47_self_host_ai.TestAIConfigEndpoint" name="test_ai_test_endpoint_returns_clean_json" time="1.815" /><testcase classname="tests.test_iter47_self_host_ai.TestAIProviderModule" name="test_active_provider_resolves_ollama" time="0.001" /><testcase classname="tests.test_iter47_self_host_ai.TestAIProviderModule" name="test_active_provider_resolves_openrouter" time="0.000" /><testcase classname="tests.test_iter47_self_host_ai.TestAIProviderModule" name="test_ollama_unreachable_raises_runtime_error" time="0.079" /><testcase classname="tests.test_iter47_self_host_ai.TestAIProviderModule" name="test_openrouter_invalid_key_raises_clean_runtime_error" time="0.437" /><testcase classname="tests.test_iter47_self_host_ai.TestAIProviderModule" name="test_openrouter_module_uses_correct_base_url" time="0.002" /></testsuite></testsuites>