<?xml version="1.0" encoding="utf-8"?><testsuites name="pytest tests"><testsuite name="pytest" errors="0" failures="0" skipped="0" tests="14" time="2.629" timestamp="2026-08-01T15:43:35.982192+00:00" hostname="agent-env-9918e38f-1f69-4fda-a603-62d6ea07706d"><testcase classname="backend.tests.test_iter80_dates_and_placement.TestHRLetterFutureDate" name="test_create_letter_with_future_date" time="0.647" /><testcase classname="backend.tests.test_iter80_dates_and_placement.TestHRLetterFutureDate" name="test_pdf_contains_future_date" time="0.580" /><testcase classname="backend.tests.test_iter80_dates_and_placement.TestHRLetterSignaturePlacement" name="test_add_signature_and_placement_persists" time="0.248" /><testcase classname="backend.tests.test_iter80_dates_and_placement.TestHRLetterSignaturePlacement" name="test_pdf_generation_with_placed_signature" time="0.154" /><testcase classname="backend.tests.test_iter80_dates_and_placement.TestFinanceInvoiceFutureDate" name="test_create_invoice_future_date" time="0.216" /><testcase classname="backend.tests.test_iter80_dates_and_placement.TestFinanceInvoiceFutureDate" name="test_invoice_pdf_shows_future_date" time="0.109" /><testcase classname="backend.tests.test_iter80_dates_and_placement.TestFinanceReceiptFutureDate" name="test_create_receipt_future_date" time="0.105" /><testcase classname="backend.tests.test_iter80_dates_and_placement.TestFinanceReceiptFutureDate" name="test_receipt_pdf_shows_future_date" time="0.111" /><testcase classname="backend.tests.test_iter80_dates_and_placement.TestSmokeRegression" name="test_hr_letters_list" time="0.057" /><testcase classname="backend.tests.test_iter80_dates_and_placement.TestSmokeRegression" name="test_invoice_list" time="0.051" /><testcase classname="backend.tests.test_iter80_dates_and_placement.TestSmokeRegression" name="test_receipt_list" time="0.055" /><testcase classname="backend.tests.test_iter80_dates_and_placement.TestCleanup" name="test_cleanup_letters" time="0.054" /><testcase classname="backend.tests.test_iter80_dates_and_placement.TestCleanup" name="test_cleanup_invoices" time="0.047" /><testcase classname="backend.tests.test_iter80_dates_and_placement.TestCleanup" name="test_cleanup_receipts" time="0.051" /></testsuite></testsuites>