<?xml version="1.0" encoding="utf-8"?><testsuites name="pytest tests"><testsuite name="pytest" errors="0" failures="0" skipped="0" tests="20" time="7.333" timestamp="2026-07-01T19:58:58.912892+00:00" hostname="agent-env-9918e38f-1f69-4fda-a603-62d6ea07706d"><testcase classname="backend.tests.test_hr_letters_iter55.TestUploadSignatureDataURL" name="test_patch_signature_with_uploaded_image_data_url" time="0.692" /><testcase classname="backend.tests.test_hr_letters_iter55.TestUploadSignatureDataURL" name="test_pdf_render_embeds_uploaded_signature" time="0.372" /><testcase classname="backend.tests.test_hr_letters_iter55.TestUploadSignatureDataURL" name="test_invalid_data_url_still_accepted_by_backend" time="0.210" /><testcase classname="backend.tests.test_hr_letters_iter54.TestCompanyProfile" name="test_get_profile_returns_singleton" time="0.457" /><testcase classname="backend.tests.test_hr_letters_iter54.TestCompanyProfile" name="test_put_profile_persists" time="0.256" /><testcase classname="backend.tests.test_hr_letters_iter54.TestCompanyProfile" name="test_intern_put_forbidden" time="0.503" /><testcase classname="backend.tests.test_hr_letters_iter54.TestCompanyProfile" name="test_pdf_reflects_profile" time="0.711" /><testcase classname="backend.tests.test_hr_letters_iter54.TestRegression" name="test_list_letters_still_works" time="0.122" /><testcase classname="backend.tests.test_hr_letters_iter54.TestRegression" name="test_sign_token_flow" time="0.688" /><testcase classname="backend.tests.test_hr_letters_iter53.TestCRUD" name="test_list" time="0.583" /><testcase classname="backend.tests.test_hr_letters_iter53.TestCRUD" name="test_get_one" time="0.105" /><testcase classname="backend.tests.test_hr_letters_iter53.TestCRUD" name="test_patch_body" time="0.234" /><testcase classname="backend.tests.test_hr_letters_iter53.TestCRUD" name="test_pdf_render_with_logo" time="0.294" /><testcase classname="backend.tests.test_hr_letters_iter53.TestSignToken" name="test_issue_token" time="0.141" /><testcase classname="backend.tests.test_hr_letters_iter53.TestSignToken" name="test_public_get_ok" time="0.228" /><testcase classname="backend.tests.test_hr_letters_iter53.TestSignToken" name="test_public_post_persists_signature_and_marks_used" time="0.586" /><testcase classname="backend.tests.test_hr_letters_iter53.TestSignToken" name="test_invalid_token_404" time="0.243" /><testcase classname="backend.tests.test_hr_letters_iter53.TestSignToken" name="test_invalid_signature_payload_400" time="0.214" /><testcase classname="backend.tests.test_hr_letters_iter53.TestAuth" name="test_requires_auth" time="0.104" /><testcase classname="backend.tests.test_hr_letters_iter53.TestAuth" name="test_delete" time="0.477" /></testsuite></testsuites>