<?xml version="1.0" encoding="utf-8"?><testsuites name="pytest tests"><testsuite name="pytest" errors="0" failures="0" skipped="0" tests="6" time="3.513" timestamp="2026-07-01T19:06:19.320920+00:00" hostname="agent-env-9918e38f-1f69-4fda-a603-62d6ea07706d"><testcase classname="backend.tests.test_hr_letters_iter54.TestCompanyProfile" name="test_get_profile_returns_singleton" time="0.679" /><testcase classname="backend.tests.test_hr_letters_iter54.TestCompanyProfile" name="test_put_profile_persists" time="0.246" /><testcase classname="backend.tests.test_hr_letters_iter54.TestCompanyProfile" name="test_intern_put_forbidden" time="0.479" /><testcase classname="backend.tests.test_hr_letters_iter54.TestCompanyProfile" name="test_pdf_reflects_profile" time="1.179" /><testcase classname="backend.tests.test_hr_letters_iter54.TestRegression" name="test_list_letters_still_works" time="0.115" /><testcase classname="backend.tests.test_hr_letters_iter54.TestRegression" name="test_sign_token_flow" time="0.715" /></testsuite></testsuites>