<?xml version="1.0" encoding="utf-8"?><testsuites name="pytest tests"><testsuite name="pytest" errors="0" failures="0" skipped="0" tests="8" time="2.372" timestamp="2026-07-03T10:12:02.074800+00:00" hostname="agent-env-9918e38f-1f69-4fda-a603-62d6ea07706d"><testcase classname="backend.tests.test_static_assets_iter57.TestStaticAssets" name="test_logo_png_serves_ok" time="0.276" /><testcase classname="backend.tests.test_static_assets_iter57.TestStaticAssets" name="test_icon_192_serves_ok" time="0.055" /><testcase classname="backend.tests.test_static_assets_iter57.TestStaticAssets" name="test_icon_512_serves_ok" time="0.054" /><testcase classname="backend.tests.test_static_assets_iter57.TestStaticAssets" name="test_favicon_serves_ok" time="0.042" /><testcase classname="backend.tests.test_static_assets_iter57.TestStaticAssets" name="test_manifest_valid_and_points_to_local_icons" time="0.045" /><testcase classname="backend.tests.test_static_assets_iter57.TestIndexHtml" name="test_favicon_and_apple_touch_icon_are_local" time="0.046" /><testcase classname="backend.tests.test_static_assets_iter57.TestIndexHtml" name="test_manifest_link_present" time="0.045" /><testcase classname="backend.tests.test_static_assets_iter57.TestContractPdfUnaffected" name="test_pdf_still_generates" time="1.743" /></testsuite></testsuites>