<?xml version="1.0" encoding="utf-8"?><testsuites name="pytest tests"><testsuite name="pytest" errors="0" failures="0" skipped="0" tests="7" time="1.201" timestamp="2026-07-15T13:43:59.802168+00:00" hostname="agent-env-9918e38f-1f69-4fda-a603-62d6ea07706d"><testcase classname="backend.tests.test_iter65_digi_manual_studio.TestManualContent" name="test_create_manual_content" time="0.596" /><testcase classname="backend.tests.test_iter65_digi_manual_studio.TestManualContent" name="test_manual_content_missing_body_rejected" time="0.049" /><testcase classname="backend.tests.test_iter65_digi_manual_studio.TestManualStrategy" name="test_put_manual_strategy" time="0.096" /><testcase classname="backend.tests.test_iter65_digi_manual_studio.TestManualStrategy" name="test_put_strategy_unknown_client_404" time="0.050" /><testcase classname="backend.tests.test_iter65_digi_manual_studio.TestTemplateStudioSave" name="test_save_template_creative" time="0.145" /><testcase classname="backend.tests.test_iter65_digi_manual_studio.TestTemplateStudioSave" name="test_save_rejects_non_svg" time="0.048" /><testcase classname="backend.tests.test_iter65_digi_manual_studio.TestTemplateStudioSave" name="test_save_rejects_oversize_svg" time="0.135" /></testsuite></testsuites>