<?xml version="1.0" encoding="utf-8"?><testsuites name="pytest tests"><testsuite name="pytest" errors="0" failures="0" skipped="0" tests="36" time="13.884" timestamp="2026-05-20T10:46:18.442477+00:00" hostname="agent-env-9918e38f-1f69-4fda-a603-62d6ea07706d"><testcase classname="backend.tests.test_notif_email.TestNotificationSettings" name="test_get_settings_any_user" time="2.385" /><testcase classname="backend.tests.test_notif_email.TestNotificationSettings" name="test_ringtones_catalogue" time="0.047" /><testcase classname="backend.tests.test_notif_email.TestNotificationSettings" name="test_patch_admin_updates" time="0.149" /><testcase classname="backend.tests.test_notif_email.TestNotificationSettings" name="test_patch_invalid_ringtone" time="0.048" /><testcase classname="backend.tests.test_notif_email.TestNotificationSettings" name="test_patch_non_admin_forbidden" time="0.191" /><testcase classname="backend.tests.test_notif_email.TestEmailStatus" name="test_status_not_connected" time="0.080" /><testcase classname="backend.tests.test_notif_email.TestEmailTemplates" name="test_seeded_defaults_listed" time="0.053" /><testcase classname="backend.tests.test_notif_email.TestEmailTemplates" name="test_create_template_admin" time="0.070" /><testcase classname="backend.tests.test_notif_email.TestEmailTemplates" name="test_create_non_admin_forbidden" time="0.186" /><testcase classname="backend.tests.test_notif_email.TestEmailTemplates" name="test_patch_template" time="0.049" /><testcase classname="backend.tests.test_notif_email.TestEmailTemplates" name="test_patch_template_non_admin_forbidden" time="0.050" /><testcase classname="backend.tests.test_notif_email.TestEmailTemplates" name="test_delete_default_template_protected" time="0.150" /><testcase classname="backend.tests.test_notif_email.TestEmailTemplates" name="test_delete_template_admin" time="0.101" /><testcase classname="backend.tests.test_notif_email.TestEmailTemplates" name="test_delete_template_non_admin_forbidden" time="0.048" /><testcase classname="backend.tests.test_notif_email.TestEmailTemplates" name="test_ai_generate_admin" time="8.643" /><testcase classname="backend.tests.test_notif_email.TestEmailTemplates" name="test_ai_generate_non_admin_forbidden" time="0.046" /><testcase classname="backend.tests.test_notif_email.TestEmailSend" name="test_send_admin_gmail_not_connected_returns_400" time="0.046" /><testcase classname="backend.tests.test_notif_email.TestEmailSend" name="test_send_manager_allowed_role_but_400" time="0.051" /><testcase classname="backend.tests.test_notif_email.TestEmailSend" name="test_send_hr_allowed_role_but_400" time="0.052" /><testcase classname="backend.tests.test_notif_email.TestEmailSend" name="test_send_member_forbidden" time="0.045" /><testcase classname="backend.tests.test_notif_email.TestEmailSend" name="test_send_intern_forbidden" time="0.053" /><testcase classname="backend.tests.test_notif_email.TestEmailSend" name="test_log_admin_ok" time="0.049" /><testcase classname="backend.tests.test_notif_email.TestEmailSend" name="test_log_manager_ok" time="0.043" /><testcase classname="backend.tests.test_notif_email.TestEmailSend" name="test_log_member_forbidden" time="0.043" /><testcase classname="backend.tests.test_notif_email.TestEventHookSafety" name="test_auth_register_no_500_when_gmail_off" time="0.382" /><testcase classname="backend.tests.test_notif_email.TestEventHookSafety" name="test_task_create_no_500" time="0.094" /><testcase classname="backend.tests.test_notif_email.TestEventHookSafety" name="test_project_create_no_500" time="0.094" /><testcase classname="backend.tests.test_notif_email.TestEventHookSafety" name="test_issue_create_no_500" time="0.145" /><testcase classname="backend.tests.test_notif_email.TestRegression" name="test_listing_endpoints_admin[/auth/me]" time="0.049" /><testcase classname="backend.tests.test_notif_email.TestRegression" name="test_listing_endpoints_admin[/leads]" time="0.048" /><testcase classname="backend.tests.test_notif_email.TestRegression" name="test_listing_endpoints_admin[/tasks]" time="0.046" /><testcase classname="backend.tests.test_notif_email.TestRegression" name="test_listing_endpoints_admin[/projects]" time="0.046" /><testcase classname="backend.tests.test_notif_email.TestRegression" name="test_listing_endpoints_admin[/issues]" time="0.046" /><testcase classname="backend.tests.test_notif_email.TestRegression" name="test_listing_endpoints_admin[/chat/channels]" time="0.048" /><testcase classname="backend.tests.test_notif_email.TestRegression" name="test_listing_endpoints_admin[/interns]" time="0.047" /><testcase classname="backend.tests.test_notif_email.TestRegression" name="test_listing_endpoints_admin[/notifications]" time="0.049" /></testsuite></testsuites>