<?xml version="1.0" encoding="utf-8"?><testsuites name="pytest tests"><testsuite name="pytest" errors="0" failures="0" skipped="0" tests="10" time="2.167" timestamp="2026-07-19T18:20:52.822056+00:00" hostname="agent-env-9918e38f-1f69-4fda-a603-62d6ea07706d"><testcase classname="backend.tests.test_iter71_new_features.TestPlaybooks" name="test_create_with_table_and_image" time="0.438" /><testcase classname="backend.tests.test_iter71_new_features.TestPlaybooks" name="test_public_pdf" time="0.163" /><testcase classname="backend.tests.test_iter71_new_features.TestPlaybooks" name="test_parse_endpoint" time="0.048" /><testcase classname="backend.tests.test_iter71_new_features.TestPlaybooks" name="test_delete_cleanup" time="0.046" /><testcase classname="backend.tests.test_iter71_new_features.TestHRSignDocs" name="test_create_signdoc" time="0.420" /><testcase classname="backend.tests.test_iter71_new_features.TestHRSignDocs" name="test_sign_link_and_public" time="0.402" /><testcase classname="backend.tests.test_iter71_new_features.TestHRSignDocs" name="test_cleanup_signdoc" time="0.048" /><testcase classname="backend.tests.test_iter71_new_features.TestOutreachBlast" name="test_create_lead_from_xino_and_blast" time="0.253" /><testcase classname="backend.tests.test_iter71_new_features.TestOutreachBlast" name="test_analytics" time="0.108" /><testcase classname="backend.tests.test_iter71_new_features.TestOutreachBlast" name="test_cleanup_blast" time="0.152" /></testsuite></testsuites>