<?xml version="1.0" encoding="utf-8"?><testsuites name="pytest tests"><testsuite name="pytest" errors="0" failures="0" skipped="0" tests="10" time="2.636" timestamp="2026-07-19T18:31:58.232425+00:00" hostname="agent-env-9918e38f-1f69-4fda-a603-62d6ea07706d"><testcase classname="backend.tests.test_iter72_new_features.TestHRLettersNewFeatures" name="test_create_test_letter" time="0.524" /><testcase classname="backend.tests.test_iter72_new_features.TestHRLettersNewFeatures" name="test_format_endpoint_returns_themed_html" time="0.109" /><testcase classname="backend.tests.test_iter72_new_features.TestHRLettersNewFeatures" name="test_patch_updates_details" time="0.105" /><testcase classname="backend.tests.test_iter72_new_features.TestHRLettersNewFeatures" name="test_duplicate" time="0.050" /><testcase classname="backend.tests.test_iter72_new_features.TestHRLettersNewFeatures" name="test_pdf_download" time="1.059" /><testcase classname="backend.tests.test_iter72_new_features.TestHRLettersNewFeatures" name="test_cleanup_letters" time="0.103" /><testcase classname="backend.tests.test_iter72_new_features.TestDocumentsFolderShare" name="test_upload_two_documents_with_folder" time="0.151" /><testcase classname="backend.tests.test_iter72_new_features.TestDocumentsFolderShare" name="test_move_endpoint" time="0.100" /><testcase classname="backend.tests.test_iter72_new_features.TestDocumentsFolderShare" name="test_share_email_expected_gmail_error" time="0.240" /><testcase classname="backend.tests.test_iter72_new_features.TestDocumentsFolderShare" name="test_cleanup_docs" time="0.103" /></testsuite></testsuites>