<?xml version="1.0" encoding="utf-8"?><testsuites name="pytest tests"><testsuite name="pytest" errors="0" failures="0" skipped="0" tests="4" time="1.210" timestamp="2026-07-16T06:35:26.256245+00:00" hostname="agent-env-9918e38f-1f69-4fda-a603-62d6ea07706d"><testcase classname="backend.tests.test_payslip_pdf_header" name="test_generate_payslip" time="0.580" /><testcase classname="backend.tests.test_payslip_pdf_header" name="test_pdf_download_and_header" time="0.226" /><testcase classname="backend.tests.test_payslip_pdf_header" name="test_pdf_text_has_key_strings" time="0.104" /><testcase classname="backend.tests.test_payslip_pdf_header" name="test_cleanup_generated_payslips" time="0.006" /></testsuite></testsuites>