<?xml version="1.0" encoding="utf-8"?><testsuites name="pytest tests"><testsuite name="pytest" errors="0" failures="0" skipped="0" tests="6" time="2.308" timestamp="2026-05-23T20:19:41.000370+00:00" hostname="agent-env-9918e38f-1f69-4fda-a603-62d6ea07706d"><testcase classname="backend.tests.test_iter26_rbac_live.TestPermissionsEndpoint" name="test_super_admin_permissions" time="0.273" /><testcase classname="backend.tests.test_iter26_rbac_live.TestPermissionsEndpoint" name="test_intern_permissions_narrow" time="0.269" /><testcase classname="backend.tests.test_iter26_rbac_live.TestMatrixEndpoint" name="test_matrix_includes_new_modules" time="0.270" /><testcase classname="backend.tests.test_iter26_rbac_live.TestMatrixEndpoint" name="test_matrix_forbidden_for_intern" time="0.268" /><testcase classname="backend.tests.test_iter26_rbac_live.TestMatrixUpdate" name="test_flip_intern_chat_view_and_reflect" time="0.554" /><testcase classname="backend.tests.test_iter26_rbac_live.TestMatrixUpdate" name="test_grant_intern_finance_then_reset" time="0.601" /></testsuite></testsuites>