<?xml version="1.0" encoding="utf-8"?><testsuites name="pytest tests"><testsuite name="pytest" errors="0" failures="0" skipped="0" tests="19" time="23.430" timestamp="2026-06-16T00:34:22.214994+00:00" hostname="agent-env-9918e38f-1f69-4fda-a603-62d6ea07706d"><testcase classname="backend.tests.test_testimonials.TestAdminCRUD" name="test_create_testimonial" time="0.697" /><testcase classname="backend.tests.test_testimonials.TestAdminCRUD" name="test_list_filters" time="0.053" /><testcase classname="backend.tests.test_testimonials.TestAdminCRUD" name="test_patch_approve_feature" time="0.104" /><testcase classname="backend.tests.test_testimonials.TestAdminCRUD" name="test_patch_reject" time="0.104" /><testcase classname="backend.tests.test_testimonials.TestRequests" name="test_create_request" time="0.073" /><testcase classname="backend.tests.test_testimonials.TestRequests" name="test_list_requests" time="0.051" /><testcase classname="backend.tests.test_testimonials.TestRequests" name="test_manual_remind" time="0.165" /><testcase classname="backend.tests.test_testimonials.TestPublicSubmit" name="test_by_token_prefill" time="20.154" /><testcase classname="backend.tests.test_testimonials.TestPublicSubmit" name="test_by_token_invalid" time="0.186" /><testcase classname="backend.tests.test_testimonials.TestPublicSubmit" name="test_submit_text_then_duplicate_fails" time="0.239" /><testcase classname="backend.tests.test_testimonials.TestPublicListing" name="test_public_list_approved_only" time="0.129" /><testcase classname="backend.tests.test_testimonials.TestVideoStream" name="test_path_traversal_rejected" time="0.108" /><testcase classname="backend.tests.test_testimonials.TestVideoStream" name="test_serves_uploaded_file" time="0.168" /><testcase classname="backend.tests.test_testimonials.TestAnalytics" name="test_analytics_shape" time="0.059" /><testcase classname="backend.tests.test_testimonials.TestAuthGating" name="test_no_auth_create_blocked" time="0.101" /><testcase classname="backend.tests.test_testimonials.TestAuthGating" name="test_intern_blocked" time="0.405" /><testcase classname="backend.tests.test_testimonials.TestAuthGating" name="test_public_listing_works_unauth" time="0.115" /><testcase classname="backend.tests.test_testimonials.TestCleanupAndCancel" name="test_cancel_request" time="0.103" /><testcase classname="backend.tests.test_testimonials.TestCleanupAndCancel" name="test_delete_testimonials" time="0.151" /></testsuite></testsuites>