<?xml version="1.0" encoding="utf-8"?><testsuites name="pytest tests"><testsuite name="pytest" errors="0" failures="0" skipped="0" tests="17" time="8.455" timestamp="2026-05-25T08:20:11.517406+00:00" hostname="agent-env-9918e38f-1f69-4fda-a603-62d6ea07706d"><testcase classname="backend.tests.test_iter29_phase345.TestWebsiteConfig" name="test_get_website_config_public" time="0.176" /><testcase classname="backend.tests.test_iter29_phase345.TestAssignableUsers" name="test_buckets_present" time="0.460" /><testcase classname="backend.tests.test_iter29_phase345.TestProjectCreation" name="test_pipeline_has_7_stages" time="1.861" /><testcase classname="backend.tests.test_iter29_phase345.TestProjectCreation" name="test_manager_notified" time="1.049" /><testcase classname="backend.tests.test_iter29_phase345.TestProjectCreation" name="test_intern_notified" time="1.054" /><testcase classname="backend.tests.test_iter29_phase345.TestProjectVisibility" name="test_admin_sees_all" time="0.051" /><testcase classname="backend.tests.test_iter29_phase345.TestProjectVisibility" name="test_intern_sees_only_assigned" time="0.049" /><testcase classname="backend.tests.test_iter29_phase345.TestProjectVisibility" name="test_manager_sees_managed" time="0.045" /><testcase classname="backend.tests.test_iter29_phase345.TestPatchProjectAddMember" name="test_add_new_member_notifies_only_them" time="0.414" /><testcase classname="backend.tests.test_iter29_phase345.TestPipelineStage" name="test_admin_can_update_stage_status" time="0.049" /><testcase classname="backend.tests.test_iter29_phase345.TestPipelineStage" name="test_intern_not_in_stage_gets_403" time="0.050" /><testcase classname="backend.tests.test_iter29_phase345.TestPipelineStage" name="test_manager_can_update_stage_without_being_assignee" time="0.052" /><testcase classname="backend.tests.test_iter29_phase345.TestPipelineStage" name="test_admin_can_assign_intern_to_stage" time="0.051" /><testcase classname="backend.tests.test_iter29_phase345.TestPipelineStage" name="test_intern_can_update_stage_they_are_in" time="0.051" /><testcase classname="backend.tests.test_iter29_phase345.TestPipelineStage" name="test_intern_cannot_change_assignees" time="0.048" /><testcase classname="backend.tests.test_iter29_phase345.TestPipelineStage" name="test_progress_auto_computes" time="0.491" /><testcase classname="backend.tests.test_iter29_phase345.TestTaskCreation" name="test_create_task_notifies_assignee_and_manager" time="2.403" /></testsuite></testsuites>