<?xml version="1.0" encoding="utf-8"?><testsuites name="pytest tests"><testsuite name="pytest" errors="0" failures="1" skipped="0" tests="8" time="6.611" timestamp="2026-08-01T16:00:29.354413+00:00" hostname="agent-env-9918e38f-1f69-4fda-a603-62d6ea07706d"><testcase classname="backend.tests.test_iter81_sign_docs.TestCreateAndPDF" name="test_create_html_only_and_pdf_hide_placed" time="1.221" /><testcase classname="backend.tests.test_iter81_sign_docs.TestCreateAndPDF" name="test_create_pdf_attachment_pdf_returns_base_attachment" time="0.261" /><testcase classname="backend.tests.test_iter81_sign_docs.TestSignAndStamp" name="test_sign_with_placement_stamps_pdf[False]" time="0.976" /><testcase classname="backend.tests.test_iter81_sign_docs.TestSignAndStamp" name="test_sign_with_placement_stamps_pdf[True]" time="0.526" /><testcase classname="backend.tests.test_iter81_sign_docs.TestPatchReposition" name="test_intern_can_move_own_but_not_others" time="0.661" /><testcase classname="backend.tests.test_iter81_sign_docs.TestQRFlow" name="test_qr_end_to_end" time="1.208" /><testcase classname="backend.tests.test_iter81_sign_docs.TestRegression" name="test_typed_only_signing_still_works" time="0.509" /><testcase classname="backend.tests.test_iter81_sign_docs.TestRegression" name="test_list_and_attachment_download" time="1.133"><failure message="AssertionError: assert 'JVBERi0xLjMK...wMDkKJSVFT0YK' == 'JVBERi0xLjMK...wMDkKJSVFT0YK'&#10;  &#10;  - JVBERi0xLjMKJZOMi54gUmVwb3J0TGFiIEdlbmVyYXRlZCBQREYgZG9jdW1lbnQgKG9wZW5zb3VyY2UpCjEgMCBvYmoKPDwKL0YxIDIgMCBSCj4+CmVuZG9iagoyIDAgb2JqCjw8Ci9CYXNlRm9udCAvSGVsdmV0aWNhIC9FbmNvZGluZyAvV2luQW5zaUVuY29kaW5nIC9OYW1lIC9GMSAvU3VidHlwZSAvVHlwZTEgL1R5cGUgL0ZvbnQKPj4KZW5kb2JqCjMgMCBvYmoKPDwKL0NvbnRlbnRzIDcgMCBSIC9NZWRpYUJveCBbIDAgMCA0MDAgNTAwIF0gL1BhcmVudCA2IDAgUiAvUmVzb3VyY2VzIDw8Ci9Gb250IDEgMCBSIC9Qcm9jU2V0IFsgL1BERiAvVGV4dCAvSW1hZ2VCIC9JbWFnZUMgL0ltYWdlSSBdCj4+IC9Sb3RhdGUgMCAvVHJhbnMgPDwKCj4+IAogIC9UeXBlIC9QYWdlCj4+CmVuZG9iago0IDAgb2JqCjw8Ci9QYWdlTW9kZSAvVXNlTm9uZSAvUGFnZXMgNi...&#10;  &#10;  ...Full output truncated (4 lines hidden), use '-vv' to show">backend/tests/test_iter81_sign_docs.py:320: in test_list_and_attachment_download
    assert j["content_base64"] == _minimal_pdf_b64()
E   AssertionError: assert 'JVBERi0xLjMK...wMDkKJSVFT0YK' == 'JVBERi0xLjMK...wMDkKJSVFT0YK'
E     
E     - JVBERi0xLjMKJZOMi54gUmVwb3J0TGFiIEdlbmVyYXRlZCBQREYgZG9jdW1lbnQgKG9wZW5zb3VyY2UpCjEgMCBvYmoKPDwKL0YxIDIgMCBSCj4+CmVuZG9iagoyIDAgb2JqCjw8Ci9CYXNlRm9udCAvSGVsdmV0aWNhIC9FbmNvZGluZyAvV2luQW5zaUVuY29kaW5nIC9OYW1lIC9GMSAvU3VidHlwZSAvVHlwZTEgL1R5cGUgL0ZvbnQKPj4KZW5kb2JqCjMgMCBvYmoKPDwKL0NvbnRlbnRzIDcgMCBSIC9NZWRpYUJveCBbIDAgMCA0MDAgNTAwIF0gL1BhcmVudCA2IDAgUiAvUmVzb3VyY2VzIDw8Ci9Gb250IDEgMCBSIC9Qcm9jU2V0IFsgL1BERiAvVGV4dCAvSW1hZ2VCIC9JbWFnZUMgL0ltYWdlSSBdCj4+IC9Sb3RhdGUgMCAvVHJhbnMgPDwKCj4+IAogIC9UeXBlIC9QYWdlCj4+CmVuZG9iago0IDAgb2JqCjw8Ci9QYWdlTW9kZSAvVXNlTm9uZSAvUGFnZXMgNi...
E     
E     ...Full output truncated (4 lines hidden), use '-vv' to show</failure></testcase></testsuite></testsuites>