<?xml version="1.0" encoding="utf-8"?><testsuites name="pytest tests"><testsuite name="pytest" errors="0" failures="3" skipped="0" tests="19" time="3.278" timestamp="2026-07-08T03:09:18.287791+00:00" hostname="agent-env-9918e38f-1f69-4fda-a603-62d6ea07706d"><testcase classname="tests.test_iter63_payment_lifecycle.TestPublicTrack" name="test_page_view_pay_click_bank_claim" time="1.023" /><testcase classname="tests.test_iter63_payment_lifecycle.TestPublicTrack" name="test_unknown_event_400" time="0.099" /><testcase classname="tests.test_iter63_payment_lifecycle.TestPublicTrack" name="test_bad_token_404" time="0.105" /><testcase classname="tests.test_iter63_payment_lifecycle.TestApprovePayment" name="test_approve_generates_receipt_and_pushes_payment" time="0.195" /><testcase classname="tests.test_iter63_payment_lifecycle.TestApprovePayment" name="test_double_approve_returns_400" time="0.045" /><testcase classname="tests.test_iter63_payment_lifecycle.TestApprovePayment" name="test_bad_invoice_404" time="0.048" /><testcase classname="tests.test_iter63_payment_lifecycle.TestReceipts" name="test_list_receipts" time="0.049" /><testcase classname="tests.test_iter63_payment_lifecycle.TestReceipts" name="test_receipt_pdf_download" time="0.098" /><testcase classname="tests.test_iter63_payment_lifecycle.TestReceipts" name="test_public_receipt_pdf_no_auth" time="0.210" /><testcase classname="tests.test_iter63_payment_lifecycle.TestReceipts" name="test_bad_receipt_id_404" time="0.147" /><testcase classname="tests.test_iter63_payment_lifecycle.TestReceipts" name="test_receipt_whatsapp_wa_text" time="0.045" /><testcase classname="tests.test_iter63_payment_lifecycle.TestDocumentsZip" name="test_zip_invoices_and_receipts" time="0.178" /><testcase classname="tests.test_iter63_payment_lifecycle.TestDocumentsZip" name="test_zip_empty_400" time="0.043" /><testcase classname="tests.test_iter63_payment_lifecycle.TestDocumentsZip" name="test_zip_invalid_ids_400" time="0.044" /><testcase classname="tests.test_iter63_payment_lifecycle.TestEmailEndpointsGraceful" name="test_payment_email_400" time="0.184"><failure message="AssertionError: expected graceful 400, got 500: Internal Server Error&#10;assert 500 == 400&#10; +  where 500 = &lt;Response [500]&gt;.status_code">tests/test_iter63_payment_lifecycle.py:265: in test_payment_email_400
    assert r.status_code == 400, f"expected graceful 400, got {r.status_code}: {r.text[:300]}"
E   AssertionError: expected graceful 400, got 500: Internal Server Error
E   assert 500 == 400
E    +  where 500 = &lt;Response [500]&gt;.status_code</failure></testcase><testcase classname="tests.test_iter63_payment_lifecycle.TestEmailEndpointsGraceful" name="test_receipt_email_400" time="0.087"><failure message="AssertionError: expected 400, got 500: Internal Server Error&#10;assert 500 == 400&#10; +  where 500 = &lt;Response [500]&gt;.status_code">tests/test_iter63_payment_lifecycle.py:271: in test_receipt_email_400
    assert r.status_code == 400, f"expected 400, got {r.status_code}: {r.text[:300]}"
E   AssertionError: expected 400, got 500: Internal Server Error
E   assert 500 == 400
E    +  where 500 = &lt;Response [500]&gt;.status_code</failure></testcase><testcase classname="tests.test_iter63_payment_lifecycle.TestEmailEndpointsGraceful" name="test_zip_email_400" time="0.167"><failure message="AssertionError: expected 400, got 500: Internal Server Error&#10;assert 500 == 400&#10; +  where 500 = &lt;Response [500]&gt;.status_code">tests/test_iter63_payment_lifecycle.py:280: in test_zip_email_400
    assert r.status_code == 400, f"expected 400, got {r.status_code}: {r.text[:300]}"
E   AssertionError: expected 400, got 500: Internal Server Error
E   assert 500 == 400
E    +  where 500 = &lt;Response [500]&gt;.status_code</failure></testcase><testcase classname="tests.test_iter63_payment_lifecycle.TestRegression" name="test_invoice_pdf_still_works" time="0.093" /><testcase classname="tests.test_iter63_payment_lifecycle.TestRegression" name="test_public_pay_page_endpoint" time="0.281" /></testsuite></testsuites>