<?xml version="1.0" encoding="utf-8"?><testsuites name="pytest tests"><testsuite name="pytest" errors="0" failures="0" skipped="0" tests="10" time="3.873" timestamp="2026-06-15T15:43:36.222123+00:00" hostname="agent-env-9918e38f-1f69-4fda-a603-62d6ea07706d"><testcase classname="backend.tests.test_iter49_enrichment" name="test_single_enrich_empty_site_returns_ok" time="0.817" /><testcase classname="backend.tests.test_iter49_enrichment" name="test_enrich_replaces_synthetic_email" time="0.134" /><testcase classname="backend.tests.test_iter49_enrichment" name="test_enrich_preserves_real_email" time="0.134" /><testcase classname="backend.tests.test_iter49_enrichment" name="test_enrich_phone_extraction" time="0.342" /><testcase classname="backend.tests.test_iter49_enrichment" name="test_enrich_obfuscated_emails" time="0.149" /><testcase classname="backend.tests.test_iter49_enrichment" name="test_enrich_filters_bad_emails" time="0.137" /><testcase classname="backend.tests.test_iter49_enrichment" name="test_enrich_domain_hint" time="0.145" /><testcase classname="backend.tests.test_iter49_enrichment" name="test_enrich_batch_only_synthetic" time="0.406" /><testcase classname="backend.tests.test_iter49_enrichment" name="test_enrich_batch_explicit_ids" time="0.314" /><testcase classname="backend.tests.test_iter49_enrichment" name="test_enrich_rbac_intern_forbidden" time="1.199" /></testsuite></testsuites>