<?xml version="1.0" encoding="utf-8"?><testsuites name="pytest tests"><testsuite name="pytest" errors="0" failures="1" skipped="0" tests="6" time="1.732" timestamp="2026-06-14T14:58:08.473905+00:00" hostname="agent-env-9918e38f-1f69-4fda-a603-62d6ea07706d"><testcase classname="backend.tests.test_iter44_reminder_finance.TestPaymentReminder" name="test_reminder_default_overdue" time="0.848" /><testcase classname="backend.tests.test_iter44_reminder_finance.TestPaymentReminder" name="test_reminder_with_overdue" time="0.144" /><testcase classname="backend.tests.test_iter44_reminder_finance.TestPushFinanceIdempotent" name="test_first_push_creates_record" time="0.109" /><testcase classname="backend.tests.test_iter44_reminder_finance.TestPushFinanceIdempotent" name="test_second_push_idempotent" time="0.104" /><testcase classname="backend.tests.test_iter44_reminder_finance.TestPushFinanceIdempotent" name="test_project_has_finance_id" time="0.130" /><testcase classname="backend.tests.test_iter44_reminder_finance.TestPushFinanceIdempotent" name="test_finance_projects_only_one_record" time="0.303"><failure message="AssertionError: Expected exactly 1 finance record, found 0&#10;assert 0 == 1&#10; +  where 0 = len([])">backend/tests/test_iter44_reminder_finance.py:133: in test_finance_projects_only_one_record
    assert len(matched) == 1, f"Expected exactly 1 finance record, found {len(matched)}"
E   AssertionError: Expected exactly 1 finance record, found 0
E   assert 0 == 1
E    +  where 0 = len([])</failure></testcase></testsuite></testsuites>