<?xml version="1.0" encoding="utf-8"?><testsuites name="pytest tests"><testsuite name="pytest" errors="0" failures="0" skipped="0" tests="30" time="3.940" timestamp="2026-05-20T09:35:58.830244+00:00" hostname="agent-env-9918e38f-1f69-4fda-a603-62d6ea07706d"><testcase classname="backend.tests.backend_test" name="test_root" time="0.115" /><testcase classname="backend.tests.backend_test.TestAuth" name="test_login_admin" time="0.350" /><testcase classname="backend.tests.backend_test.TestAuth" name="test_login_invalid" time="0.322" /><testcase classname="backend.tests.backend_test.TestAuth" name="test_me_unauthenticated" time="0.107" /><testcase classname="backend.tests.backend_test.TestAuth" name="test_me_authenticated" time="0.371" /><testcase classname="backend.tests.backend_test.TestAuth" name="test_register_and_login_new_user" time="0.735" /><testcase classname="backend.tests.backend_test.TestAuth" name="test_logout" time="0.097" /><testcase classname="backend.tests.backend_test.TestLeads" name="test_create_lead" time="0.047" /><testcase classname="backend.tests.backend_test.TestLeads" name="test_list_leads" time="0.048" /><testcase classname="backend.tests.backend_test.TestLeads" name="test_get_lead" time="0.045" /><testcase classname="backend.tests.backend_test.TestLeads" name="test_patch_lead_status" time="0.045" /><testcase classname="backend.tests.backend_test.TestLeads" name="test_add_note" time="0.051" /><testcase classname="backend.tests.backend_test.TestLeads" name="test_add_empty_note_fails" time="0.045" /><testcase classname="backend.tests.backend_test.TestLeads" name="test_analytics" time="0.044" /><testcase classname="backend.tests.backend_test.TestLeads" name="test_delete_lead" time="0.090" /><testcase classname="backend.tests.backend_test.TestLeads" name="test_unauth_leads_blocked" time="0.132" /><testcase classname="backend.tests.backend_test.TestTasks" name="test_create_task" time="0.047" /><testcase classname="backend.tests.backend_test.TestTasks" name="test_list_tasks" time="0.048" /><testcase classname="backend.tests.backend_test.TestTasks" name="test_patch_task_status" time="0.047" /><testcase classname="backend.tests.backend_test.TestTasks" name="test_delete_task" time="0.091" /><testcase classname="backend.tests.backend_test.TestTasks" name="test_unauth_tasks_blocked" time="0.104" /><testcase classname="backend.tests.backend_test.TestTeam" name="test_unauth_team_blocked" time="0.099" /><testcase classname="backend.tests.backend_test.TestTeam" name="test_create_team_member" time="0.047" /><testcase classname="backend.tests.backend_test.TestTeam" name="test_list_team" time="0.049" /><testcase classname="backend.tests.backend_test.TestTeam" name="test_duplicate_email_blocked" time="0.044" /><testcase classname="backend.tests.backend_test.TestTeam" name="test_patch_team_member" time="0.091" /><testcase classname="backend.tests.backend_test.TestTeam" name="test_team_analytics" time="0.046" /><testcase classname="backend.tests.backend_test.TestTeam" name="test_delete_team_member" time="0.092" /><testcase classname="backend.tests.backend_test" name="test_dashboard_stats" time="0.049" /><testcase classname="backend.tests.backend_test" name="test_cors_credentialed_post" time="0.366" /></testsuite></testsuites>