<?xml version="1.0" encoding="utf-8"?><testsuites name="pytest tests"><testsuite name="pytest" errors="0" failures="0" skipped="0" tests="16" time="1.522" timestamp="2026-07-17T02:38:59.984579+00:00" hostname="agent-env-9918e38f-1f69-4fda-a603-62d6ea07706d"><testcase classname="tests.test_iter67_whatsapp_and_email_logo.TestInvoiceWhatsappAbsolute" name="test_wa_text_has_label_and_absolute_urls" time="0.537" /><testcase classname="tests.test_iter67_whatsapp_and_email_logo.TestInvoiceWhatsappAbsolute" name="test_wa_download_url_is_public_pdf" time="0.242" /><testcase classname="tests.test_iter67_whatsapp_and_email_logo.TestReceiptWhatsappAbsolute" name="test_receipt_wa_label_and_absolute_url" time="0.124" /><testcase classname="tests.test_iter67_whatsapp_and_email_logo.TestPublicBaseHelper" name="test_env_set_returns_env" time="0.169" /><testcase classname="tests.test_iter67_whatsapp_and_email_logo.TestPublicBaseHelper" name="test_env_missing_uses_origin_header" time="0.009" /><testcase classname="tests.test_iter67_whatsapp_and_email_logo.TestPublicBaseHelper" name="test_env_missing_no_origin_uses_base_url" time="0.007" /><testcase classname="tests.test_iter67_whatsapp_and_email_logo.TestPublicBaseHelper" name="test_env_non_http_ignored" time="0.007" /><testcase classname="tests.test_iter67_whatsapp_and_email_logo.TestPublicBaseHelper" name="test_no_env_no_request_returns_empty" time="0.014" /><testcase classname="tests.test_iter67_whatsapp_and_email_logo.TestEmailLogoCidSwap" name="test_logo_file_candidates_include_backend_assets_and_exists" time="0.006" /><testcase classname="tests.test_iter67_whatsapp_and_email_logo.TestEmailLogoCidSwap" name="test_logo_cid_swap_replaces_placeholder_and_returns_image" time="0.001" /><testcase classname="tests.test_iter67_whatsapp_and_email_logo.TestEmailLogoCidSwap" name="test_logo_cid_swap_matches_absolute_projexino_logo_url" time="0.001" /><testcase classname="tests.test_iter67_whatsapp_and_email_logo.TestEmailLogoCidSwap" name="test_logo_cid_swap_no_logo_returns_no_image" time="0.000" /><testcase classname="tests.test_iter67_whatsapp_and_email_logo.TestEmailLogoCidSwap" name="test_do_send_mime_structure_related_with_inline_cid" time="0.001" /><testcase classname="tests.test_iter67_whatsapp_and_email_logo.TestDbEmailTemplatesReferenceLogoUrl" name="test_all_templates_have_logo_url" time="0.134" /><testcase classname="tests.test_iter67_whatsapp_and_email_logo.TestDbEmailTemplatesReferenceLogoUrl" name="test_template_count_expected_12" time="0.003" /><testcase classname="tests.test_iter67_whatsapp_and_email_logo.TestEmailSendRegression" name="test_send_reaches_gmail_step" time="0.174" /></testsuite></testsuites>