<?xml version="1.0" encoding="utf-8"?><testsuites name="pytest tests"><testsuite name="pytest" errors="0" failures="1" skipped="0" tests="6" time="2.977" timestamp="2026-06-13T07:30:58.927172+00:00" hostname="agent-env-9918e38f-1f69-4fda-a603-62d6ea07706d"><testcase classname="backend.tests.test_iter37_onboarding_account" name="test_new_email_creates_portal_account" time="0.797" /><testcase classname="backend.tests.test_iter37_onboarding_account" name="test_signin_with_dummy_password" time="0.359" /><testcase classname="backend.tests.test_iter37_onboarding_account" name="test_existing_email_does_not_reset_user_password" time="0.435"><failure message="AssertionError: dummy_password must be empty for existing users, got 'OzbidfAb@113'&#10;assert 'OzbidfAb@113' == ''&#10;  &#10;  + OzbidfAb@113">backend/tests/test_iter37_onboarding_account.py:136: in test_existing_email_does_not_reset_user_password
    assert d.get("dummy_password", "") == "", f"dummy_password must be empty for existing users, got {d.get('dummy_password')!r}"
E   AssertionError: dummy_password must be empty for existing users, got 'OzbidfAb@113'
E   assert 'OzbidfAb@113' == ''
E     
E     + OzbidfAb@113</failure></testcase><testcase classname="backend.tests.test_iter37_onboarding_account" name="test_intern_forbidden" time="0.390" /><testcase classname="backend.tests.test_iter37_onboarding_account" name="test_pdf_download_still_works" time="0.041" /><testcase classname="backend.tests.test_iter37_onboarding_account" name="test_cascade_delete_keeps_portal_user" time="0.880" /></testsuite></testsuites>