<?xml version="1.0" encoding="utf-8"?><testsuites name="pytest tests"><testsuite name="pytest" errors="0" failures="0" skipped="0" tests="202" time="128.691" timestamp="2026-05-20T10:46:41.720538+00:00" hostname="agent-env-9918e38f-1f69-4fda-a603-62d6ea07706d"><testcase classname="backend.tests.backend_test" name="test_root" time="0.126" /><testcase classname="backend.tests.backend_test.TestAuth" name="test_login_admin" time="0.379" /><testcase classname="backend.tests.backend_test.TestAuth" name="test_login_invalid" time="0.371" /><testcase classname="backend.tests.backend_test.TestAuth" name="test_me_unauthenticated" time="0.116" /><testcase classname="backend.tests.backend_test.TestAuth" name="test_me_authenticated" time="0.377" /><testcase classname="backend.tests.backend_test.TestAuth" name="test_register_and_login_new_user" time="0.795" /><testcase classname="backend.tests.backend_test.TestAuth" name="test_logout" time="0.130" /><testcase classname="backend.tests.backend_test.TestLeads" name="test_create_lead" time="0.049" /><testcase classname="backend.tests.backend_test.TestLeads" name="test_list_leads" time="0.072" /><testcase classname="backend.tests.backend_test.TestLeads" name="test_get_lead" time="0.048" /><testcase classname="backend.tests.backend_test.TestLeads" name="test_patch_lead_status" time="0.046" /><testcase classname="backend.tests.backend_test.TestLeads" name="test_add_note" time="0.048" /><testcase classname="backend.tests.backend_test.TestLeads" name="test_add_empty_note_fails" time="0.048" /><testcase classname="backend.tests.backend_test.TestLeads" name="test_analytics" time="0.051" /><testcase classname="backend.tests.backend_test.TestLeads" name="test_delete_lead" time="0.097" /><testcase classname="backend.tests.backend_test.TestLeads" name="test_unauth_leads_blocked" time="0.113" /><testcase classname="backend.tests.backend_test.TestTasks" name="test_create_task" time="0.046" /><testcase classname="backend.tests.backend_test.TestTasks" name="test_list_tasks" time="0.050" /><testcase classname="backend.tests.backend_test.TestTasks" name="test_patch_task_status" time="0.047" /><testcase classname="backend.tests.backend_test.TestTasks" name="test_delete_task" time="0.095" /><testcase classname="backend.tests.backend_test.TestTasks" name="test_unauth_tasks_blocked" time="0.100" /><testcase classname="backend.tests.backend_test.TestTeam" name="test_unauth_team_blocked" time="0.111" /><testcase classname="backend.tests.backend_test.TestTeam" name="test_create_team_member" time="0.053" /><testcase classname="backend.tests.backend_test.TestTeam" name="test_list_team" time="0.046" /><testcase classname="backend.tests.backend_test.TestTeam" name="test_duplicate_email_blocked" time="0.048" /><testcase classname="backend.tests.backend_test.TestTeam" name="test_patch_team_member" time="0.094" /><testcase classname="backend.tests.backend_test.TestTeam" name="test_team_analytics" time="0.045" /><testcase classname="backend.tests.backend_test.TestTeam" name="test_delete_team_member" time="0.093" /><testcase classname="backend.tests.backend_test" name="test_dashboard_stats" time="0.048" /><testcase classname="backend.tests.backend_test" name="test_cors_credentialed_post" time="0.331" /><testcase classname="backend.tests.test_batch1.TestSettings" name="test_public_settings_default_true" time="0.532" /><testcase classname="backend.tests.test_batch1.TestSettings" name="test_settings_get_auth_required" time="0.434" /><testcase classname="backend.tests.test_batch1.TestSettings" name="test_settings_patch_non_admin_forbidden" time="0.428" /><testcase classname="backend.tests.test_batch1.TestSettings" name="test_settings_patch_admin_and_public_reflects" time="0.393" /><testcase classname="backend.tests.test_batch1.TestAssignTask" name="test_assign_task_with_attachment_no_project" time="1.277" /><testcase classname="backend.tests.test_batch1.TestAssignTask" name="test_assign_task_with_project_publishes_doc" time="0.311" /><testcase classname="backend.tests.test_batch1.TestAssignProject" name="test_assign_project_to_intern" time="0.216" /><testcase classname="backend.tests.test_batch1.TestDMChannel" name="test_dm_find_or_create" time="0.200" /><testcase classname="backend.tests.test_batch1.TestRegression" name="test_verify_document_tristate" time="0.105" /><testcase classname="backend.tests.test_batch1.TestRegression" name="test_intern_docs_endpoint" time="0.095" /><testcase classname="backend.tests.test_batch1.TestRegression" name="test_members_directory" time="0.120" /><testcase classname="backend.tests.test_batch23.TestBadgeCatalog" name="test_catalog_returns_8_items" time="0.360" /><testcase classname="backend.tests.test_batch23.TestAwardBadge" name="test_award_valid" time="0.165" /><testcase classname="backend.tests.test_batch23.TestAwardBadge" name="test_award_bad_slug" time="0.044" /><testcase classname="backend.tests.test_batch23.TestAwardBadge" name="test_award_forbidden_for_member" time="0.375" /><testcase classname="backend.tests.test_batch23.TestBadgeSuggestion" name="test_suggestion_returns_valid_slug" time="3.255" /><testcase classname="backend.tests.test_batch23.TestChannelPatch" name="test_patch_name_and_members" time="0.282" /><testcase classname="backend.tests.test_batch23.TestChatImageAttachment" name="test_send_inline_png" time="0.185" /><testcase classname="backend.tests.test_batch_certificate.TestPerformanceCertificate" name="test_admin_can_download_intern_certificate" time="0.713" /><testcase classname="backend.tests.test_batch_certificate.TestRegressionEndpoints" name="test_intern_progress" time="0.375" /><testcase classname="backend.tests.test_batch_certificate.TestRegressionEndpoints" name="test_intern_progress_pdf" time="0.071" /><testcase classname="backend.tests.test_batch_certificate.TestRegressionEndpoints" name="test_badge_catalog" time="0.046" /><testcase classname="backend.tests.test_batch_certificate.TestRegressionEndpoints" name="test_manager_interns" time="0.056" /><testcase classname="backend.tests.test_batch_certificate.TestRegressionEndpoints" name="test_public_settings" time="0.110" /><testcase classname="backend.tests.test_batch_certificate.TestRegressionEndpoints" name="test_chat_channels_list" time="0.045" /><testcase classname="backend.tests.test_batch_certificate.TestAwardThenProgress" name="test_award_and_progress_lists_badge" time="0.097" /><testcase classname="backend.tests.test_batch_certificate.TestChatChannelPatchRegression" name="test_patch_group_channel" time="0.139" /><testcase classname="backend.tests.test_chat_crossrole" name="test_login_all_actors" time="1.114" /><testcase classname="backend.tests.test_chat_crossrole" name="test_create_channel_includes_creator_in_member_ids" time="0.054" /><testcase classname="backend.tests.test_chat_crossrole" name="test_member_sees_channel_in_list" time="0.048" /><testcase classname="backend.tests.test_chat_crossrole" name="test_intern_does_not_see_channel" time="0.046" /><testcase classname="backend.tests.test_chat_crossrole" name="test_admin_sends_then_member_reads_and_replies" time="0.199" /><testcase classname="backend.tests.test_chat_crossrole" name="test_non_member_intern_cannot_read_messages" time="0.045" /><testcase classname="backend.tests.test_chat_crossrole" name="test_non_member_intern_cannot_post" time="0.044" /><testcase classname="backend.tests.test_chat_crossrole" name="test_member_can_patch_name_but_not_members" time="0.095" /><testcase classname="backend.tests.test_chat_crossrole" name="test_intern_cannot_patch_channel" time="0.048" /><testcase classname="backend.tests.test_chat_crossrole" name="test_admin_adds_intern_then_intern_sees_channel" time="0.189" /><testcase classname="backend.tests.test_chat_crossrole" name="test_attachment_flow" time="0.142" /><testcase classname="backend.tests.test_chat_crossrole" name="test_no_objectid_leak_in_responses" time="0.158" /><testcase classname="backend.tests.test_extensions.TestProjects" name="test_unauth_projects_blocked" time="0.109" /><testcase classname="backend.tests.test_extensions.TestProjects" name="test_create_project" time="36.528" /><testcase classname="backend.tests.test_extensions.TestProjects" name="test_list_projects" time="0.046" /><testcase classname="backend.tests.test_extensions.TestProjects" name="test_get_project" time="0.052" /><testcase classname="backend.tests.test_extensions.TestProjects" name="test_patch_project_status_triggers_notification" time="0.146" /><testcase classname="backend.tests.test_extensions.TestProjects" name="test_analytics_summary" time="0.102" /><testcase classname="backend.tests.test_extensions.TestProjects" name="test_delete_project" time="0.098" /><testcase classname="backend.tests.test_extensions.TestDocuments" name="test_upload_document" time="0.048" /><testcase classname="backend.tests.test_extensions.TestDocuments" name="test_list_documents_excludes_content" time="0.045" /><testcase classname="backend.tests.test_extensions.TestDocuments" name="test_download_document" time="0.049" /><testcase classname="backend.tests.test_extensions.TestDocuments" name="test_add_comment" time="0.048" /><testcase classname="backend.tests.test_extensions.TestDocuments" name="test_delete_document" time="0.047" /><testcase classname="backend.tests.test_extensions.TestChat" name="test_create_channel" time="0.051" /><testcase classname="backend.tests.test_extensions.TestChat" name="test_list_channels" time="0.047" /><testcase classname="backend.tests.test_extensions.TestChat" name="test_send_text_message" time="0.048" /><testcase classname="backend.tests.test_extensions.TestChat" name="test_send_attachment" time="0.052" /><testcase classname="backend.tests.test_extensions.TestChat" name="test_list_messages" time="0.051" /><testcase classname="backend.tests.test_extensions.TestChat" name="test_empty_message_rejected" time="0.049" /><testcase classname="backend.tests.test_extensions.TestChat" name="test_delete_channel" time="0.050" /><testcase classname="backend.tests.test_extensions.TestNotifications" name="test_list_notifications" time="0.049" /><testcase classname="backend.tests.test_extensions.TestNotifications" name="test_read_all" time="0.101" /><testcase classname="backend.tests.test_extensions.TestNotifications" name="test_read_single" time="0.195" /><testcase classname="backend.tests.test_extensions.TestInterns" name="test_create_intern" time="0.047" /><testcase classname="backend.tests.test_extensions.TestInterns" name="test_create_intern_task" time="0.118" /><testcase classname="backend.tests.test_extensions.TestInterns" name="test_complete_task_awards_badge" time="0.151" /><testcase classname="backend.tests.test_extensions.TestInterns" name="test_certificate_pdf" time="0.187" /><testcase classname="backend.tests.test_extensions.TestInterns" name="test_cleanup_intern" time="0.048" /><testcase classname="backend.tests.test_extensions.TestAI" name="test_create_session" time="0.051" /><testcase classname="backend.tests.test_extensions.TestAI" name="test_send_and_receive" time="2.351" /><testcase classname="backend.tests.test_extensions.TestAI" name="test_cleanup_session" time="0.150" /><testcase classname="backend.tests.test_issues_and_cert.TestIssues" name="test_create_issue_admin" time="0.429" /><testcase classname="backend.tests.test_issues_and_cert.TestIssues" name="test_list_issues_admin" time="0.068" /><testcase classname="backend.tests.test_issues_and_cert.TestIssues" name="test_list_issues_filter_status" time="0.055" /><testcase classname="backend.tests.test_issues_and_cert.TestIssues" name="test_list_issues_filter_type" time="0.054" /><testcase classname="backend.tests.test_issues_and_cert.TestIssues" name="test_get_issue_full" time="0.054" /><testcase classname="backend.tests.test_issues_and_cert.TestIssues" name="test_patch_status_admin" time="0.110" /><testcase classname="backend.tests.test_issues_and_cert.TestIssues" name="test_member_cannot_patch_when_not_assignee" time="0.424" /><testcase classname="backend.tests.test_issues_and_cert.TestIssues" name="test_add_comment" time="0.128" /><testcase classname="backend.tests.test_issues_and_cert.TestIssues" name="test_comment_by_member" time="0.055" /><testcase classname="backend.tests.test_issues_and_cert.TestIssues" name="test_delete_non_admin_forbidden" time="0.046" /><testcase classname="backend.tests.test_issues_and_cert.TestIssues" name="test_delete_admin_ok" time="0.108" /><testcase classname="backend.tests.test_issues_and_cert.TestCertificate" name="test_intern_certificate_pdf" time="0.483" /><testcase classname="backend.tests.test_issues_and_cert.TestRegression" name="test_dashboard" time="0.060" /><testcase classname="backend.tests.test_issues_and_cert.TestRegression" name="test_leads" time="0.056" /><testcase classname="backend.tests.test_issues_and_cert.TestRegression" name="test_tasks" time="0.052" /><testcase classname="backend.tests.test_issues_and_cert.TestRegression" name="test_team" time="0.051" /><testcase classname="backend.tests.test_issues_and_cert.TestRegression" name="test_projects" time="0.058" /><testcase classname="backend.tests.test_issues_and_cert.TestRegression" name="test_manager_interns" time="0.069" /><testcase classname="backend.tests.test_issues_and_cert.TestRegression" name="test_settings" time="0.056" /><testcase classname="backend.tests.test_issues_and_cert.TestRegression" name="test_badges" time="0.057" /><testcase classname="backend.tests.test_notif_email.TestNotificationSettings" name="test_get_settings_any_user" time="2.172" /><testcase classname="backend.tests.test_notif_email.TestNotificationSettings" name="test_ringtones_catalogue" time="0.050" /><testcase classname="backend.tests.test_notif_email.TestNotificationSettings" name="test_patch_admin_updates" time="0.153" /><testcase classname="backend.tests.test_notif_email.TestNotificationSettings" name="test_patch_invalid_ringtone" time="0.047" /><testcase classname="backend.tests.test_notif_email.TestNotificationSettings" name="test_patch_non_admin_forbidden" time="0.185" /><testcase classname="backend.tests.test_notif_email.TestEmailStatus" name="test_status_not_connected" time="0.048" /><testcase classname="backend.tests.test_notif_email.TestEmailTemplates" name="test_seeded_defaults_listed" time="0.059" /><testcase classname="backend.tests.test_notif_email.TestEmailTemplates" name="test_create_template_admin" time="0.052" /><testcase classname="backend.tests.test_notif_email.TestEmailTemplates" name="test_create_non_admin_forbidden" time="0.191" /><testcase classname="backend.tests.test_notif_email.TestEmailTemplates" name="test_patch_template" time="0.053" /><testcase classname="backend.tests.test_notif_email.TestEmailTemplates" name="test_patch_template_non_admin_forbidden" time="0.045" /><testcase classname="backend.tests.test_notif_email.TestEmailTemplates" name="test_delete_default_template_protected" time="0.158" /><testcase classname="backend.tests.test_notif_email.TestEmailTemplates" name="test_delete_template_admin" time="0.100" /><testcase classname="backend.tests.test_notif_email.TestEmailTemplates" name="test_delete_template_non_admin_forbidden" time="0.043" /><testcase classname="backend.tests.test_notif_email.TestEmailTemplates" name="test_ai_generate_admin" time="6.377" /><testcase classname="backend.tests.test_notif_email.TestEmailTemplates" name="test_ai_generate_non_admin_forbidden" time="0.046" /><testcase classname="backend.tests.test_notif_email.TestEmailSend" name="test_send_admin_gmail_not_connected_returns_400" time="0.049" /><testcase classname="backend.tests.test_notif_email.TestEmailSend" name="test_send_manager_allowed_role_but_400" time="0.046" /><testcase classname="backend.tests.test_notif_email.TestEmailSend" name="test_send_hr_allowed_role_but_400" time="0.045" /><testcase classname="backend.tests.test_notif_email.TestEmailSend" name="test_send_member_forbidden" time="0.044" /><testcase classname="backend.tests.test_notif_email.TestEmailSend" name="test_send_intern_forbidden" time="0.048" /><testcase classname="backend.tests.test_notif_email.TestEmailSend" name="test_log_admin_ok" time="0.049" /><testcase classname="backend.tests.test_notif_email.TestEmailSend" name="test_log_manager_ok" time="0.045" /><testcase classname="backend.tests.test_notif_email.TestEmailSend" name="test_log_member_forbidden" time="0.044" /><testcase classname="backend.tests.test_notif_email.TestEventHookSafety" name="test_auth_register_no_500_when_gmail_off" time="24.452" /><testcase classname="backend.tests.test_notif_email.TestEventHookSafety" name="test_task_create_no_500" time="0.105" /><testcase classname="backend.tests.test_notif_email.TestEventHookSafety" name="test_project_create_no_500" time="0.095" /><testcase classname="backend.tests.test_notif_email.TestEventHookSafety" name="test_issue_create_no_500" time="0.154" /><testcase classname="backend.tests.test_notif_email.TestRegression" name="test_listing_endpoints_admin[/auth/me]" time="0.049" /><testcase classname="backend.tests.test_notif_email.TestRegression" name="test_listing_endpoints_admin[/leads]" time="0.047" /><testcase classname="backend.tests.test_notif_email.TestRegression" name="test_listing_endpoints_admin[/tasks]" time="0.049" /><testcase classname="backend.tests.test_notif_email.TestRegression" name="test_listing_endpoints_admin[/projects]" time="0.047" /><testcase classname="backend.tests.test_notif_email.TestRegression" name="test_listing_endpoints_admin[/issues]" time="0.048" /><testcase classname="backend.tests.test_notif_email.TestRegression" name="test_listing_endpoints_admin[/chat/channels]" time="0.049" /><testcase classname="backend.tests.test_notif_email.TestRegression" name="test_listing_endpoints_admin[/interns]" time="0.051" /><testcase classname="backend.tests.test_notif_email.TestRegression" name="test_listing_endpoints_admin[/notifications]" time="0.051" /><testcase classname="backend.tests.test_phase3.TestRoleLogin" name="test_login_returns_role[admin]" time="20.911" /><testcase classname="backend.tests.test_phase3.TestRoleLogin" name="test_login_returns_role[manager]" time="0.000" /><testcase classname="backend.tests.test_phase3.TestRoleLogin" name="test_login_returns_role[member]" time="0.000" /><testcase classname="backend.tests.test_phase3.TestRoleLogin" name="test_login_returns_role[intern]" time="0.000" /><testcase classname="backend.tests.test_phase3.TestMembersDirectory" name="test_directory_returns_users_no_password_hash" time="0.058" /><testcase classname="backend.tests.test_phase3.TestMembersDirectory" name="test_directory_accessible_by_intern" time="0.058" /><testcase classname="backend.tests.test_phase3.TestInternSelfService" name="test_me_intern_returns_profile" time="0.060" /><testcase classname="backend.tests.test_phase3.TestInternSelfService" name="test_me_intern_403_for_admin" time="0.043" /><testcase classname="backend.tests.test_phase3.TestInternSelfService" name="test_seed_intern_task_then_list" time="0.104" /><testcase classname="backend.tests.test_phase3.TestInternSelfService" name="test_complete_task_awards_ontime_badge" time="0.176" /><testcase classname="backend.tests.test_phase3.TestInternSelfService" name="test_list_documents_required_and_submitted_no_leak" time="0.052" /><testcase classname="backend.tests.test_phase3.TestInternSelfService" name="test_submit_all_5_docs_triggers_diligence" time="0.333" /><testcase classname="backend.tests.test_phase3.TestInternSelfService" name="test_download_document_returns_content" time="0.058" /><testcase classname="backend.tests.test_phase3.TestInternSelfService" name="test_progress_summary" time="0.055" /><testcase classname="backend.tests.test_phase3.TestInternSelfService" name="test_progress_pdf" time="0.069" /><testcase classname="backend.tests.test_phase3.TestManualBadge" name="test_manager_can_award_badge" time="0.062" /><testcase classname="backend.tests.test_phase3.TestManualBadge" name="test_admin_can_award_badge" time="0.050" /><testcase classname="backend.tests.test_phase3.TestManualBadge" name="test_intern_cannot_award_badge" time="0.051" /><testcase classname="backend.tests.test_phase3.TestRegression" name="test_projects_list" time="0.045" /><testcase classname="backend.tests.test_phase3.TestRegression" name="test_tasks_list" time="0.048" /><testcase classname="backend.tests.test_phase3.TestRegression" name="test_interns_list" time="0.046" /><testcase classname="backend.tests.test_phase3.TestRegression" name="test_chat_channels" time="0.051" /><testcase classname="backend.tests.test_phase3.TestRegression" name="test_ai_sessions" time="0.043" /><testcase classname="backend.tests.test_phase4.TestSeededAccounts" name="test_admin_login" time="0.337" /><testcase classname="backend.tests.test_phase4.TestSeededAccounts" name="test_manager_login" time="0.322" /><testcase classname="backend.tests.test_phase4.TestSeededAccounts" name="test_hr_login_returns_hr_role" time="0.338" /><testcase classname="backend.tests.test_phase4.TestSeededAccounts" name="test_member_login" time="0.335" /><testcase classname="backend.tests.test_phase4.TestSeededAccounts" name="test_intern_login" time="0.325" /><testcase classname="backend.tests.test_phase4.TestCreateInternWithLogin" name="test_creates_intern_and_returns_welcome_password" time="0.656" /><testcase classname="backend.tests.test_phase4.TestCreateInternWithLogin" name="test_intern_doc_linked_user" time="0.000" /><testcase classname="backend.tests.test_phase4.TestCreateInternWithLogin" name="test_login_with_returned_credentials" time="0.323" /><testcase classname="backend.tests.test_phase4.TestCreateInternWithLogin" name="test_profile_shows_must_change_password" time="0.438" /><testcase classname="backend.tests.test_phase4.TestCreateInternWithLogin" name="test_duplicate_intern_email_rejected" time="0.112" /><testcase classname="backend.tests.test_phase4.TestChangePassword" name="test_first_change_without_current_password" time="1.161" /><testcase classname="backend.tests.test_phase4.TestChangePassword" name="test_second_change_requires_current_password_wrong" time="0.656" /><testcase classname="backend.tests.test_phase4.TestChangePassword" name="test_second_change_with_correct_current_succeeds" time="0.912" /><testcase classname="backend.tests.test_phase4.TestProfileUpdate" name="test_patch_profile_updates_intern_record" time="0.537" /><testcase classname="backend.tests.test_phase4.TestHeartbeat" name="test_heartbeat_creates_and_increments" time="0.630" /><testcase classname="backend.tests.test_phase4.TestManagerDashboard" name="test_manager_interns_admin" time="0.108" /><testcase classname="backend.tests.test_phase4.TestManagerDashboard" name="test_manager_interns_forbidden_for_intern" time="0.450" /><testcase classname="backend.tests.test_phase4.TestManagerDashboard" name="test_activity_feed" time="0.110" /><testcase classname="backend.tests.test_phase4.TestManagerDashboard" name="test_activity_feed_hr_access" time="0.442" /><testcase classname="backend.tests.test_phase4.TestDocVerification" name="test_submit_and_verify_doc" time="0.657" /><testcase classname="backend.tests.test_phase4.TestPDFs" name="test_intern_certificate_pdf" time="0.143" /><testcase classname="backend.tests.test_phase4.TestPDFs" name="test_progress_pdf_redesigned" time="0.454" /><testcase classname="backend.tests.test_phase4.TestRegression" name="test_old_endpoints" time="0.307" /><testcase classname="backend.tests.test_phase4.TestRegression" name="test_intern_self_service" time="0.747" /></testsuite></testsuites>