<?xml version="1.0" encoding="utf-8"?><testsuites name="pytest tests"><testsuite name="pytest" errors="0" failures="0" skipped="0" tests="5" time="1.340" timestamp="2026-05-23T20:07:48.011511+00:00" hostname="agent-env-9918e38f-1f69-4fda-a603-62d6ea07706d"><testcase classname="backend.tests.test_iter24_task_detail.TestTaskDetailFull" name="test_login_intern" time="0.575" /><testcase classname="backend.tests.test_iter24_task_detail.TestTaskDetailFull" name="test_admin_views_regular_task" time="0.429" /><testcase classname="backend.tests.test_iter24_task_detail.TestTaskDetailFull" name="test_intern_not_assigned_gets_403" time="0.103" /><testcase classname="backend.tests.test_iter24_task_detail.TestTaskDetailFull" name="test_intern_views_own_intern_task" time="0.103" /><testcase classname="backend.tests.test_iter24_task_detail.TestTaskDetailFull" name="test_task_not_found_404" time="0.059" /></testsuite></testsuites>