<?xml version="1.0" encoding="utf-8"?><testsuites name="pytest tests"><testsuite name="pytest" errors="0" failures="0" skipped="0" tests="11" time="22.914" timestamp="2026-07-01T19:58:25.261059+00:00" hostname="agent-env-9918e38f-1f69-4fda-a603-62d6ea07706d"><testcase classname="backend.tests.test_contracts_iter56.TestContractPdf" name="test_existing_contract_pdf" time="1.565" /><testcase classname="backend.tests.test_contracts_iter56.TestContractPdf" name="test_route_not_swallowed_by_wildcard" time="0.107" /><testcase classname="backend.tests.test_contracts_iter56.TestContractPdf" name="test_pdf_from_fresh_contract" time="0.943" /><testcase classname="backend.tests.test_contracts_iter56.TestAiDraftEmail" name="test_draft[warm]" time="6.468" /><testcase classname="backend.tests.test_contracts_iter56.TestAiDraftEmail" name="test_draft[brief]" time="5.241" /><testcase classname="backend.tests.test_contracts_iter56.TestAiDraftEmail" name="test_draft[professional]" time="7.496" /><testcase classname="backend.tests.test_contracts_iter56.TestEmailSend" name="test_missing_recipient_400" time="0.156" /><testcase classname="backend.tests.test_contracts_iter56.TestEmailSend" name="test_missing_subject_400" time="0.104" /><testcase classname="backend.tests.test_contracts_iter56.TestEmailSend" name="test_gmail_disconnected_returns_400_not_500" time="0.460" /><testcase classname="backend.tests.test_contracts_iter56.TestEmailLog" name="test_emails_endpoint" time="0.109" /><testcase classname="backend.tests.test_contracts_iter56.TestCompanyProfile" name="test_get_company_profile" time="0.145" /></testsuite></testsuites>