<?xml version="1.0" encoding="utf-8"?><testsuites name="pytest tests"><testsuite name="pytest" errors="0" failures="0" skipped="0" tests="6" time="1.870" timestamp="2026-06-15T16:03:00.543254+00:00" hostname="agent-env-9918e38f-1f69-4fda-a603-62d6ea07706d"><testcase classname="backend.tests.test_lead_lists" name="test_lead_lists_requires_auth" time="0.285" /><testcase classname="backend.tests.test_lead_lists" name="test_list_lead_lists_returns_array" time="0.428" /><testcase classname="backend.tests.test_lead_lists" name="test_create_and_get_lead_list" time="0.590" /><testcase classname="backend.tests.test_lead_lists" name="test_duplicate_name_rejected" time="0.146" /><testcase classname="backend.tests.test_lead_lists" name="test_empty_name_rejected" time="0.050" /><testcase classname="backend.tests.test_lead_lists" name="test_outreach_other_tabs_load" time="0.307" /></testsuite></testsuites>