<?xml version="1.0" encoding="utf-8"?><testsuites name="pytest tests"><testsuite name="pytest" errors="0" failures="2" skipped="0" tests="10" time="6.458" timestamp="2026-07-08T02:47:57.664947+00:00" hostname="agent-env-9918e38f-1f69-4fda-a603-62d6ea07706d"><testcase classname="backend.tests.test_iter61_whatsapp.TestCsWhatsapp" name="test_cs_whatsapp_ok" time="5.308" /><testcase classname="backend.tests.test_iter61_whatsapp.TestCsWhatsapp" name="test_cs_whatsapp_404" time="0.151" /><testcase classname="backend.tests.test_iter61_whatsapp.TestPaymentReminder" name="test_reminder_has_wa_text_and_phone" time="0.117" /><testcase classname="backend.tests.test_iter61_whatsapp.TestInvoiceWhatsapp" name="test_invoice_wa_default" time="0.105"><failure message="AssertionError: assert ('wa_text' in {'doc_type': 'invoice', 'download_url': 'https://projexino-hub.preview.emergentagent.com/api/public/finance-doc/b32589ad20bf4d6098c4a003daf5af59', 'month': 'July 2026', 'share_token': 'b32589ad20bf4d6098c4a003daf5af59', ...} and 'Invoice for' in '#x1F9FE *PROJEXINO SOLUTIONS*\n━━━━━━━━━━━━━━━\n*Demo Web Build Invoice — July 2026*\n\nHi Acme Co #x1F44B\nYour invoice is ready. Quick summary:\n\n▸ *Invoice No:* PRX-2026-00017\n▸ *Service:* Demo Web Build\n▸ *Billing Month:* July 2026\n▸ *Amount:* INR 100.00\n\n#x1F4E5 *Download PDF*\nhttps://projexino-hub.preview.emergentagent.com/api/public/finance-doc/b32589ad20bf4d6098c4a003daf5af59\n\n#x1F4B3 *Pay Securely (Bank Transfer / Card)*\nhttps://projexino-hub.preview.emergentagent.com/pay/invoice/b32589ad20bf4d6098c4a003daf5af59\n\n━━━━━━━━━━━━━━━\nThank you for choosing Projexino! #x1F9E1\n_Questions? Just reply to this message._')">backend/tests/test_iter61_whatsapp.py:101: in test_invoice_wa_default
    assert "wa_text" in d and "Invoice for" in d["wa_text"]
E   AssertionError: assert ('wa_text' in {'doc_type': 'invoice', 'download_url': 'https://projexino-hub.preview.emergentagent.com/api/public/finance-doc/b32589ad20bf4d6098c4a003daf5af59', 'month': 'July 2026', 'share_token': 'b32589ad20bf4d6098c4a003daf5af59', ...} and 'Invoice for' in '#x1F9FE *PROJEXINO SOLUTIONS*\n━━━━━━━━━━━━━━━\n*Demo Web Build Invoice — July 2026*\n\nHi Acme Co #x1F44B\nYour invoice is ready. Quick summary:\n\n▸ *Invoice No:* PRX-2026-00017\n▸ *Service:* Demo Web Build\n▸ *Billing Month:* July 2026\n▸ *Amount:* INR 100.00\n\n#x1F4E5 *Download PDF*\nhttps://projexino-hub.preview.emergentagent.com/api/public/finance-doc/b32589ad20bf4d6098c4a003daf5af59\n\n#x1F4B3 *Pay Securely (Bank Transfer / Card)*\nhttps://projexino-hub.preview.emergentagent.com/pay/invoice/b32589ad20bf4d6098c4a003daf5af59\n\n━━━━━━━━━━━━━━━\nThank you for choosing Projexino! #x1F9E1\n_Questions? Just reply to this message._')</failure></testcase><testcase classname="backend.tests.test_iter61_whatsapp.TestInvoiceWhatsapp" name="test_invoice_wa_receipt" time="0.046"><failure message="AssertionError: assert 'Receipt for' in '#x1F9FE *PROJEXINO SOLUTIONS*\n━━━━━━━━━━━━━━━\n*Demo Web Build Receipt — July 2026*\n\nHi Acme Co #x1F44B\nYour receipt is ready. Quick summary:\n\n▸ *Receipt No:* PRX-2026-00017\n▸ *Service:* Demo Web Build\n▸ *Billing Month:* July 2026\n▸ *Amount:* INR 100.00\n▸ *Status:* Paid ✅\n\n#x1F4E5 *Download PDF*\nhttps://projexino-hub.preview.emergentagent.com/api/public/finance-doc/b32589ad20bf4d6098c4a003daf5af59\n\n#x1F4B3 *Pay Securely (Bank Transfer / Card)*\nhttps://projexino-hub.preview.emergentagent.com/pay/invoice/b32589ad20bf4d6098c4a003daf5af59\n\n━━━━━━━━━━━━━━━\nThank you for choosing Projexino! #x1F9E1\n_Questions? Just reply to this message._'">backend/tests/test_iter61_whatsapp.py:112: in test_invoice_wa_receipt
    assert "Receipt for" in d["wa_text"]
E   AssertionError: assert 'Receipt for' in '#x1F9FE *PROJEXINO SOLUTIONS*\n━━━━━━━━━━━━━━━\n*Demo Web Build Receipt — July 2026*\n\nHi Acme Co #x1F44B\nYour receipt is ready. Quick summary:\n\n▸ *Receipt No:* PRX-2026-00017\n▸ *Service:* Demo Web Build\n▸ *Billing Month:* July 2026\n▸ *Amount:* INR 100.00\n▸ *Status:* Paid ✅\n\n#x1F4E5 *Download PDF*\nhttps://projexino-hub.preview.emergentagent.com/api/public/finance-doc/b32589ad20bf4d6098c4a003daf5af59\n\n#x1F4B3 *Pay Securely (Bank Transfer / Card)*\nhttps://projexino-hub.preview.emergentagent.com/pay/invoice/b32589ad20bf4d6098c4a003daf5af59\n\n━━━━━━━━━━━━━━━\nThank you for choosing Projexino! #x1F9E1\n_Questions? Just reply to this message._'</failure></testcase><testcase classname="backend.tests.test_iter61_whatsapp.TestInvoiceWhatsapp" name="test_invoice_wa_share_token_stable" time="0.094" /><testcase classname="backend.tests.test_iter61_whatsapp.TestPublicFinanceDoc" name="test_public_download_no_auth" time="0.291" /><testcase classname="backend.tests.test_iter61_whatsapp.TestPublicFinanceDoc" name="test_public_download_bad_token" time="0.113" /><testcase classname="backend.tests.test_iter61_whatsapp.TestFinanceWhatsappReminder" name="test_reminder_ok_or_400" time="0.093" /><testcase classname="backend.tests.test_iter61_whatsapp.TestFinanceWhatsappReminder" name="test_reminder_404" time="0.054" /></testsuite></testsuites>