<?xml version="1.0" encoding="utf-8"?><testsuites name="pytest tests"><testsuite name="pytest" errors="0" failures="0" skipped="0" tests="70" time="16.943" timestamp="2026-05-23T16:41:36.559736+00:00" hostname="agent-env-9918e38f-1f69-4fda-a603-62d6ea07706d"><testcase classname="backend.tests.test_phase_ef.TestPhaseEAuth" name="test_forgot_password_existing_user_returns_200" time="0.137" /><testcase classname="backend.tests.test_phase_ef.TestPhaseEAuth" name="test_forgot_password_unknown_email_still_200" time="0.106" /><testcase classname="backend.tests.test_phase_ef.TestPhaseEAuth" name="test_reset_password_invalid_token_400" time="0.124" /><testcase classname="backend.tests.test_phase_ef.TestPhaseEAuth" name="test_change_password_wrong_current_400" time="0.659" /><testcase classname="backend.tests.test_phase_ef.TestPhaseEAuth" name="test_change_password_correct_then_restore" time="1.746" /><testcase classname="backend.tests.test_phase_ef.TestPhaseEAuth" name="test_forgot_then_reset_full_flow" time="1.784" /><testcase classname="backend.tests.test_phase_ef.TestPhaseEAuth" name="test_expired_token_returns_400" time="0.116" /><testcase classname="backend.tests.test_phase_ef.TestPhaseEProfile" name="test_full_profile_super_admin_has_no_intern" time="0.471" /><testcase classname="backend.tests.test_phase_ef.TestPhaseEProfile" name="test_avatar_update_small_png" time="0.106" /><testcase classname="backend.tests.test_phase_ef.TestPhaseERbacAdminRoles" name="test_create_user_each_role[manager]" time="0.485" /><testcase classname="backend.tests.test_phase_ef.TestPhaseERbacAdminRoles" name="test_create_user_each_role[hr]" time="0.455" /><testcase classname="backend.tests.test_phase_ef.TestPhaseERbacAdminRoles" name="test_create_user_each_role[team_member]" time="0.479" /><testcase classname="backend.tests.test_phase_ef.TestPhaseERbacAdminRoles" name="test_create_user_each_role[admin]" time="0.436" /><testcase classname="backend.tests.test_phase_ef.TestPhaseFNotifPermissions" name="test_events_list_18_known" time="0.104" /><testcase classname="backend.tests.test_phase_ef.TestPhaseFNotifPermissions" name="test_events_non_super_403" time="0.466" /><testcase classname="backend.tests.test_phase_ef.TestPhaseFNotifPermissions" name="test_get_perms_returns_rules_users_events" time="0.119" /><testcase classname="backend.tests.test_phase_ef.TestPhaseFNotifPermissions" name="test_get_perms_non_super_403" time="0.435" /><testcase classname="backend.tests.test_phase_ef.TestPhaseFNotifPermissions" name="test_put_perms_persists" time="0.211" /><testcase classname="backend.tests.test_phase_ef.TestPhaseFNotifPermissions" name="test_put_perms_non_super_403" time="0.108" /><testcase classname="backend.tests.test_phase_ef.TestPhaseFNotifPermissions" name="test_get_extra_recipients_includes_super_admin" time="0.175" /><testcase classname="backend.tests.test_phase_ef.TestQuickWinHtmlEscape" name="test_lifecycle_progress_with_script_tag" time="0.379" /><testcase classname="backend.tests.test_phase_ef.TestQuickWinDocVerification" name="test_doc_verification_list_works_even_with_malformed_submitted_at" time="0.110" /><testcase classname="backend.tests.test_phase_ef.TestQuickWinDocVerification" name="test_doc_verification_decision_with_html_comment" time="0.124" /><testcase classname="backend.tests.test_phase_ef.TestQuickWinPayslipsIndex" name="test_unique_index_on_slip_no" time="0.002" /><testcase classname="backend.tests.test_phase_ef.TestQuickWinSchedulerIdempotent" name="test_bulk_generate_per_employee_idempotent" time="0.011" /><testcase classname="backend.tests.test_phase_a_rbac.TestAuthRole" name="test_super_admin_login_role" time="0.348" /><testcase classname="backend.tests.test_phase_a_rbac.TestPermissionsMatrix" name="test_permissions_super_admin" time="0.377" /><testcase classname="backend.tests.test_phase_a_rbac.TestPermissionsMatrix" name="test_matrix_get" time="0.066" /><testcase classname="backend.tests.test_phase_a_rbac.TestPermissionsMatrix" name="test_matrix_get_forbidden_non_super" time="0.412" /><testcase classname="backend.tests.test_phase_a_rbac.TestPermissionsMatrix" name="test_matrix_put_and_persist" time="0.562" /><testcase classname="backend.tests.test_phase_a_rbac.TestPermissionsMatrix" name="test_matrix_reset" time="0.104" /><testcase classname="backend.tests.test_phase_a_rbac.TestAdminsCRUD" name="test_list_admins" time="0.322" /><testcase classname="backend.tests.test_phase_a_rbac.TestAdminsCRUD" name="test_duplicate_email_400" time="0.057" /><testcase classname="backend.tests.test_phase_a_rbac.TestAdminsCRUD" name="test_patch_admin_name_role" time="0.051" /><testcase classname="backend.tests.test_phase_a_rbac.TestAdminsCRUD" name="test_set_primary_super_admin_demotes_existing" time="0.262" /><testcase classname="backend.tests.test_phase_a_rbac.TestAdminsCRUD" name="test_cannot_delete_primary_super_admin" time="0.098" /><testcase classname="backend.tests.test_phase_a_rbac.TestAdminsCRUD" name="test_delete_admin" time="0.186" /><testcase classname="backend.tests.test_phase_a_rbac.TestMeProfile" name="test_get_me" time="0.047" /><testcase classname="backend.tests.test_phase_a_rbac.TestMeProfile" name="test_patch_me" time="0.114" /><testcase classname="backend.tests.test_phase_a_rbac.TestRegressionSuperAdminAccepted" name="test_reset_password_super_admin" time="0.100" /><testcase classname="backend.tests.test_phase_a_rbac.TestRegressionSuperAdminAccepted" name="test_notification_settings_patch_super_admin" time="0.141" /><testcase classname="backend.tests.test_phase_bcd.TestPhaseB_Project" name="test_full_visibility" time="0.467" /><testcase classname="backend.tests.test_phase_bcd.TestPhaseB_Project" name="test_full_403_for_non_member" time="0.433" /><testcase classname="backend.tests.test_phase_bcd.TestPhaseB_Project" name="test_start_and_idempotent" time="0.119" /><testcase classname="backend.tests.test_phase_bcd.TestPhaseB_Project" name="test_progress_with_percent" time="0.107" /><testcase classname="backend.tests.test_phase_bcd.TestPhaseB_Project" name="test_progress_validation" time="0.050" /><testcase classname="backend.tests.test_phase_bcd.TestPhaseB_Project" name="test_project_timeline_contains_events" time="0.050" /><testcase classname="backend.tests.test_phase_bcd.TestPhaseB_Task" name="test_task_start_and_idempotent" time="0.167" /><testcase classname="backend.tests.test_phase_bcd.TestPhaseB_Task" name="test_task_progress_and_timeline" time="0.099" /><testcase classname="backend.tests.test_phase_bcd.TestPhaseC" name="test_list_returns_flat" time="0.047" /><testcase classname="backend.tests.test_phase_bcd.TestPhaseC" name="test_list_filter_pending" time="0.077" /><testcase classname="backend.tests.test_phase_bcd.TestPhaseC" name="test_list_forbidden_for_member" time="0.408" /><testcase classname="backend.tests.test_phase_bcd.TestPhaseC" name="test_get_one_returns_content" time="0.105" /><testcase classname="backend.tests.test_phase_bcd.TestPhaseC" name="test_decision_and_comment_flow" time="0.493" /><testcase classname="backend.tests.test_phase_bcd.TestPhaseD_Regulations" name="test_list_open_to_all_roles" time="0.112" /><testcase classname="backend.tests.test_phase_bcd.TestPhaseD_Regulations" name="test_crud" time="0.201" /><testcase classname="backend.tests.test_phase_bcd.TestPhaseD_PayslipConfig" name="test_get_defaults" time="0.050" /><testcase classname="backend.tests.test_phase_bcd.TestPhaseD_PayslipConfig" name="test_put_fields_and_schedule" time="0.142" /><testcase classname="backend.tests.test_phase_bcd.TestPhaseD_Payslips" name="test_generate_and_list_and_pdf" time="0.292" /><testcase classname="backend.tests.test_phase_bcd.TestPhaseD_Payslips" name="test_generate_requires_salary" time="0.047" /><testcase classname="backend.tests.test_phase_bcd.TestPhaseD_SignDocs" name="test_create_sign_duplicate" time="0.253" /><testcase classname="backend.tests.test_phase_bcd.TestPhaseD_Audit" name="test_audit_year" time="0.054" /><testcase classname="backend.tests.test_phase_bcd.TestPhaseD_Expenses" name="test_create_and_list_and_summary" time="0.141" /><testcase classname="backend.tests.test_phase_bcd.TestPhaseD_Expenses" name="test_delete" time="0.045" /><testcase classname="backend.tests.test_phase_bcd.TestRegression" name="test_auth_me_super_admin" time="0.047" /><testcase classname="backend.tests.test_phase_bcd.TestRegression" name="test_projects" time="0.047" /><testcase classname="backend.tests.test_phase_bcd.TestRegression" name="test_tasks" time="0.049" /><testcase classname="backend.tests.test_phase_bcd.TestRegression" name="test_team" time="0.046" /><testcase classname="backend.tests.test_phase_bcd.TestRegression" name="test_rbac_permissions" time="0.048" /><testcase classname="backend.tests.test_phase_bcd.TestRegression" name="test_rbac_matrix" time="0.050" /></testsuite></testsuites>