<?xml version="1.0" encoding="utf-8"?><testsuites name="pytest tests"><testsuite name="pytest" errors="0" failures="0" skipped="0" tests="24" time="10.492" timestamp="2026-05-20T08:09:03.284519+00:00" hostname="agent-env-9918e38f-1f69-4fda-a603-62d6ea07706d"><testcase classname="backend.tests.test_phase4.TestSeededAccounts" name="test_admin_login" time="0.337" /><testcase classname="backend.tests.test_phase4.TestSeededAccounts" name="test_manager_login" time="0.321" /><testcase classname="backend.tests.test_phase4.TestSeededAccounts" name="test_hr_login_returns_hr_role" time="0.328" /><testcase classname="backend.tests.test_phase4.TestSeededAccounts" name="test_member_login" time="0.319" /><testcase classname="backend.tests.test_phase4.TestSeededAccounts" name="test_intern_login" time="0.339" /><testcase classname="backend.tests.test_phase4.TestCreateInternWithLogin" name="test_creates_intern_and_returns_welcome_password" time="0.651" /><testcase classname="backend.tests.test_phase4.TestCreateInternWithLogin" name="test_intern_doc_linked_user" time="0.000" /><testcase classname="backend.tests.test_phase4.TestCreateInternWithLogin" name="test_login_with_returned_credentials" time="0.329" /><testcase classname="backend.tests.test_phase4.TestCreateInternWithLogin" name="test_profile_shows_must_change_password" time="0.467" /><testcase classname="backend.tests.test_phase4.TestCreateInternWithLogin" name="test_duplicate_intern_email_rejected" time="0.096" /><testcase classname="backend.tests.test_phase4.TestChangePassword" name="test_first_change_without_current_password" time="1.071" /><testcase classname="backend.tests.test_phase4.TestChangePassword" name="test_second_change_requires_current_password_wrong" time="0.641" /><testcase classname="backend.tests.test_phase4.TestChangePassword" name="test_second_change_with_correct_current_succeeds" time="0.882" /><testcase classname="backend.tests.test_phase4.TestProfileUpdate" name="test_patch_profile_updates_intern_record" time="0.508" /><testcase classname="backend.tests.test_phase4.TestHeartbeat" name="test_heartbeat_creates_and_increments" time="0.618" /><testcase classname="backend.tests.test_phase4.TestManagerDashboard" name="test_manager_interns_admin" time="0.113" /><testcase classname="backend.tests.test_phase4.TestManagerDashboard" name="test_manager_interns_forbidden_for_intern" time="0.447" /><testcase classname="backend.tests.test_phase4.TestManagerDashboard" name="test_activity_feed" time="0.117" /><testcase classname="backend.tests.test_phase4.TestManagerDashboard" name="test_activity_feed_hr_access" time="0.425" /><testcase classname="backend.tests.test_phase4.TestDocVerification" name="test_submit_and_verify_doc" time="0.628" /><testcase classname="backend.tests.test_phase4.TestPDFs" name="test_intern_certificate_pdf" time="0.238" /><testcase classname="backend.tests.test_phase4.TestPDFs" name="test_progress_pdf_redesigned" time="0.471" /><testcase classname="backend.tests.test_phase4.TestRegression" name="test_old_endpoints" time="0.306" /><testcase classname="backend.tests.test_phase4.TestRegression" name="test_intern_self_service" time="0.767" /></testsuite></testsuites>