<?xml version="1.0" encoding="utf-8"?><testsuites name="pytest tests"><testsuite name="pytest" errors="0" failures="1" skipped="0" tests="32" time="11.325" timestamp="2026-05-23T17:18:06.312366+00:00" hostname="agent-env-9918e38f-1f69-4fda-a603-62d6ea07706d"><testcase classname="backend.tests.test_phase_gh.TestAIConfig" name="test_get_ai_config_super" time="0.678" /><testcase classname="backend.tests.test_phase_gh.TestAIConfig" name="test_get_ai_config_forbidden_for_member" time="0.519" /><testcase classname="backend.tests.test_phase_gh.TestAIConfig" name="test_put_ai_config_persists_and_delete_clears" time="0.561" /><testcase classname="backend.tests.test_phase_gh.TestAIConfig" name="test_put_ai_config_forbidden_for_manager" time="0.459" /><testcase classname="backend.tests.test_phase_gh.TestAIConfig" name="test_ai_test_endpoint" time="3.054" /><testcase classname="backend.tests.test_phase_gh.TestDocStream" name="test_stream_doc_intern_self" time="0.704"><failure message="AssertionError: {&quot;detail&quot;:&quot;Owner not found&quot;}&#10;assert 404 == 200&#10; +  where 404 = &lt;Response [404]&gt;.status_code">backend/tests/test_phase_gh.py:143: in test_stream_doc_intern_self
    assert r2.status_code == 200, r2.text
E   AssertionError: {"detail":"Owner not found"}
E   assert 404 == 200
E    +  where 404 = &lt;Response [404]&gt;.status_code</failure></testcase><testcase classname="backend.tests.test_phase_gh.TestDocStream" name="test_stream_doc_forbidden" time="0.213" /><testcase classname="backend.tests.test_phase_gh.TestDocStream" name="test_stream_doc_404" time="0.148" /><testcase classname="backend.tests.test_phase_gh.TestTaskFull" name="test_task_full_priv" time="0.254" /><testcase classname="backend.tests.test_phase_gh.TestTaskFull" name="test_task_full_forbidden_for_member" time="0.112" /><testcase classname="backend.tests.test_phase_gh.TestTaskFull" name="test_task_full_404" time="0.136" /><testcase classname="backend.tests.test_phase_gh.TestAdminUsers" name="test_list_users_super" time="0.103" /><testcase classname="backend.tests.test_phase_gh.TestAdminUsers" name="test_list_users_forbidden_for_hr" time="0.524" /><testcase classname="backend.tests.test_phase_gh.TestAdminUsers" name="test_patch_profile" time="0.236" /><testcase classname="backend.tests.test_phase_gh.TestAdminUsers" name="test_patch_cannot_demote_primary_super_admin" time="0.217" /><testcase classname="backend.tests.test_phase_gh.TestAdminUsers" name="test_patch_invalid_role" time="0.240" /><testcase classname="backend.tests.test_phase_gh.TestAdminUsers" name="test_post_avatar" time="0.214" /><testcase classname="backend.tests.test_phase_gh.TestAdminUsers" name="test_post_avatar_forbidden" time="0.226" /><testcase classname="backend.tests.test_phase_gh.TestConnections" name="test_my_connections" time="0.101" /><testcase classname="backend.tests.test_phase_gh.TestConnections" name="test_org_chart_super" time="0.106" /><testcase classname="backend.tests.test_phase_gh.TestConnections" name="test_org_chart_forbidden_for_member" time="0.115" /><testcase classname="backend.tests.test_phase_gh.TestBooking" name="test_create_and_list" time="0.231" /><testcase classname="backend.tests.test_phase_gh.TestBooking" name="test_patch_page" time="0.106" /><testcase classname="backend.tests.test_phase_gh.TestBooking" name="test_public_page" time="0.103" /><testcase classname="backend.tests.test_phase_gh.TestBooking" name="test_public_page_404" time="0.122" /><testcase classname="backend.tests.test_phase_gh.TestBooking" name="test_public_slots" time="0.107" /><testcase classname="backend.tests.test_phase_gh.TestBooking" name="test_public_book_and_conflict" time="0.516" /><testcase classname="backend.tests.test_phase_gh.TestBooking" name="test_my_bookings" time="0.104" /><testcase classname="backend.tests.test_phase_gh.TestBooking" name="test_upcoming" time="0.503" /><testcase classname="backend.tests.test_phase_gh.TestBooking" name="test_create_page_forbidden_for_member" time="0.104" /><testcase classname="backend.tests.test_phase_gh.TestBooking" name="test_weekend_no_slots" time="0.200" /><testcase classname="backend.tests.test_phase_gh" name="test_gmail_scopes_contains_calendar" time="0.169" /></testsuite></testsuites>