<?xml version="1.0" encoding="utf-8"?><testsuites name="pytest tests"><testsuite name="pytest" errors="0" failures="0" skipped="0" tests="25" time="9.489" timestamp="2026-05-23T16:41:20.223052+00:00" hostname="agent-env-9918e38f-1f69-4fda-a603-62d6ea07706d"><testcase classname="backend.tests.test_phase_ef.TestPhaseEAuth" name="test_forgot_password_existing_user_returns_200" time="0.258" /><testcase classname="backend.tests.test_phase_ef.TestPhaseEAuth" name="test_forgot_password_unknown_email_still_200" time="0.105" /><testcase classname="backend.tests.test_phase_ef.TestPhaseEAuth" name="test_reset_password_invalid_token_400" time="0.105" /><testcase classname="backend.tests.test_phase_ef.TestPhaseEAuth" name="test_change_password_wrong_current_400" time="0.671" /><testcase classname="backend.tests.test_phase_ef.TestPhaseEAuth" name="test_change_password_correct_then_restore" time="1.773" /><testcase classname="backend.tests.test_phase_ef.TestPhaseEAuth" name="test_forgot_then_reset_full_flow" time="1.785" /><testcase classname="backend.tests.test_phase_ef.TestPhaseEAuth" name="test_expired_token_returns_400" time="0.120" /><testcase classname="backend.tests.test_phase_ef.TestPhaseEProfile" name="test_full_profile_super_admin_has_no_intern" time="0.458" /><testcase classname="backend.tests.test_phase_ef.TestPhaseEProfile" name="test_avatar_update_small_png" time="0.121" /><testcase classname="backend.tests.test_phase_ef.TestPhaseERbacAdminRoles" name="test_create_user_each_role[manager]" time="0.449" /><testcase classname="backend.tests.test_phase_ef.TestPhaseERbacAdminRoles" name="test_create_user_each_role[hr]" time="0.456" /><testcase classname="backend.tests.test_phase_ef.TestPhaseERbacAdminRoles" name="test_create_user_each_role[team_member]" time="0.446" /><testcase classname="backend.tests.test_phase_ef.TestPhaseERbacAdminRoles" name="test_create_user_each_role[admin]" time="0.445" /><testcase classname="backend.tests.test_phase_ef.TestPhaseFNotifPermissions" name="test_events_list_18_known" time="0.128" /><testcase classname="backend.tests.test_phase_ef.TestPhaseFNotifPermissions" name="test_events_non_super_403" time="0.461" /><testcase classname="backend.tests.test_phase_ef.TestPhaseFNotifPermissions" name="test_get_perms_returns_rules_users_events" time="0.106" /><testcase classname="backend.tests.test_phase_ef.TestPhaseFNotifPermissions" name="test_get_perms_non_super_403" time="0.431" /><testcase classname="backend.tests.test_phase_ef.TestPhaseFNotifPermissions" name="test_put_perms_persists" time="0.204" /><testcase classname="backend.tests.test_phase_ef.TestPhaseFNotifPermissions" name="test_put_perms_non_super_403" time="0.099" /><testcase classname="backend.tests.test_phase_ef.TestPhaseFNotifPermissions" name="test_get_extra_recipients_includes_super_admin" time="0.191" /><testcase classname="backend.tests.test_phase_ef.TestQuickWinHtmlEscape" name="test_lifecycle_progress_with_script_tag" time="0.341" /><testcase classname="backend.tests.test_phase_ef.TestQuickWinDocVerification" name="test_doc_verification_list_works_even_with_malformed_submitted_at" time="0.104" /><testcase classname="backend.tests.test_phase_ef.TestQuickWinDocVerification" name="test_doc_verification_decision_with_html_comment" time="0.111" /><testcase classname="backend.tests.test_phase_ef.TestQuickWinPayslipsIndex" name="test_unique_index_on_slip_no" time="0.003" /><testcase classname="backend.tests.test_phase_ef.TestQuickWinSchedulerIdempotent" name="test_bulk_generate_per_employee_idempotent" time="0.013" /></testsuite></testsuites>