<?xml version="1.0" encoding="utf-8"?><testsuites name="pytest tests"><testsuite name="pytest" errors="0" failures="0" skipped="0" tests="16" time="3.301" timestamp="2026-05-23T16:01:35.710755+00:00" hostname="agent-env-9918e38f-1f69-4fda-a603-62d6ea07706d"><testcase classname="backend.tests.test_phase_a_rbac.TestAuthRole" name="test_super_admin_login_role" time="0.373" /><testcase classname="backend.tests.test_phase_a_rbac.TestPermissionsMatrix" name="test_permissions_super_admin" time="0.416" /><testcase classname="backend.tests.test_phase_a_rbac.TestPermissionsMatrix" name="test_matrix_get" time="0.051" /><testcase classname="backend.tests.test_phase_a_rbac.TestPermissionsMatrix" name="test_matrix_get_forbidden_non_super" time="0.459" /><testcase classname="backend.tests.test_phase_a_rbac.TestPermissionsMatrix" name="test_matrix_put_and_persist" time="0.533" /><testcase classname="backend.tests.test_phase_a_rbac.TestPermissionsMatrix" name="test_matrix_reset" time="0.102" /><testcase classname="backend.tests.test_phase_a_rbac.TestAdminsCRUD" name="test_list_admins" time="0.328" /><testcase classname="backend.tests.test_phase_a_rbac.TestAdminsCRUD" name="test_duplicate_email_400" time="0.050" /><testcase classname="backend.tests.test_phase_a_rbac.TestAdminsCRUD" name="test_patch_admin_name_role" time="0.052" /><testcase classname="backend.tests.test_phase_a_rbac.TestAdminsCRUD" name="test_set_primary_super_admin_demotes_existing" time="0.253" /><testcase classname="backend.tests.test_phase_a_rbac.TestAdminsCRUD" name="test_cannot_delete_primary_super_admin" time="0.098" /><testcase classname="backend.tests.test_phase_a_rbac.TestAdminsCRUD" name="test_delete_admin" time="0.144" /><testcase classname="backend.tests.test_phase_a_rbac.TestMeProfile" name="test_get_me" time="0.051" /><testcase classname="backend.tests.test_phase_a_rbac.TestMeProfile" name="test_patch_me" time="0.102" /><testcase classname="backend.tests.test_phase_a_rbac.TestRegressionSuperAdminAccepted" name="test_reset_password_super_admin" time="0.121" /><testcase classname="backend.tests.test_phase_a_rbac.TestRegressionSuperAdminAccepted" name="test_notification_settings_patch_super_admin" time="0.101" /></testsuite></testsuites>