<?xml version="1.0" encoding="utf-8"?><testsuites name="pytest tests"><testsuite name="pytest" errors="0" failures="0" skipped="0" tests="16" time="6.676" timestamp="2026-05-23T16:21:13.977479+00:00" hostname="agent-env-9918e38f-1f69-4fda-a603-62d6ea07706d"><testcase classname="backend.tests.test_phase_a_rbac.TestAuthRole" name="test_super_admin_login_role" time="0.373" /><testcase classname="backend.tests.test_phase_a_rbac.TestPermissionsMatrix" name="test_permissions_super_admin" time="0.567" /><testcase classname="backend.tests.test_phase_a_rbac.TestPermissionsMatrix" name="test_matrix_get" time="0.056" /><testcase classname="backend.tests.test_phase_a_rbac.TestPermissionsMatrix" name="test_matrix_get_forbidden_non_super" time="0.394" /><testcase classname="backend.tests.test_phase_a_rbac.TestPermissionsMatrix" name="test_matrix_put_and_persist" time="1.041" /><testcase classname="backend.tests.test_phase_a_rbac.TestPermissionsMatrix" name="test_matrix_reset" time="0.517" /><testcase classname="backend.tests.test_phase_a_rbac.TestAdminsCRUD" name="test_list_admins" time="0.420" /><testcase classname="backend.tests.test_phase_a_rbac.TestAdminsCRUD" name="test_duplicate_email_400" time="0.053" /><testcase classname="backend.tests.test_phase_a_rbac.TestAdminsCRUD" name="test_patch_admin_name_role" time="0.166" /><testcase classname="backend.tests.test_phase_a_rbac.TestAdminsCRUD" name="test_set_primary_super_admin_demotes_existing" time="0.728" /><testcase classname="backend.tests.test_phase_a_rbac.TestAdminsCRUD" name="test_cannot_delete_primary_super_admin" time="0.125" /><testcase classname="backend.tests.test_phase_a_rbac.TestAdminsCRUD" name="test_delete_admin" time="0.169" /><testcase classname="backend.tests.test_phase_a_rbac.TestMeProfile" name="test_get_me" time="0.232" /><testcase classname="backend.tests.test_phase_a_rbac.TestMeProfile" name="test_patch_me" time="1.389" /><testcase classname="backend.tests.test_phase_a_rbac.TestRegressionSuperAdminAccepted" name="test_reset_password_super_admin" time="0.174" /><testcase classname="backend.tests.test_phase_a_rbac.TestRegressionSuperAdminAccepted" name="test_notification_settings_patch_super_admin" time="0.196" /></testsuite></testsuites>