<?xml version="1.0" encoding="utf-8"?><testsuites name="pytest tests"><testsuite name="pytest" errors="0" failures="0" skipped="0" tests="29" time="4.562" timestamp="2026-05-23T16:21:04.766017+00:00" hostname="agent-env-9918e38f-1f69-4fda-a603-62d6ea07706d"><testcase classname="backend.tests.test_phase_bcd.TestPhaseB_Project" name="test_full_visibility" time="0.607" /><testcase classname="backend.tests.test_phase_bcd.TestPhaseB_Project" name="test_full_403_for_non_member" time="0.395" /><testcase classname="backend.tests.test_phase_bcd.TestPhaseB_Project" name="test_start_and_idempotent" time="0.093" /><testcase classname="backend.tests.test_phase_bcd.TestPhaseB_Project" name="test_progress_with_percent" time="0.101" /><testcase classname="backend.tests.test_phase_bcd.TestPhaseB_Project" name="test_progress_validation" time="0.046" /><testcase classname="backend.tests.test_phase_bcd.TestPhaseB_Project" name="test_project_timeline_contains_events" time="0.047" /><testcase classname="backend.tests.test_phase_bcd.TestPhaseB_Task" name="test_task_start_and_idempotent" time="0.149" /><testcase classname="backend.tests.test_phase_bcd.TestPhaseB_Task" name="test_task_progress_and_timeline" time="0.103" /><testcase classname="backend.tests.test_phase_bcd.TestPhaseC" name="test_list_returns_flat" time="0.048" /><testcase classname="backend.tests.test_phase_bcd.TestPhaseC" name="test_list_filter_pending" time="0.048" /><testcase classname="backend.tests.test_phase_bcd.TestPhaseC" name="test_list_forbidden_for_member" time="0.386" /><testcase classname="backend.tests.test_phase_bcd.TestPhaseC" name="test_get_one_returns_content" time="0.099" /><testcase classname="backend.tests.test_phase_bcd.TestPhaseC" name="test_decision_and_comment_flow" time="0.481" /><testcase classname="backend.tests.test_phase_bcd.TestPhaseD_Regulations" name="test_list_open_to_all_roles" time="0.095" /><testcase classname="backend.tests.test_phase_bcd.TestPhaseD_Regulations" name="test_crud" time="0.212" /><testcase classname="backend.tests.test_phase_bcd.TestPhaseD_PayslipConfig" name="test_get_defaults" time="0.046" /><testcase classname="backend.tests.test_phase_bcd.TestPhaseD_PayslipConfig" name="test_put_fields_and_schedule" time="0.170" /><testcase classname="backend.tests.test_phase_bcd.TestPhaseD_Payslips" name="test_generate_and_list_and_pdf" time="0.370" /><testcase classname="backend.tests.test_phase_bcd.TestPhaseD_Payslips" name="test_generate_requires_salary" time="0.047" /><testcase classname="backend.tests.test_phase_bcd.TestPhaseD_SignDocs" name="test_create_sign_duplicate" time="0.338" /><testcase classname="backend.tests.test_phase_bcd.TestPhaseD_Audit" name="test_audit_year" time="0.052" /><testcase classname="backend.tests.test_phase_bcd.TestPhaseD_Expenses" name="test_create_and_list_and_summary" time="0.158" /><testcase classname="backend.tests.test_phase_bcd.TestPhaseD_Expenses" name="test_delete" time="0.051" /><testcase classname="backend.tests.test_phase_bcd.TestRegression" name="test_auth_me_super_admin" time="0.046" /><testcase classname="backend.tests.test_phase_bcd.TestRegression" name="test_projects" time="0.047" /><testcase classname="backend.tests.test_phase_bcd.TestRegression" name="test_tasks" time="0.047" /><testcase classname="backend.tests.test_phase_bcd.TestRegression" name="test_team" time="0.045" /><testcase classname="backend.tests.test_phase_bcd.TestRegression" name="test_rbac_permissions" time="0.055" /><testcase classname="backend.tests.test_phase_bcd.TestRegression" name="test_rbac_matrix" time="0.049" /></testsuite></testsuites>