<?xml version="1.0" encoding="utf-8"?><testsuites name="pytest tests"><testsuite name="pytest" errors="0" failures="0" skipped="0" tests="23" time="3.934" timestamp="2026-05-19T16:13:02.616458+00:00" hostname="agent-env-9918e38f-1f69-4fda-a603-62d6ea07706d"><testcase classname="backend.tests.test_phase3.TestRoleLogin" name="test_login_returns_role[admin]" time="1.662" /><testcase classname="backend.tests.test_phase3.TestRoleLogin" name="test_login_returns_role[manager]" time="0.000" /><testcase classname="backend.tests.test_phase3.TestRoleLogin" name="test_login_returns_role[member]" time="0.000" /><testcase classname="backend.tests.test_phase3.TestRoleLogin" name="test_login_returns_role[intern]" time="0.000" /><testcase classname="backend.tests.test_phase3.TestMembersDirectory" name="test_directory_returns_users_no_password_hash" time="0.052" /><testcase classname="backend.tests.test_phase3.TestMembersDirectory" name="test_directory_accessible_by_intern" time="0.080" /><testcase classname="backend.tests.test_phase3.TestInternSelfService" name="test_me_intern_returns_profile" time="0.082" /><testcase classname="backend.tests.test_phase3.TestInternSelfService" name="test_me_intern_403_for_admin" time="0.051" /><testcase classname="backend.tests.test_phase3.TestInternSelfService" name="test_seed_intern_task_then_list" time="0.132" /><testcase classname="backend.tests.test_phase3.TestInternSelfService" name="test_complete_task_awards_ontime_badge" time="0.234" /><testcase classname="backend.tests.test_phase3.TestInternSelfService" name="test_list_documents_required_and_submitted_no_leak" time="0.088" /><testcase classname="backend.tests.test_phase3.TestInternSelfService" name="test_submit_all_5_docs_triggers_diligence" time="0.515" /><testcase classname="backend.tests.test_phase3.TestInternSelfService" name="test_download_document_returns_content" time="0.102" /><testcase classname="backend.tests.test_phase3.TestInternSelfService" name="test_progress_summary" time="0.100" /><testcase classname="backend.tests.test_phase3.TestInternSelfService" name="test_progress_pdf" time="0.210" /><testcase classname="backend.tests.test_phase3.TestManualBadge" name="test_manager_can_award_badge" time="0.078" /><testcase classname="backend.tests.test_phase3.TestManualBadge" name="test_admin_can_award_badge" time="0.055" /><testcase classname="backend.tests.test_phase3.TestManualBadge" name="test_intern_cannot_award_badge" time="0.089" /><testcase classname="backend.tests.test_phase3.TestRegression" name="test_projects_list" time="0.108" /><testcase classname="backend.tests.test_phase3.TestRegression" name="test_tasks_list" time="0.055" /><testcase classname="backend.tests.test_phase3.TestRegression" name="test_interns_list" time="0.062" /><testcase classname="backend.tests.test_phase3.TestRegression" name="test_chat_channels" time="0.060" /><testcase classname="backend.tests.test_phase3.TestRegression" name="test_ai_sessions" time="0.051" /></testsuite></testsuites>