<?xml version="1.0" encoding="utf-8"?><testsuites name="pytest tests"><testsuite name="pytest" errors="0" failures="0" skipped="0" tests="24" time="11.727" timestamp="2026-05-20T07:43:38.626347+00:00" hostname="agent-env-9918e38f-1f69-4fda-a603-62d6ea07706d"><testcase classname="backend.tests.test_phase4.TestSeededAccounts" name="test_admin_login" time="0.509" /><testcase classname="backend.tests.test_phase4.TestSeededAccounts" name="test_manager_login" time="0.334" /><testcase classname="backend.tests.test_phase4.TestSeededAccounts" name="test_hr_login_returns_hr_role" time="0.358" /><testcase classname="backend.tests.test_phase4.TestSeededAccounts" name="test_member_login" time="0.362" /><testcase classname="backend.tests.test_phase4.TestSeededAccounts" name="test_intern_login" time="0.323" /><testcase classname="backend.tests.test_phase4.TestCreateInternWithLogin" name="test_creates_intern_and_returns_welcome_password" time="0.780" /><testcase classname="backend.tests.test_phase4.TestCreateInternWithLogin" name="test_intern_doc_linked_user" time="0.000" /><testcase classname="backend.tests.test_phase4.TestCreateInternWithLogin" name="test_login_with_returned_credentials" time="0.323" /><testcase classname="backend.tests.test_phase4.TestCreateInternWithLogin" name="test_profile_shows_must_change_password" time="0.446" /><testcase classname="backend.tests.test_phase4.TestCreateInternWithLogin" name="test_duplicate_intern_email_rejected" time="0.098" /><testcase classname="backend.tests.test_phase4.TestChangePassword" name="test_first_change_without_current_password" time="1.318" /><testcase classname="backend.tests.test_phase4.TestChangePassword" name="test_second_change_requires_current_password_wrong" time="0.692" /><testcase classname="backend.tests.test_phase4.TestChangePassword" name="test_second_change_with_correct_current_succeeds" time="0.904" /><testcase classname="backend.tests.test_phase4.TestProfileUpdate" name="test_patch_profile_updates_intern_record" time="0.609" /><testcase classname="backend.tests.test_phase4.TestHeartbeat" name="test_heartbeat_creates_and_increments" time="0.686" /><testcase classname="backend.tests.test_phase4.TestManagerDashboard" name="test_manager_interns_admin" time="0.128" /><testcase classname="backend.tests.test_phase4.TestManagerDashboard" name="test_manager_interns_forbidden_for_intern" time="0.458" /><testcase classname="backend.tests.test_phase4.TestManagerDashboard" name="test_activity_feed" time="0.198" /><testcase classname="backend.tests.test_phase4.TestManagerDashboard" name="test_activity_feed_hr_access" time="0.445" /><testcase classname="backend.tests.test_phase4.TestDocVerification" name="test_submit_and_verify_doc" time="0.671" /><testcase classname="backend.tests.test_phase4.TestPDFs" name="test_intern_certificate_pdf" time="0.256" /><testcase classname="backend.tests.test_phase4.TestPDFs" name="test_progress_pdf_redesigned" time="0.507" /><testcase classname="backend.tests.test_phase4.TestRegression" name="test_old_endpoints" time="0.336" /><testcase classname="backend.tests.test_phase4.TestRegression" name="test_intern_self_service" time="0.820" /></testsuite></testsuites>