<?xml version="1.0" encoding="utf-8"?><testsuites name="pytest tests"><testsuite name="pytest" errors="0" failures="15" skipped="0" tests="36" time="5.340" timestamp="2026-05-23T16:01:43.241232+00:00" hostname="agent-env-9918e38f-1f69-4fda-a603-62d6ea07706d"><testcase classname="backend.tests.test_iter15_presence_email.TestCallsRemoved" name="test_calls_create_404" time="0.473" /><testcase classname="backend.tests.test_iter15_presence_email.TestCallsRemoved" name="test_calls_incoming_404" time="0.055" /><testcase classname="backend.tests.test_iter15_presence_email.TestCallsRemoved" name="test_calls_id_404" time="0.057" /><testcase classname="backend.tests.test_iter15_presence_email.TestAuthEvents" name="test_login_creates_event" time="0.388"><failure message="assert 403 == 200&#10; +  where 403 = &lt;Response [403]&gt;.status_code">E   assert 403 == 200
     +  where 403 = &lt;Response [403]&gt;.status_code</failure></testcase><testcase classname="backend.tests.test_iter15_presence_email.TestAuthEvents" name="test_logout_creates_event" time="0.936"><failure message="assert 403 == 200&#10; +  where 403 = &lt;Response [403]&gt;.status_code">E   assert 403 == 200
     +  where 403 = &lt;Response [403]&gt;.status_code</failure></testcase><testcase classname="backend.tests.test_iter15_presence_email.TestAuthEvents" name="test_auth_events_team_member_403" time="0.410" /><testcase classname="backend.tests.test_iter15_presence_email.TestAuthEvents" name="test_auth_events_summary_day" time="0.055"><failure message="assert 403 == 200&#10; +  where 403 = &lt;Response [403]&gt;.status_code">E   assert 403 == 200
     +  where 403 = &lt;Response [403]&gt;.status_code</failure></testcase><testcase classname="backend.tests.test_iter15_presence_email.TestAuthEvents" name="test_auth_events_summary_month" time="0.053"><failure message="assert 403 == 200&#10; +  where 403 = &lt;Response [403]&gt;.status_code">E   assert 403 == 200
     +  where 403 = &lt;Response [403]&gt;.status_code</failure></testcase><testcase classname="backend.tests.test_iter15_presence_email.TestPresence" name="test_heartbeat_returns_online" time="0.065" /><testcase classname="backend.tests.test_iter15_presence_email.TestPresence" name="test_status_online_ok" time="0.064" /><testcase classname="backend.tests.test_iter15_presence_email.TestPresence" name="test_status_on_break_ok" time="0.064" /><testcase classname="backend.tests.test_iter15_presence_email.TestPresence" name="test_status_bad_rejected[offline]" time="0.056" /><testcase classname="backend.tests.test_iter15_presence_email.TestPresence" name="test_status_bad_rejected[working]" time="0.058" /><testcase classname="backend.tests.test_iter15_presence_email.TestPresence" name="test_status_bad_rejected[available]" time="0.057" /><testcase classname="backend.tests.test_iter15_presence_email.TestPresence" name="test_status_bad_rejected[OOO]" time="0.067" /><testcase classname="backend.tests.test_iter15_presence_email.TestPresence" name="test_status_bad_rejected[]" time="0.060" /><testcase classname="backend.tests.test_iter15_presence_email.TestPresence" name="test_presence_me_has_allowed_statuses" time="0.396" /><testcase classname="backend.tests.test_iter15_presence_email.TestPresence" name="test_presence_notice_ack_persists" time="0.454" /><testcase classname="backend.tests.test_iter15_presence_email.TestPresence" name="test_admin_presence_list" time="0.117"><failure message="assert 403 == 200&#10; +  where 403 = &lt;Response [403]&gt;.status_code">E   assert 403 == 200
     +  where 403 = &lt;Response [403]&gt;.status_code</failure></testcase><testcase classname="backend.tests.test_iter15_presence_email.TestPresence" name="test_admin_presence_manager_allowed" time="0.060" /><testcase classname="backend.tests.test_iter15_presence_email.TestPresence" name="test_admin_presence_hr_allowed" time="0.053" /><testcase classname="backend.tests.test_iter15_presence_email.TestPresence" name="test_admin_presence_member_403" time="0.052" /><testcase classname="backend.tests.test_iter15_presence_email.TestPresence" name="test_admin_presence_intern_403" time="0.391" /><testcase classname="backend.tests.test_iter15_presence_email.TestPresence" name="test_admin_presence_stats" time="0.057"><failure message="assert 403 == 200&#10; +  where 403 = &lt;Response [403]&gt;.status_code">E   assert 403 == 200
     +  where 403 = &lt;Response [403]&gt;.status_code</failure></testcase><testcase classname="backend.tests.test_iter15_presence_email.TestPresence" name="test_admin_presence_hours_admin_only" time="0.118" /><testcase classname="backend.tests.test_iter15_presence_email.TestEmailCampaigns" name="test_create_draft_with_manual_email" time="0.058"><failure message="AssertionError: {&quot;detail&quot;:&quot;Forbidden&quot;}&#10;assert 403 == 200&#10; +  where 403 = &lt;Response [403]&gt;.status_code">E   AssertionError: {"detail":"Forbidden"}
    assert 403 == 200
     +  where 403 = &lt;Response [403]&gt;.status_code</failure></testcase><testcase classname="backend.tests.test_iter15_presence_email.TestEmailCampaigns" name="test_list_and_get" time="0.055"><failure message="assert 403 == 200&#10; +  where 403 = &lt;Response [403]&gt;.status_code">E   assert 403 == 200
     +  where 403 = &lt;Response [403]&gt;.status_code</failure></testcase><testcase classname="backend.tests.test_iter15_presence_email.TestEmailCampaigns" name="test_no_recipients_400" time="0.066"><failure message="assert 403 == 400&#10; +  where 403 = &lt;Response [403]&gt;.status_code">E   assert 403 == 400
     +  where 403 = &lt;Response [403]&gt;.status_code</failure></testcase><testcase classname="backend.tests.test_iter15_presence_email.TestEmailCampaigns" name="test_include_all_employees" time="0.055"><failure message="assert 403 == 200&#10; +  where 403 = &lt;Response [403]&gt;.status_code">E   assert 403 == 200
     +  where 403 = &lt;Response [403]&gt;.status_code</failure></testcase><testcase classname="backend.tests.test_iter15_presence_email.TestEmailCampaigns" name="test_include_all_clients_no_error" time="0.066"><failure message="assert 403 in (200, 400)&#10; +  where 403 = &lt;Response [403]&gt;.status_code">E   assert 403 in (200, 400)
     +  where 403 = &lt;Response [403]&gt;.status_code</failure></testcase><testcase classname="backend.tests.test_iter15_presence_email.TestEmailCampaigns" name="test_intern_forbidden" time="0.106" /><testcase classname="backend.tests.test_iter15_presence_email.TestEmailCampaigns" name="test_scheduled_future" time="0.055"><failure message="AssertionError: {&quot;detail&quot;:&quot;Forbidden&quot;}&#10;assert 403 == 200&#10; +  where 403 = &lt;Response [403]&gt;.status_code">E   AssertionError: {"detail":"Forbidden"}
    assert 403 == 200
     +  where 403 = &lt;Response [403]&gt;.status_code</failure></testcase><testcase classname="backend.tests.test_iter15_presence_email.TestEmailCampaigns" name="test_scheduled_invalid_400" time="0.055"><failure message="assert 403 == 400&#10; +  where 403 = &lt;Response [403]&gt;.status_code">E   assert 403 == 400
     +  where 403 = &lt;Response [403]&gt;.status_code</failure></testcase><testcase classname="backend.tests.test_iter15_presence_email.TestEmailCampaigns" name="test_send_immediate_no_gmail_marks_failed" time="0.052"><failure message="assert 403 == 200&#10; +  where 403 = &lt;Response [403]&gt;.status_code">E   assert 403 == 200
     +  where 403 = &lt;Response [403]&gt;.status_code</failure></testcase><testcase classname="backend.tests.test_iter15_presence_email.TestEmailCampaigns" name="test_ai_draft_returns_subject_body" time="0.055"><failure message="AssertionError: AI draft failed: 403 {&quot;detail&quot;:&quot;Forbidden&quot;}&#10;assert 403 == 200&#10; +  where 403 = &lt;Response [403]&gt;.status_code">E   AssertionError: AI draft failed: 403 {"detail":"Forbidden"}
    assert 403 == 200
     +  where 403 = &lt;Response [403]&gt;.status_code</failure></testcase><testcase classname="backend.tests.test_iter15_presence_email.TestEmailCampaigns" name="test_delete_campaigns_cleanup" time="0.005" /></testsuite></testsuites>