<?xml version="1.0" encoding="utf-8"?><testsuites name="pytest tests"><testsuite name="pytest" errors="0" failures="0" skipped="0" tests="102" time="26.286" timestamp="2026-05-23T17:21:02.478554+00:00" hostname="agent-env-9918e38f-1f69-4fda-a603-62d6ea07706d"><testcase classname="backend.tests.test_phase_a_rbac.TestAuthRole" name="test_super_admin_login_role" time="0.368" /><testcase classname="backend.tests.test_phase_a_rbac.TestPermissionsMatrix" name="test_permissions_super_admin" time="0.383" /><testcase classname="backend.tests.test_phase_a_rbac.TestPermissionsMatrix" name="test_matrix_get" time="0.058" /><testcase classname="backend.tests.test_phase_a_rbac.TestPermissionsMatrix" name="test_matrix_get_forbidden_non_super" time="0.406" /><testcase classname="backend.tests.test_phase_a_rbac.TestPermissionsMatrix" name="test_matrix_put_and_persist" time="0.532" /><testcase classname="backend.tests.test_phase_a_rbac.TestPermissionsMatrix" name="test_matrix_reset" time="0.099" /><testcase classname="backend.tests.test_phase_a_rbac.TestAdminsCRUD" name="test_list_admins" time="0.337" /><testcase classname="backend.tests.test_phase_a_rbac.TestAdminsCRUD" name="test_duplicate_email_400" time="0.048" /><testcase classname="backend.tests.test_phase_a_rbac.TestAdminsCRUD" name="test_patch_admin_name_role" time="0.054" /><testcase classname="backend.tests.test_phase_a_rbac.TestAdminsCRUD" name="test_set_primary_super_admin_demotes_existing" time="0.246" /><testcase classname="backend.tests.test_phase_a_rbac.TestAdminsCRUD" name="test_cannot_delete_primary_super_admin" time="0.097" /><testcase classname="backend.tests.test_phase_a_rbac.TestAdminsCRUD" name="test_delete_admin" time="0.158" /><testcase classname="backend.tests.test_phase_a_rbac.TestMeProfile" name="test_get_me" time="0.050" /><testcase classname="backend.tests.test_phase_a_rbac.TestMeProfile" name="test_patch_me" time="0.104" /><testcase classname="backend.tests.test_phase_a_rbac.TestRegressionSuperAdminAccepted" name="test_reset_password_super_admin" time="0.101" /><testcase classname="backend.tests.test_phase_a_rbac.TestRegressionSuperAdminAccepted" name="test_notification_settings_patch_super_admin" time="0.093" /><testcase classname="backend.tests.test_phase_bcd.TestPhaseB_Project" name="test_full_visibility" time="0.427" /><testcase classname="backend.tests.test_phase_bcd.TestPhaseB_Project" name="test_full_403_for_non_member" time="0.381" /><testcase classname="backend.tests.test_phase_bcd.TestPhaseB_Project" name="test_start_and_idempotent" time="0.133" /><testcase classname="backend.tests.test_phase_bcd.TestPhaseB_Project" name="test_progress_with_percent" time="0.116" /><testcase classname="backend.tests.test_phase_bcd.TestPhaseB_Project" name="test_progress_validation" time="0.048" /><testcase classname="backend.tests.test_phase_bcd.TestPhaseB_Project" name="test_project_timeline_contains_events" time="0.046" /><testcase classname="backend.tests.test_phase_bcd.TestPhaseB_Task" name="test_task_start_and_idempotent" time="0.162" /><testcase classname="backend.tests.test_phase_bcd.TestPhaseB_Task" name="test_task_progress_and_timeline" time="0.096" /><testcase classname="backend.tests.test_phase_bcd.TestPhaseC" name="test_list_returns_flat" time="0.051" /><testcase classname="backend.tests.test_phase_bcd.TestPhaseC" name="test_list_filter_pending" time="0.048" /><testcase classname="backend.tests.test_phase_bcd.TestPhaseC" name="test_list_forbidden_for_member" time="0.370" /><testcase classname="backend.tests.test_phase_bcd.TestPhaseC" name="test_get_one_returns_content" time="0.099" /><testcase classname="backend.tests.test_phase_bcd.TestPhaseC" name="test_decision_and_comment_flow" time="0.538" /><testcase classname="backend.tests.test_phase_bcd.TestPhaseD_Regulations" name="test_list_open_to_all_roles" time="0.114" /><testcase classname="backend.tests.test_phase_bcd.TestPhaseD_Regulations" name="test_crud" time="0.252" /><testcase classname="backend.tests.test_phase_bcd.TestPhaseD_PayslipConfig" name="test_get_defaults" time="0.049" /><testcase classname="backend.tests.test_phase_bcd.TestPhaseD_PayslipConfig" name="test_put_fields_and_schedule" time="0.145" /><testcase classname="backend.tests.test_phase_bcd.TestPhaseD_Payslips" name="test_generate_and_list_and_pdf" time="0.221" /><testcase classname="backend.tests.test_phase_bcd.TestPhaseD_Payslips" name="test_generate_requires_salary" time="0.050" /><testcase classname="backend.tests.test_phase_bcd.TestPhaseD_SignDocs" name="test_create_sign_duplicate" time="0.252" /><testcase classname="backend.tests.test_phase_bcd.TestPhaseD_Audit" name="test_audit_year" time="0.055" /><testcase classname="backend.tests.test_phase_bcd.TestPhaseD_Expenses" name="test_create_and_list_and_summary" time="0.148" /><testcase classname="backend.tests.test_phase_bcd.TestPhaseD_Expenses" name="test_delete" time="0.046" /><testcase classname="backend.tests.test_phase_bcd.TestRegression" name="test_auth_me_super_admin" time="0.046" /><testcase classname="backend.tests.test_phase_bcd.TestRegression" name="test_projects" time="0.051" /><testcase classname="backend.tests.test_phase_bcd.TestRegression" name="test_tasks" time="0.046" /><testcase classname="backend.tests.test_phase_bcd.TestRegression" name="test_team" time="0.055" /><testcase classname="backend.tests.test_phase_bcd.TestRegression" name="test_rbac_permissions" time="0.051" /><testcase classname="backend.tests.test_phase_bcd.TestRegression" name="test_rbac_matrix" time="0.050" /><testcase classname="backend.tests.test_phase_ef.TestPhaseEAuth" name="test_forgot_password_existing_user_returns_200" time="0.140" /><testcase classname="backend.tests.test_phase_ef.TestPhaseEAuth" name="test_forgot_password_unknown_email_still_200" time="0.139" /><testcase classname="backend.tests.test_phase_ef.TestPhaseEAuth" name="test_reset_password_invalid_token_400" time="0.127" /><testcase classname="backend.tests.test_phase_ef.TestPhaseEAuth" name="test_change_password_wrong_current_400" time="0.662" /><testcase classname="backend.tests.test_phase_ef.TestPhaseEAuth" name="test_change_password_correct_then_restore" time="1.784" /><testcase classname="backend.tests.test_phase_ef.TestPhaseEAuth" name="test_forgot_then_reset_full_flow" time="1.805" /><testcase classname="backend.tests.test_phase_ef.TestPhaseEAuth" name="test_expired_token_returns_400" time="0.112" /><testcase classname="backend.tests.test_phase_ef.TestPhaseEProfile" name="test_full_profile_super_admin_has_no_intern" time="0.471" /><testcase classname="backend.tests.test_phase_ef.TestPhaseEProfile" name="test_avatar_update_small_png" time="0.111" /><testcase classname="backend.tests.test_phase_ef.TestPhaseERbacAdminRoles" name="test_create_user_each_role[manager]" time="0.441" /><testcase classname="backend.tests.test_phase_ef.TestPhaseERbacAdminRoles" name="test_create_user_each_role[hr]" time="0.452" /><testcase classname="backend.tests.test_phase_ef.TestPhaseERbacAdminRoles" name="test_create_user_each_role[team_member]" time="0.496" /><testcase classname="backend.tests.test_phase_ef.TestPhaseERbacAdminRoles" name="test_create_user_each_role[admin]" time="0.459" /><testcase classname="backend.tests.test_phase_ef.TestPhaseFNotifPermissions" name="test_events_list_18_known" time="0.103" /><testcase classname="backend.tests.test_phase_ef.TestPhaseFNotifPermissions" name="test_events_non_super_403" time="0.449" /><testcase classname="backend.tests.test_phase_ef.TestPhaseFNotifPermissions" name="test_get_perms_returns_rules_users_events" time="0.110" /><testcase classname="backend.tests.test_phase_ef.TestPhaseFNotifPermissions" name="test_get_perms_non_super_403" time="0.456" /><testcase classname="backend.tests.test_phase_ef.TestPhaseFNotifPermissions" name="test_put_perms_persists" time="0.220" /><testcase classname="backend.tests.test_phase_ef.TestPhaseFNotifPermissions" name="test_put_perms_non_super_403" time="0.104" /><testcase classname="backend.tests.test_phase_ef.TestPhaseFNotifPermissions" name="test_get_extra_recipients_includes_super_admin" time="0.185" /><testcase classname="backend.tests.test_phase_ef.TestQuickWinHtmlEscape" name="test_lifecycle_progress_with_script_tag" time="0.355" /><testcase classname="backend.tests.test_phase_ef.TestQuickWinDocVerification" name="test_doc_verification_list_works_even_with_malformed_submitted_at" time="0.109" /><testcase classname="backend.tests.test_phase_ef.TestQuickWinDocVerification" name="test_doc_verification_decision_with_html_comment" time="0.115" /><testcase classname="backend.tests.test_phase_ef.TestQuickWinPayslipsIndex" name="test_unique_index_on_slip_no" time="0.003" /><testcase classname="backend.tests.test_phase_ef.TestQuickWinSchedulerIdempotent" name="test_bulk_generate_per_employee_idempotent" time="0.012" /><testcase classname="backend.tests.test_phase_gh.TestAIConfig" name="test_get_ai_config_super" time="0.435" /><testcase classname="backend.tests.test_phase_gh.TestAIConfig" name="test_get_ai_config_forbidden_for_member" time="0.441" /><testcase classname="backend.tests.test_phase_gh.TestAIConfig" name="test_put_ai_config_persists_and_delete_clears" time="0.481" /><testcase classname="backend.tests.test_phase_gh.TestAIConfig" name="test_put_ai_config_forbidden_for_manager" time="0.431" /><testcase classname="backend.tests.test_phase_gh.TestAIConfig" name="test_ai_test_endpoint" time="1.769" /><testcase classname="backend.tests.test_phase_gh.TestDocStream" name="test_stream_doc_intern_self" time="0.699" /><testcase classname="backend.tests.test_phase_gh.TestDocStream" name="test_stream_doc_forbidden" time="0.621" /><testcase classname="backend.tests.test_phase_gh.TestDocStream" name="test_stream_doc_404" time="0.126" /><testcase classname="backend.tests.test_phase_gh.TestTaskFull" name="test_task_full_priv" time="0.224" /><testcase classname="backend.tests.test_phase_gh.TestTaskFull" name="test_task_full_forbidden_for_member" time="0.112" /><testcase classname="backend.tests.test_phase_gh.TestTaskFull" name="test_task_full_404" time="0.109" /><testcase classname="backend.tests.test_phase_gh.TestAdminUsers" name="test_list_users_super" time="0.106" /><testcase classname="backend.tests.test_phase_gh.TestAdminUsers" name="test_list_users_forbidden_for_hr" time="0.450" /><testcase classname="backend.tests.test_phase_gh.TestAdminUsers" name="test_patch_profile" time="0.218" /><testcase classname="backend.tests.test_phase_gh.TestAdminUsers" name="test_patch_cannot_demote_primary_super_admin" time="0.228" /><testcase classname="backend.tests.test_phase_gh.TestAdminUsers" name="test_patch_invalid_role" time="0.201" /><testcase classname="backend.tests.test_phase_gh.TestAdminUsers" name="test_post_avatar" time="0.212" /><testcase classname="backend.tests.test_phase_gh.TestAdminUsers" name="test_post_avatar_forbidden" time="0.220" /><testcase classname="backend.tests.test_phase_gh.TestConnections" name="test_my_connections" time="0.102" /><testcase classname="backend.tests.test_phase_gh.TestConnections" name="test_org_chart_super" time="0.105" /><testcase classname="backend.tests.test_phase_gh.TestConnections" name="test_org_chart_forbidden_for_member" time="0.117" /><testcase classname="backend.tests.test_phase_gh.TestBooking" name="test_create_and_list" time="0.210" /><testcase classname="backend.tests.test_phase_gh.TestBooking" name="test_patch_page" time="0.107" /><testcase classname="backend.tests.test_phase_gh.TestBooking" name="test_public_page" time="0.109" /><testcase classname="backend.tests.test_phase_gh.TestBooking" name="test_public_page_404" time="0.109" /><testcase classname="backend.tests.test_phase_gh.TestBooking" name="test_public_slots" time="0.113" /><testcase classname="backend.tests.test_phase_gh.TestBooking" name="test_public_book_and_conflict" time="0.450" /><testcase classname="backend.tests.test_phase_gh.TestBooking" name="test_my_bookings" time="0.134" /><testcase classname="backend.tests.test_phase_gh.TestBooking" name="test_upcoming" time="0.452" /><testcase classname="backend.tests.test_phase_gh.TestBooking" name="test_create_page_forbidden_for_member" time="0.118" /><testcase classname="backend.tests.test_phase_gh.TestBooking" name="test_weekend_no_slots" time="0.246" /><testcase classname="backend.tests.test_phase_gh" name="test_gmail_scopes_contains_calendar" time="0.008" /></testsuite></testsuites>