<?xml version="1.0" encoding="utf-8"?><testsuites name="pytest tests"><testsuite name="pytest" errors="0" failures="0" skipped="0" tests="9" time="14.834" timestamp="2026-05-23T18:34:07.051892+00:00" hostname="agent-env-9918e38f-1f69-4fda-a603-62d6ea07706d"><testcase classname="backend.tests.test_xino_ai.TestCompanyProfile" name="test_pdf_endpoint" time="0.028" /><testcase classname="backend.tests.test_xino_ai.TestCompanyProfile" name="test_info_endpoint" time="0.003" /><testcase classname="backend.tests.test_xino_ai.TestEstimate" name="test_invalid_short_requirements" time="0.002" /><testcase classname="backend.tests.test_xino_ai.TestEstimate" name="test_invalid_email" time="0.002" /><testcase classname="backend.tests.test_xino_ai.TestEstimate" name="test_invalid_app_type" time="0.002" /><testcase classname="backend.tests.test_xino_ai.TestEstimate" name="test_valid_estimate_returns_result" time="13.448" /><testcase classname="backend.tests.test_xino_ai.TestLeadAutoCreate" name="test_lead_created_for_estimate" time="1.232" /><testcase classname="backend.tests.test_xino_ai.TestAdminEndpoints" name="test_estimates_list_requires_auth" time="0.002" /><testcase classname="backend.tests.test_xino_ai.TestAdminEndpoints" name="test_estimates_list_as_admin" time="0.044" /></testsuite></testsuites>